2019-12-30 19:32:58,888 logger INFO: Training logger setup finished
2019-12-30 19:32:58,888 logger INFO: Namespace(config_file='configs/train_256_with_ce_full_triplet_10_no_fancy.yml', opts=[])
2019-12-30 19:32:58,888 logger INFO: Merged settings from file configs/train_256_with_ce_full_triplet_10_no_fancy.yml
2019-12-30 19:32:58,889 logger INFO: 
PATH:
  EXPERIMENT_DIR: train_256_with_ce_full_10_no_fancy_fc1
MODEL:
  BNNECK: True
  DEVICE_ID: "'6'"
TRAIN:
  USE_SCHEDULER: False
  CACHE: False
SOLVER:
  OPTIMIZER_MANNER: whole-model
2019-12-30 19:32:58,889 logger INFO: Running with config:
DATASET:
  BOUNDARY: 73
  DATASET_DIR: /home1/gmf/dzc/GaitDatasetB-silh-processed
  NUM_WORKERS: 8
  RESOLUTION: 64
  SHUFFLE: False
LOGGER:
  FORMAT: %(asctime)s %(name)s %(levelname)s: %(message)s
  LEVEL: DEBUG
  NAME: logger
  WRITE_TO_FILE: True
MODEL:
  ACTIVATION: leaky_relu
  BNNECK: True
  CE_DIVIDED: 10
  DEVICE: cuda
  DEVICE_ID: 6
  NAME: SetNet
  NUM_FEATURES: 256
PATH:
  CHECKPOINT_DIR: checkpoints
  EXPERIMENT_DIR: train_256_with_ce_full_10_no_fancy_fc1
  LOG_STORE_DIR: logs
  OUTPUT_DIR: /home1/dzc/experiments/gait_recognition
  SPLIT_RECORD_DIR: partition
SOLVER:
  BASE_LR: 0.0001
  BIAS_LR_FACTOR: 2
  MILESTONES: [40000, 70000, 100000]
  MOMENTUM: 0.9
  OPTIMIZER_MANNER: whole-model
  OPTIMIZER_NAME: Adam
  WARMUP_ITERS: 1000
  WEIGHT_DECAY: 0.0005
  WEIGHT_DECAY_BIAS: 0.0
TEST:
  BATCH_SIZE: 16
  CACHE: False
  NUM_RANKS: 5
  TEST_ITER: 1000
TRAIN:
  BATCH_SIZE: (8, 16)
  CACHE: False
  DISPLAY_INFO_STEP: 2500
  FRAME_NUM: 30
  MAX_ITERS: 130000
  RECORD_STEP: 5000
  RESTORE_FROM_ITER: 0
  USE_SCHEDULER: False
TRIPLET_LOSS:
  MARGIN: 0.2
  TYPE: full
2019-12-30 19:33:06,292 logger INFO: Training starts.
2019-12-30 19:33:09,785 logger INFO: No structure file detected, serialize structure of model and optimizer into /home1/dzc/experiments/gait_recognition/train_256_with_ce_full_10_no_fancy_fc1/checkpoints/structure.pt
2019-12-30 19:33:09,811 logger INFO: Entering training loop now.
2019-12-30 19:53:34,257 logger INFO: Iteration 2500
2019-12-30 19:53:34,260 logger INFO: Hard triplet loss value is 0.68016
2019-12-30 19:53:34,263 logger INFO: Full triplet loss value is 0.22217
2019-12-30 19:53:34,264 logger INFO: Number of positive full loss entries is 65386.78516
2019-12-30 19:53:34,264 logger INFO: Mean dist is 1.87370
2019-12-30 19:53:34,265 logger INFO: Current learning rate is 0.00010
2019-12-30 19:53:34,266 logger INFO: Current triplet loss type is full
2019-12-30 19:53:34,569 logger INFO: Current full triplet loss value is 0.21192
2019-12-30 19:53:34,569 logger INFO: Current cross-entropy loss is 2.37413
2019-12-30 19:53:34,583 logger INFO: Estimated time of finish is 14 hours 26 mins 2 secs.
2019-12-30 20:13:11,074 logger INFO: saving weight file of iteration 5000 into /home1/dzc/experiments/gait_recognition/train_256_with_ce_full_10_no_fancy_fc1/checkpoints/SetNet_5000.pt
2019-12-30 20:13:11,407 logger INFO: Iteration 5000
2019-12-30 20:13:11,408 logger INFO: Hard triplet loss value is 0.57289
2019-12-30 20:13:11,408 logger INFO: Full triplet loss value is 0.20443
2019-12-30 20:13:11,409 logger INFO: Number of positive full loss entries is 29900.78320
2019-12-30 20:13:11,409 logger INFO: Mean dist is 2.30298
2019-12-30 20:13:11,409 logger INFO: Current learning rate is 0.00010
2019-12-30 20:13:11,410 logger INFO: Current triplet loss type is full
2019-12-30 20:13:11,410 logger INFO: Current full triplet loss value is 0.19406
2019-12-30 20:13:11,410 logger INFO: Current cross-entropy loss is 1.51674
2019-12-30 20:13:11,419 logger INFO: Estimated time of finish is 14 hours 41 mins 56 secs.
2019-12-30 20:31:57,768 logger INFO: Iteration 7500
2019-12-30 20:31:57,770 logger INFO: Hard triplet loss value is 0.52490
2019-12-30 20:31:57,771 logger INFO: Full triplet loss value is 0.20219
2019-12-30 20:31:57,772 logger INFO: Number of positive full loss entries is 20945.01172
2019-12-30 20:31:57,772 logger INFO: Mean dist is 2.56592
2019-12-30 20:31:57,773 logger INFO: Current learning rate is 0.00010
2019-12-30 20:31:57,773 logger INFO: Current triplet loss type is full
2019-12-30 20:31:58,080 logger INFO: Current full triplet loss value is 0.20401
2019-12-30 20:31:58,081 logger INFO: Current cross-entropy loss is 1.50431
2019-12-30 20:31:58,093 logger INFO: Estimated time of finish is 14 hours 26 mins 30 secs.
2019-12-30 20:50:42,913 logger INFO: saving weight file of iteration 10000 into /home1/dzc/experiments/gait_recognition/train_256_with_ce_full_10_no_fancy_fc1/checkpoints/SetNet_10000.pt
2019-12-30 20:50:43,246 logger INFO: Iteration 10000
2019-12-30 20:50:43,248 logger INFO: Hard triplet loss value is 0.48761
2019-12-30 20:50:43,249 logger INFO: Full triplet loss value is 0.20124
2019-12-30 20:50:43,249 logger INFO: Number of positive full loss entries is 16364.31348
2019-12-30 20:50:43,250 logger INFO: Mean dist is 2.75492
2019-12-30 20:50:43,250 logger INFO: Current learning rate is 0.00010
2019-12-30 20:50:43,250 logger INFO: Current triplet loss type is full
2019-12-30 20:50:43,250 logger INFO: Current full triplet loss value is 0.20335
2019-12-30 20:50:43,251 logger INFO: Current cross-entropy loss is 1.32827
2019-12-30 20:50:43,262 logger INFO: Estimated time of finish is 14 hours 1 mins 4 secs.
2019-12-30 21:09:27,790 logger INFO: Iteration 12500
2019-12-30 21:09:27,791 logger INFO: Hard triplet loss value is 0.46095
2019-12-30 21:09:27,792 logger INFO: Full triplet loss value is 0.20090
2019-12-30 21:09:27,792 logger INFO: Number of positive full loss entries is 13726.78125
2019-12-30 21:09:27,793 logger INFO: Mean dist is 2.89219
2019-12-30 21:09:27,793 logger INFO: Current learning rate is 0.00010
2019-12-30 21:09:27,793 logger INFO: Current triplet loss type is full
2019-12-30 21:09:28,104 logger INFO: Current full triplet loss value is 0.19465
2019-12-30 21:09:28,105 logger INFO: Current cross-entropy loss is 1.29201
2019-12-30 21:09:28,120 logger INFO: Estimated time of finish is 13 hours 48 mins 20 secs.
2019-12-30 21:28:17,965 logger INFO: saving weight file of iteration 15000 into /home1/dzc/experiments/gait_recognition/train_256_with_ce_full_10_no_fancy_fc1/checkpoints/SetNet_15000.pt
2019-12-30 21:28:18,298 logger INFO: Iteration 15000
2019-12-30 21:28:18,300 logger INFO: Hard triplet loss value is 0.43676
2019-12-30 21:28:18,300 logger INFO: Full triplet loss value is 0.20076
2019-12-30 21:28:18,301 logger INFO: Number of positive full loss entries is 11676.50391
2019-12-30 21:28:18,301 logger INFO: Mean dist is 3.01638
2019-12-30 21:28:18,301 logger INFO: Current learning rate is 0.00010
2019-12-30 21:28:18,301 logger INFO: Current triplet loss type is full
2019-12-30 21:28:18,302 logger INFO: Current full triplet loss value is 0.19840
2019-12-30 21:28:18,302 logger INFO: Current cross-entropy loss is 1.24017
2019-12-30 21:28:18,311 logger INFO: Estimated time of finish is 13 hours 52 mins 11 secs.
2019-12-30 21:47:57,850 logger INFO: Iteration 17500
2019-12-30 21:47:57,852 logger INFO: Hard triplet loss value is 0.41923
2019-12-30 21:47:57,852 logger INFO: Full triplet loss value is 0.20090
2019-12-30 21:47:57,853 logger INFO: Number of positive full loss entries is 10421.39648
2019-12-30 21:47:57,854 logger INFO: Mean dist is 3.11538
2019-12-30 21:47:57,854 logger INFO: Current learning rate is 0.00010
2019-12-30 21:47:57,854 logger INFO: Current triplet loss type is full
2019-12-30 21:47:58,159 logger INFO: Current full triplet loss value is 0.19443
2019-12-30 21:47:58,159 logger INFO: Current cross-entropy loss is 1.23282
2019-12-30 21:47:58,170 logger INFO: Estimated time of finish is 13 hours 54 mins 51 secs.
2019-12-30 22:12:17,293 logger INFO: saving weight file of iteration 20000 into /home1/dzc/experiments/gait_recognition/train_256_with_ce_full_10_no_fancy_fc1/checkpoints/SetNet_20000.pt
2019-12-30 22:12:17,624 logger INFO: Iteration 20000
2019-12-30 22:12:17,625 logger INFO: Hard triplet loss value is 0.40269
2019-12-30 22:12:17,625 logger INFO: Full triplet loss value is 0.20079
2019-12-30 22:12:17,626 logger INFO: Number of positive full loss entries is 9366.94922
2019-12-30 22:12:17,626 logger INFO: Mean dist is 3.20060
2019-12-30 22:12:17,626 logger INFO: Current learning rate is 0.00010
2019-12-30 22:12:17,627 logger INFO: Current triplet loss type is full
2019-12-30 22:12:17,627 logger INFO: Current full triplet loss value is 0.20015
2019-12-30 22:12:17,627 logger INFO: Current cross-entropy loss is 1.17549
2019-12-30 22:12:17,636 logger INFO: Estimated time of finish is 15 hours 7 mins 5 secs.
2019-12-30 22:33:08,744 logger INFO: Iteration 22500
2019-12-30 22:33:08,746 logger INFO: Hard triplet loss value is 0.39071
2019-12-30 22:33:08,747 logger INFO: Full triplet loss value is 0.20118
2019-12-30 22:33:08,748 logger INFO: Number of positive full loss entries is 8606.58105
2019-12-30 22:33:08,748 logger INFO: Mean dist is 3.28411
2019-12-30 22:33:08,748 logger INFO: Current learning rate is 0.00010
2019-12-30 22:33:08,749 logger INFO: Current triplet loss type is full
2019-12-30 22:33:09,055 logger INFO: Current full triplet loss value is 0.19659
2019-12-30 22:33:09,056 logger INFO: Current cross-entropy loss is 1.16668
2019-12-30 22:33:09,066 logger INFO: Estimated time of finish is 13 hours 30 mins 21 secs.
2019-12-30 22:53:04,415 logger INFO: saving weight file of iteration 25000 into /home1/dzc/experiments/gait_recognition/train_256_with_ce_full_10_no_fancy_fc1/checkpoints/SetNet_25000.pt
2019-12-30 22:53:04,743 logger INFO: Iteration 25000
2019-12-30 22:53:04,745 logger INFO: Hard triplet loss value is 0.37798
2019-12-30 22:53:04,745 logger INFO: Full triplet loss value is 0.20105
2019-12-30 22:53:04,746 logger INFO: Number of positive full loss entries is 7925.16943
2019-12-30 22:53:04,746 logger INFO: Mean dist is 3.35632
2019-12-30 22:53:04,746 logger INFO: Current learning rate is 0.00010
2019-12-30 22:53:04,747 logger INFO: Current triplet loss type is full
2019-12-30 22:53:04,747 logger INFO: Current full triplet loss value is 0.21221
2019-12-30 22:53:04,747 logger INFO: Current cross-entropy loss is 1.18514
2019-12-30 22:53:04,756 logger INFO: Estimated time of finish is 13 hours 12 mins 19 secs.
2019-12-30 23:14:46,852 logger INFO: Iteration 27500
2019-12-30 23:14:46,854 logger INFO: Hard triplet loss value is 0.36835
2019-12-30 23:14:46,854 logger INFO: Full triplet loss value is 0.20115
2019-12-30 23:14:46,855 logger INFO: Number of positive full loss entries is 7411.58887
2019-12-30 23:14:46,856 logger INFO: Mean dist is 3.42320
2019-12-30 23:14:46,856 logger INFO: Current learning rate is 0.00010
2019-12-30 23:14:46,856 logger INFO: Current triplet loss type is full
2019-12-30 23:14:47,161 logger INFO: Current full triplet loss value is 0.21136
2019-12-30 23:14:47,161 logger INFO: Current cross-entropy loss is 1.11971
2019-12-30 23:14:47,171 logger INFO: Estimated time of finish is 12 hours 43 mins 1 secs.
2019-12-30 23:35:49,714 logger INFO: saving weight file of iteration 30000 into /home1/dzc/experiments/gait_recognition/train_256_with_ce_full_10_no_fancy_fc1/checkpoints/SetNet_30000.pt
2019-12-30 23:35:50,046 logger INFO: Iteration 30000
2019-12-30 23:35:50,048 logger INFO: Hard triplet loss value is 0.35757
2019-12-30 23:35:50,049 logger INFO: Full triplet loss value is 0.20108
2019-12-30 23:35:50,050 logger INFO: Number of positive full loss entries is 6942.26904
2019-12-30 23:35:50,050 logger INFO: Mean dist is 3.48527
2019-12-30 23:35:50,050 logger INFO: Current learning rate is 0.00010
2019-12-30 23:35:50,050 logger INFO: Current triplet loss type is full
2019-12-30 23:35:50,051 logger INFO: Current full triplet loss value is 0.20117
2019-12-30 23:35:50,051 logger INFO: Current cross-entropy loss is 1.11319
2019-12-30 23:35:50,060 logger INFO: Estimated time of finish is 12 hours 59 mins 29 secs.
2019-12-30 23:56:36,959 logger INFO: Iteration 32500
2019-12-30 23:56:36,961 logger INFO: Hard triplet loss value is 0.35043
2019-12-30 23:56:36,962 logger INFO: Full triplet loss value is 0.20126
2019-12-30 23:56:36,962 logger INFO: Number of positive full loss entries is 6572.42383
2019-12-30 23:56:36,963 logger INFO: Mean dist is 3.53328
2019-12-30 23:56:36,963 logger INFO: Current learning rate is 0.00010
2019-12-30 23:56:36,963 logger INFO: Current triplet loss type is full
2019-12-30 23:56:37,269 logger INFO: Current full triplet loss value is 0.21548
2019-12-30 23:56:37,270 logger INFO: Current cross-entropy loss is 1.16344
2019-12-30 23:56:37,285 logger INFO: Estimated time of finish is 12 hours 3 mins 32 secs.
2019-12-31 00:17:52,270 logger INFO: saving weight file of iteration 35000 into /home1/dzc/experiments/gait_recognition/train_256_with_ce_full_10_no_fancy_fc1/checkpoints/SetNet_35000.pt
2019-12-31 00:17:52,601 logger INFO: Iteration 35000
2019-12-31 00:17:52,603 logger INFO: Hard triplet loss value is 0.34178
2019-12-31 00:17:52,603 logger INFO: Full triplet loss value is 0.20116
2019-12-31 00:17:52,604 logger INFO: Number of positive full loss entries is 6179.18164
2019-12-31 00:17:52,605 logger INFO: Mean dist is 3.59121
2019-12-31 00:17:52,605 logger INFO: Current learning rate is 0.00010
2019-12-31 00:17:52,605 logger INFO: Current triplet loss type is full
2019-12-31 00:17:52,605 logger INFO: Current full triplet loss value is 0.20920
2019-12-31 00:17:52,605 logger INFO: Current cross-entropy loss is 1.13508
2019-12-31 00:17:52,618 logger INFO: Estimated time of finish is 12 hours 5 mins 12 secs.
2019-12-31 00:39:20,558 logger INFO: Iteration 37500
2019-12-31 00:39:20,560 logger INFO: Hard triplet loss value is 0.33450
2019-12-31 00:39:20,560 logger INFO: Full triplet loss value is 0.20092
2019-12-31 00:39:20,561 logger INFO: Number of positive full loss entries is 5888.71191
2019-12-31 00:39:20,562 logger INFO: Mean dist is 3.63985
2019-12-31 00:39:20,562 logger INFO: Current learning rate is 0.00010
2019-12-31 00:39:20,562 logger INFO: Current triplet loss type is full
2019-12-31 00:39:20,856 logger INFO: Current full triplet loss value is 0.18666
2019-12-31 00:39:20,856 logger INFO: Current cross-entropy loss is 1.11299
2019-12-31 00:39:20,866 logger INFO: Estimated time of finish is 4 hours 48 mins 54 secs.
2019-12-31 01:00:42,418 logger INFO: saving weight file of iteration 40000 into /home1/dzc/experiments/gait_recognition/train_256_with_ce_full_10_no_fancy_fc1/checkpoints/SetNet_40000.pt
2019-12-31 01:00:42,750 logger INFO: Iteration 40000
2019-12-31 01:00:42,751 logger INFO: Hard triplet loss value is 0.32934
2019-12-31 01:00:42,752 logger INFO: Full triplet loss value is 0.20097
2019-12-31 01:00:42,752 logger INFO: Number of positive full loss entries is 5700.39062
2019-12-31 01:00:42,753 logger INFO: Mean dist is 3.68137
2019-12-31 01:00:42,753 logger INFO: Current learning rate is 0.00010
2019-12-31 01:00:42,753 logger INFO: Current triplet loss type is full
2019-12-31 01:00:42,753 logger INFO: Current full triplet loss value is 0.21725
2019-12-31 01:00:42,753 logger INFO: Current cross-entropy loss is 1.07752
2019-12-31 01:00:42,763 logger INFO: Estimated time of finish is 10 hours 52 mins 59 secs.
2019-12-31 01:21:46,536 logger INFO: Iteration 42500
2019-12-31 01:21:46,538 logger INFO: Hard triplet loss value is 0.32251
2019-12-31 01:21:46,539 logger INFO: Full triplet loss value is 0.20085
2019-12-31 01:21:46,540 logger INFO: Number of positive full loss entries is 5442.00977
2019-12-31 01:21:46,540 logger INFO: Mean dist is 3.72170
2019-12-31 01:21:46,541 logger INFO: Current learning rate is 0.00010
2019-12-31 01:21:46,541 logger INFO: Current triplet loss type is full
2019-12-31 01:21:46,845 logger INFO: Current full triplet loss value is 0.22478
2019-12-31 01:21:46,846 logger INFO: Current cross-entropy loss is 1.08176
2019-12-31 01:21:46,859 logger INFO: Estimated time of finish is 3 hours 17 mins 23 secs.
2019-12-31 01:42:59,967 logger INFO: saving weight file of iteration 45000 into /home1/dzc/experiments/gait_recognition/train_256_with_ce_full_10_no_fancy_fc1/checkpoints/SetNet_45000.pt
2019-12-31 01:43:00,297 logger INFO: Iteration 45000
2019-12-31 01:43:00,298 logger INFO: Hard triplet loss value is 0.31608
2019-12-31 01:43:00,299 logger INFO: Full triplet loss value is 0.20090
2019-12-31 01:43:00,299 logger INFO: Number of positive full loss entries is 5172.07520
2019-12-31 01:43:00,300 logger INFO: Mean dist is 3.77469
2019-12-31 01:43:00,300 logger INFO: Current learning rate is 0.00010
2019-12-31 01:43:00,300 logger INFO: Current triplet loss type is full
2019-12-31 01:43:00,300 logger INFO: Current full triplet loss value is 0.20310
2019-12-31 01:43:00,300 logger INFO: Current cross-entropy loss is 1.07691
2019-12-31 01:43:00,310 logger INFO: Estimated time of finish is 10 hours 3 mins 37 secs.
2019-12-31 02:04:31,355 logger INFO: Iteration 47500
2019-12-31 02:04:31,357 logger INFO: Hard triplet loss value is 0.31333
2019-12-31 02:04:31,358 logger INFO: Full triplet loss value is 0.20077
2019-12-31 02:04:31,358 logger INFO: Number of positive full loss entries is 5087.55176
2019-12-31 02:04:31,359 logger INFO: Mean dist is 3.79460
2019-12-31 02:04:31,359 logger INFO: Current learning rate is 0.00010
2019-12-31 02:04:31,359 logger INFO: Current triplet loss type is full
2019-12-31 02:04:31,666 logger INFO: Current full triplet loss value is 0.20950
2019-12-31 02:04:31,666 logger INFO: Current cross-entropy loss is 1.12137
2019-12-31 02:04:31,676 logger INFO: Estimated time of finish is 3 hours 28 mins 53 secs.
2019-12-31 02:26:03,385 logger INFO: saving weight file of iteration 50000 into /home1/dzc/experiments/gait_recognition/train_256_with_ce_full_10_no_fancy_fc1/checkpoints/SetNet_50000.pt
2019-12-31 02:26:03,723 logger INFO: Iteration 50000
2019-12-31 02:26:03,726 logger INFO: Hard triplet loss value is 0.30572
2019-12-31 02:26:03,727 logger INFO: Full triplet loss value is 0.20024
2019-12-31 02:26:03,728 logger INFO: Number of positive full loss entries is 4844.25342
2019-12-31 02:26:03,728 logger INFO: Mean dist is 3.84472
2019-12-31 02:26:03,728 logger INFO: Current learning rate is 0.00010
2019-12-31 02:26:03,729 logger INFO: Current triplet loss type is full
2019-12-31 02:26:03,729 logger INFO: Current full triplet loss value is 0.20354
2019-12-31 02:26:03,729 logger INFO: Current cross-entropy loss is 1.12724
2019-12-31 02:26:03,741 logger INFO: Estimated time of finish is 9 hours 54 mins 33 secs.
2019-12-31 02:47:26,404 logger INFO: Iteration 52500
2019-12-31 02:47:26,406 logger INFO: Hard triplet loss value is 0.30329
2019-12-31 02:47:26,407 logger INFO: Full triplet loss value is 0.20048
2019-12-31 02:47:26,408 logger INFO: Number of positive full loss entries is 4757.24414
2019-12-31 02:47:26,408 logger INFO: Mean dist is 3.86622
2019-12-31 02:47:26,408 logger INFO: Current learning rate is 0.00010
2019-12-31 02:47:26,409 logger INFO: Current triplet loss type is full
2019-12-31 02:47:26,715 logger INFO: Current full triplet loss value is 0.19631
2019-12-31 02:47:26,715 logger INFO: Current cross-entropy loss is 1.08600
2019-12-31 02:47:26,726 logger INFO: Estimated time of finish is 8 hours 27 mins 12 secs.
2019-12-31 03:08:23,693 logger INFO: saving weight file of iteration 55000 into /home1/dzc/experiments/gait_recognition/train_256_with_ce_full_10_no_fancy_fc1/checkpoints/SetNet_55000.pt
2019-12-31 03:08:24,025 logger INFO: Iteration 55000
2019-12-31 03:08:24,027 logger INFO: Hard triplet loss value is 0.29682
2019-12-31 03:08:24,027 logger INFO: Full triplet loss value is 0.20019
2019-12-31 03:08:24,028 logger INFO: Number of positive full loss entries is 4534.93848
2019-12-31 03:08:24,028 logger INFO: Mean dist is 3.90661
2019-12-31 03:08:24,029 logger INFO: Current learning rate is 0.00010
2019-12-31 03:08:24,029 logger INFO: Current triplet loss type is full
2019-12-31 03:08:24,029 logger INFO: Current full triplet loss value is 0.20305
2019-12-31 03:08:24,029 logger INFO: Current cross-entropy loss is 1.06367
2019-12-31 03:08:24,041 logger INFO: Estimated time of finish is 9 hours 1 mins 23 secs.
2019-12-31 03:29:09,671 logger INFO: Iteration 57500
2019-12-31 03:29:09,673 logger INFO: Hard triplet loss value is 0.29346
2019-12-31 03:29:09,674 logger INFO: Full triplet loss value is 0.20022
2019-12-31 03:29:09,674 logger INFO: Number of positive full loss entries is 4412.16406
2019-12-31 03:29:09,675 logger INFO: Mean dist is 3.93823
2019-12-31 03:29:09,675 logger INFO: Current learning rate is 0.00010
2019-12-31 03:29:09,675 logger INFO: Current triplet loss type is full
2019-12-31 03:29:09,982 logger INFO: Current full triplet loss value is 0.19991
2019-12-31 03:29:09,982 logger INFO: Current cross-entropy loss is 1.04166
2019-12-31 03:29:09,993 logger INFO: Estimated time of finish is 7 hours 23 mins 59 secs.
2019-12-31 03:49:50,542 logger INFO: saving weight file of iteration 60000 into /home1/dzc/experiments/gait_recognition/train_256_with_ce_full_10_no_fancy_fc1/checkpoints/SetNet_60000.pt
2019-12-31 03:49:50,872 logger INFO: Iteration 60000
2019-12-31 03:49:50,873 logger INFO: Hard triplet loss value is 0.28932
2019-12-31 03:49:50,873 logger INFO: Full triplet loss value is 0.19989
2019-12-31 03:49:50,874 logger INFO: Number of positive full loss entries is 4322.98730
2019-12-31 03:49:50,874 logger INFO: Mean dist is 3.96789
2019-12-31 03:49:50,874 logger INFO: Current learning rate is 0.00010
2019-12-31 03:49:50,874 logger INFO: Current triplet loss type is full
2019-12-31 03:49:50,875 logger INFO: Current full triplet loss value is 0.19537
2019-12-31 03:49:50,875 logger INFO: Current cross-entropy loss is 1.09232
2019-12-31 03:49:50,884 logger INFO: Estimated time of finish is 8 hours 54 mins 57 secs.
2019-12-31 04:09:55,449 logger INFO: Iteration 62500
2019-12-31 04:09:55,451 logger INFO: Hard triplet loss value is 0.28725
2019-12-31 04:09:55,452 logger INFO: Full triplet loss value is 0.19992
2019-12-31 04:09:55,453 logger INFO: Number of positive full loss entries is 4241.38525
2019-12-31 04:09:55,454 logger INFO: Mean dist is 3.99068
2019-12-31 04:09:55,454 logger INFO: Current learning rate is 0.00010
2019-12-31 04:09:55,454 logger INFO: Current triplet loss type is full
2019-12-31 04:09:55,758 logger INFO: Current full triplet loss value is 0.18529
2019-12-31 04:09:55,758 logger INFO: Current cross-entropy loss is 1.04106
2019-12-31 04:09:55,768 logger INFO: Estimated time of finish is 8 hours 10 mins 32 secs.
2019-12-31 04:29:35,605 logger INFO: saving weight file of iteration 65000 into /home1/dzc/experiments/gait_recognition/train_256_with_ce_full_10_no_fancy_fc1/checkpoints/SetNet_65000.pt
2019-12-31 04:29:35,936 logger INFO: Iteration 65000
2019-12-31 04:29:35,937 logger INFO: Hard triplet loss value is 0.28292
2019-12-31 04:29:35,937 logger INFO: Full triplet loss value is 0.19952
2019-12-31 04:29:35,938 logger INFO: Number of positive full loss entries is 4116.94482
2019-12-31 04:29:35,938 logger INFO: Mean dist is 4.01911
2019-12-31 04:29:35,939 logger INFO: Current learning rate is 0.00010
2019-12-31 04:29:35,939 logger INFO: Current triplet loss type is full
2019-12-31 04:29:35,939 logger INFO: Current full triplet loss value is 0.20584
2019-12-31 04:29:35,939 logger INFO: Current cross-entropy loss is 1.09022
2019-12-31 04:29:35,948 logger INFO: Estimated time of finish is 8 hours 6 mins 26 secs.
2019-12-31 04:49:14,464 logger INFO: Iteration 67500
2019-12-31 04:49:14,467 logger INFO: Hard triplet loss value is 0.27826
2019-12-31 04:49:14,468 logger INFO: Full triplet loss value is 0.19924
2019-12-31 04:49:14,469 logger INFO: Number of positive full loss entries is 3994.74390
2019-12-31 04:49:14,470 logger INFO: Mean dist is 4.04039
2019-12-31 04:49:14,470 logger INFO: Current learning rate is 0.00010
2019-12-31 04:49:14,470 logger INFO: Current triplet loss type is full
2019-12-31 04:49:14,775 logger INFO: Current full triplet loss value is 0.21304
2019-12-31 04:49:14,776 logger INFO: Current cross-entropy loss is 1.04874
2019-12-31 04:49:14,786 logger INFO: Estimated time of finish is 7 hours 33 mins 24 secs.
2019-12-31 05:09:01,839 logger INFO: saving weight file of iteration 70000 into /home1/dzc/experiments/gait_recognition/train_256_with_ce_full_10_no_fancy_fc1/checkpoints/SetNet_70000.pt
2019-12-31 05:09:02,175 logger INFO: Iteration 70000
2019-12-31 05:09:02,176 logger INFO: Hard triplet loss value is 0.27589
2019-12-31 05:09:02,177 logger INFO: Full triplet loss value is 0.19934
2019-12-31 05:09:02,177 logger INFO: Number of positive full loss entries is 3909.91357
2019-12-31 05:09:02,178 logger INFO: Mean dist is 4.06744
2019-12-31 05:09:02,178 logger INFO: Current learning rate is 0.00010
2019-12-31 05:09:02,178 logger INFO: Current triplet loss type is full
2019-12-31 05:09:02,178 logger INFO: Current full triplet loss value is 0.20949
2019-12-31 05:09:02,178 logger INFO: Current cross-entropy loss is 1.06339
2019-12-31 05:09:02,188 logger INFO: Estimated time of finish is 6 hours 59 mins 51 secs.
2019-12-31 05:28:42,581 logger INFO: Iteration 72500
2019-12-31 05:28:42,582 logger INFO: Hard triplet loss value is 0.27154
2019-12-31 05:28:42,583 logger INFO: Full triplet loss value is 0.19925
2019-12-31 05:28:42,583 logger INFO: Number of positive full loss entries is 3783.87451
2019-12-31 05:28:42,584 logger INFO: Mean dist is 4.10385
2019-12-31 05:28:42,584 logger INFO: Current learning rate is 0.00010
2019-12-31 05:28:42,584 logger INFO: Current triplet loss type is full
2019-12-31 05:28:42,894 logger INFO: Current full triplet loss value is 0.20145
2019-12-31 05:28:42,894 logger INFO: Current cross-entropy loss is 1.06114
2019-12-31 05:28:42,903 logger INFO: Estimated time of finish is 6 hours 54 mins 42 secs.
2019-12-31 05:48:31,264 logger INFO: saving weight file of iteration 75000 into /home1/dzc/experiments/gait_recognition/train_256_with_ce_full_10_no_fancy_fc1/checkpoints/SetNet_75000.pt
2019-12-31 05:48:31,595 logger INFO: Iteration 75000
2019-12-31 05:48:31,597 logger INFO: Hard triplet loss value is 0.26747
2019-12-31 05:48:31,597 logger INFO: Full triplet loss value is 0.19876
2019-12-31 05:48:31,598 logger INFO: Number of positive full loss entries is 3676.06714
2019-12-31 05:48:31,598 logger INFO: Mean dist is 4.13303
2019-12-31 05:48:31,598 logger INFO: Current learning rate is 0.00010
2019-12-31 05:48:31,598 logger INFO: Current triplet loss type is full
2019-12-31 05:48:31,599 logger INFO: Current full triplet loss value is 0.18570
2019-12-31 05:48:31,599 logger INFO: Current cross-entropy loss is 1.02578
2019-12-31 05:48:31,607 logger INFO: Estimated time of finish is 6 hours 27 mins 23 secs.
2019-12-31 06:08:20,497 logger INFO: Iteration 77500
2019-12-31 06:08:20,499 logger INFO: Hard triplet loss value is 0.26678
2019-12-31 06:08:20,500 logger INFO: Full triplet loss value is 0.19885
2019-12-31 06:08:20,500 logger INFO: Number of positive full loss entries is 3656.74487
2019-12-31 06:08:20,501 logger INFO: Mean dist is 4.14916
2019-12-31 06:08:20,501 logger INFO: Current learning rate is 0.00010
2019-12-31 06:08:20,501 logger INFO: Current triplet loss type is full
2019-12-31 06:08:20,806 logger INFO: Current full triplet loss value is 0.20255
2019-12-31 06:08:20,806 logger INFO: Current cross-entropy loss is 1.04853
2019-12-31 06:08:20,815 logger INFO: Estimated time of finish is 2 hours 42 mins 18 secs.
2019-12-31 06:28:11,237 logger INFO: saving weight file of iteration 80000 into /home1/dzc/experiments/gait_recognition/train_256_with_ce_full_10_no_fancy_fc1/checkpoints/SetNet_80000.pt
2019-12-31 06:28:11,571 logger INFO: Iteration 80000
2019-12-31 06:28:11,573 logger INFO: Hard triplet loss value is 0.26540
2019-12-31 06:28:11,574 logger INFO: Full triplet loss value is 0.19923
2019-12-31 06:28:11,574 logger INFO: Number of positive full loss entries is 3604.12158
2019-12-31 06:28:11,575 logger INFO: Mean dist is 4.17239
2019-12-31 06:28:11,575 logger INFO: Current learning rate is 0.00010
2019-12-31 06:28:11,575 logger INFO: Current triplet loss type is full
2019-12-31 06:28:11,575 logger INFO: Current full triplet loss value is 0.20142
2019-12-31 06:28:11,575 logger INFO: Current cross-entropy loss is 1.03110
2019-12-31 06:28:11,585 logger INFO: Estimated time of finish is 5 hours 58 mins 49 secs.
2019-12-31 06:48:09,505 logger INFO: Iteration 82500
2019-12-31 06:48:09,508 logger INFO: Hard triplet loss value is 0.26139
2019-12-31 06:48:09,508 logger INFO: Full triplet loss value is 0.19905
2019-12-31 06:48:09,509 logger INFO: Number of positive full loss entries is 3499.79761
2019-12-31 06:48:09,510 logger INFO: Mean dist is 4.20447
2019-12-31 06:48:09,510 logger INFO: Current learning rate is 0.00010
2019-12-31 06:48:09,510 logger INFO: Current triplet loss type is full
2019-12-31 06:48:09,815 logger INFO: Current full triplet loss value is 0.20023
2019-12-31 06:48:09,815 logger INFO: Current cross-entropy loss is 1.04413
2019-12-31 06:48:09,827 logger INFO: Estimated time of finish is 1 hours 47 mins 40 secs.
2019-12-31 07:08:09,666 logger INFO: saving weight file of iteration 85000 into /home1/dzc/experiments/gait_recognition/train_256_with_ce_full_10_no_fancy_fc1/checkpoints/SetNet_85000.pt
2019-12-31 07:08:09,991 logger INFO: Iteration 85000
2019-12-31 07:08:09,992 logger INFO: Hard triplet loss value is 0.25794
2019-12-31 07:08:09,993 logger INFO: Full triplet loss value is 0.19857
2019-12-31 07:08:09,993 logger INFO: Number of positive full loss entries is 3414.98950
2019-12-31 07:08:09,994 logger INFO: Mean dist is 4.22163
2019-12-31 07:08:09,994 logger INFO: Current learning rate is 0.00010
2019-12-31 07:08:09,994 logger INFO: Current triplet loss type is full
2019-12-31 07:08:09,994 logger INFO: Current full triplet loss value is 0.18481
2019-12-31 07:08:09,994 logger INFO: Current cross-entropy loss is 1.02889
2019-12-31 07:08:10,003 logger INFO: Estimated time of finish is 5 hours 17 mins 58 secs.
2019-12-31 07:27:10,689 logger INFO: Iteration 87500
2019-12-31 07:27:10,691 logger INFO: Hard triplet loss value is 0.25580
2019-12-31 07:27:10,692 logger INFO: Full triplet loss value is 0.19786
2019-12-31 07:27:10,693 logger INFO: Number of positive full loss entries is 3376.60034
2019-12-31 07:27:10,693 logger INFO: Mean dist is 4.23528
2019-12-31 07:27:10,693 logger INFO: Current learning rate is 0.00010
2019-12-31 07:27:10,694 logger INFO: Current triplet loss type is full
2019-12-31 07:27:11,000 logger INFO: Current full triplet loss value is 0.20420
2019-12-31 07:27:11,001 logger INFO: Current cross-entropy loss is 1.03127
2019-12-31 07:27:11,014 logger INFO: Estimated time of finish is 4 hours 23 mins 57 secs.
2019-12-31 07:46:00,108 logger INFO: saving weight file of iteration 90000 into /home1/dzc/experiments/gait_recognition/train_256_with_ce_full_10_no_fancy_fc1/checkpoints/SetNet_90000.pt
2019-12-31 07:46:00,443 logger INFO: Iteration 90000
2019-12-31 07:46:00,444 logger INFO: Hard triplet loss value is 0.25275
2019-12-31 07:46:00,445 logger INFO: Full triplet loss value is 0.19817
2019-12-31 07:46:00,445 logger INFO: Number of positive full loss entries is 3320.58472
2019-12-31 07:46:00,446 logger INFO: Mean dist is 4.25836
2019-12-31 07:46:00,446 logger INFO: Current learning rate is 0.00010
2019-12-31 07:46:00,446 logger INFO: Current triplet loss type is full
2019-12-31 07:46:00,446 logger INFO: Current full triplet loss value is 0.18210
2019-12-31 07:46:00,446 logger INFO: Current cross-entropy loss is 1.06014
2019-12-31 07:46:00,455 logger INFO: Estimated time of finish is 4 hours 41 mins 46 secs.
2019-12-31 08:04:46,579 logger INFO: Iteration 92500
2019-12-31 08:04:46,580 logger INFO: Hard triplet loss value is 0.25116
2019-12-31 08:04:46,581 logger INFO: Full triplet loss value is 0.19817
2019-12-31 08:04:46,582 logger INFO: Number of positive full loss entries is 3259.96313
2019-12-31 08:04:46,583 logger INFO: Mean dist is 4.27949
2019-12-31 08:04:46,583 logger INFO: Current learning rate is 0.00010
2019-12-31 08:04:46,583 logger INFO: Current triplet loss type is full
2019-12-31 08:04:46,889 logger INFO: Current full triplet loss value is 0.20105
2019-12-31 08:04:46,889 logger INFO: Current cross-entropy loss is 1.03270
2019-12-31 08:04:46,900 logger INFO: Estimated time of finish is 4 hours 39 mins 56 secs.
2019-12-31 08:23:30,965 logger INFO: saving weight file of iteration 95000 into /home1/dzc/experiments/gait_recognition/train_256_with_ce_full_10_no_fancy_fc1/checkpoints/SetNet_95000.pt
2019-12-31 08:23:31,298 logger INFO: Iteration 95000
2019-12-31 08:23:31,299 logger INFO: Hard triplet loss value is 0.24921
2019-12-31 08:23:31,300 logger INFO: Full triplet loss value is 0.19774
2019-12-31 08:23:31,300 logger INFO: Number of positive full loss entries is 3210.37231
2019-12-31 08:23:31,301 logger INFO: Mean dist is 4.29808
2019-12-31 08:23:31,301 logger INFO: Current learning rate is 0.00010
2019-12-31 08:23:31,301 logger INFO: Current triplet loss type is full
2019-12-31 08:23:31,301 logger INFO: Current full triplet loss value is 0.18381
2019-12-31 08:23:31,301 logger INFO: Current cross-entropy loss is 1.03863
2019-12-31 08:23:31,315 logger INFO: Estimated time of finish is 3 hours 46 mins 57 secs.
2019-12-31 08:42:16,808 logger INFO: Iteration 97500
2019-12-31 08:42:16,810 logger INFO: Hard triplet loss value is 0.24664
2019-12-31 08:42:16,810 logger INFO: Full triplet loss value is 0.19808
2019-12-31 08:42:16,811 logger INFO: Number of positive full loss entries is 3140.44409
2019-12-31 08:42:16,812 logger INFO: Mean dist is 4.33321
2019-12-31 08:42:16,812 logger INFO: Current learning rate is 0.00010
2019-12-31 08:42:16,812 logger INFO: Current triplet loss type is full
2019-12-31 08:42:17,117 logger INFO: Current full triplet loss value is 0.20463
2019-12-31 08:42:17,118 logger INFO: Current cross-entropy loss is 1.02421
2019-12-31 08:42:17,138 logger INFO: Estimated time of finish is 3 hours 47 mins 3 secs.
2019-12-31 09:01:09,970 logger INFO: saving weight file of iteration 100000 into /home1/dzc/experiments/gait_recognition/train_256_with_ce_full_10_no_fancy_fc1/checkpoints/SetNet_100000.pt
2019-12-31 09:01:10,308 logger INFO: Iteration 100000
2019-12-31 09:01:10,309 logger INFO: Hard triplet loss value is 0.24430
2019-12-31 09:01:10,310 logger INFO: Full triplet loss value is 0.19753
2019-12-31 09:01:10,311 logger INFO: Number of positive full loss entries is 3103.05542
2019-12-31 09:01:10,311 logger INFO: Mean dist is 4.34204
2019-12-31 09:01:10,311 logger INFO: Current learning rate is 0.00010
2019-12-31 09:01:10,311 logger INFO: Current triplet loss type is full
2019-12-31 09:01:10,312 logger INFO: Current full triplet loss value is 0.20937
2019-12-31 09:01:10,312 logger INFO: Current cross-entropy loss is 1.05330
2019-12-31 09:01:10,321 logger INFO: Estimated time of finish is 3 hours 22 mins 49 secs.
2019-12-31 09:19:55,804 logger INFO: Iteration 102500
2019-12-31 09:19:55,806 logger INFO: Hard triplet loss value is 0.24159
2019-12-31 09:19:55,807 logger INFO: Full triplet loss value is 0.19748
2019-12-31 09:19:55,807 logger INFO: Number of positive full loss entries is 3036.48340
2019-12-31 09:19:55,808 logger INFO: Mean dist is 4.36379
2019-12-31 09:19:55,808 logger INFO: Current learning rate is 0.00010
2019-12-31 09:19:55,808 logger INFO: Current triplet loss type is full
2019-12-31 09:19:56,114 logger INFO: Current full triplet loss value is 0.21304
2019-12-31 09:19:56,114 logger INFO: Current cross-entropy loss is 1.05147
2019-12-31 09:19:56,125 logger INFO: Estimated time of finish is 3 hours 13 mins 23 secs.
2019-12-31 09:38:45,062 logger INFO: saving weight file of iteration 105000 into /home1/dzc/experiments/gait_recognition/train_256_with_ce_full_10_no_fancy_fc1/checkpoints/SetNet_105000.pt
2019-12-31 09:38:45,396 logger INFO: Iteration 105000
2019-12-31 09:38:45,397 logger INFO: Hard triplet loss value is 0.24103
2019-12-31 09:38:45,398 logger INFO: Full triplet loss value is 0.19734
2019-12-31 09:38:45,399 logger INFO: Number of positive full loss entries is 3004.99634
2019-12-31 09:38:45,399 logger INFO: Mean dist is 4.38579
2019-12-31 09:38:45,399 logger INFO: Current learning rate is 0.00010
2019-12-31 09:38:45,400 logger INFO: Current triplet loss type is full
2019-12-31 09:38:45,400 logger INFO: Current full triplet loss value is 0.17393
2019-12-31 09:38:45,400 logger INFO: Current cross-entropy loss is 1.01169
2019-12-31 09:38:45,410 logger INFO: Estimated time of finish is 2 hours 56 mins 10 secs.
2019-12-31 09:57:36,199 logger INFO: Iteration 107500
2019-12-31 09:57:36,201 logger INFO: Hard triplet loss value is 0.23832
2019-12-31 09:57:36,201 logger INFO: Full triplet loss value is 0.19731
2019-12-31 09:57:36,202 logger INFO: Number of positive full loss entries is 2962.34180
2019-12-31 09:57:36,202 logger INFO: Mean dist is 4.39810
2019-12-31 09:57:36,202 logger INFO: Current learning rate is 0.00010
2019-12-31 09:57:36,203 logger INFO: Current triplet loss type is full
2019-12-31 09:57:36,512 logger INFO: Current full triplet loss value is 0.18651
2019-12-31 09:57:36,513 logger INFO: Current cross-entropy loss is 1.01255
2019-12-31 09:57:36,525 logger INFO: Estimated time of finish is 2 hours 37 mins 26 secs.
2019-12-31 10:25:18,707 logger INFO: saving weight file of iteration 110000 into /home1/dzc/experiments/gait_recognition/train_256_with_ce_full_10_no_fancy_fc1/checkpoints/SetNet_110000.pt
2019-12-31 10:25:19,038 logger INFO: Iteration 110000
2019-12-31 10:25:19,039 logger INFO: Hard triplet loss value is 0.23744
2019-12-31 10:25:19,040 logger INFO: Full triplet loss value is 0.19704
2019-12-31 10:25:19,040 logger INFO: Number of positive full loss entries is 2924.44653
2019-12-31 10:25:19,041 logger INFO: Mean dist is 4.41631
2019-12-31 10:25:19,041 logger INFO: Current learning rate is 0.00010
2019-12-31 10:25:19,041 logger INFO: Current triplet loss type is full
2019-12-31 10:25:19,042 logger INFO: Current full triplet loss value is 0.19287
2019-12-31 10:25:19,042 logger INFO: Current cross-entropy loss is 1.02185
2019-12-31 10:25:19,052 logger INFO: Estimated time of finish is 2 hours 15 mins 5 secs.
2019-12-31 10:46:31,548 logger INFO: Iteration 112500
2019-12-31 10:46:31,551 logger INFO: Hard triplet loss value is 0.23506
2019-12-31 10:46:31,551 logger INFO: Full triplet loss value is 0.19677
2019-12-31 10:46:31,552 logger INFO: Number of positive full loss entries is 2895.15283
2019-12-31 10:46:31,556 logger INFO: Mean dist is 4.43036
2019-12-31 10:46:31,556 logger INFO: Current learning rate is 0.00010
2019-12-31 10:46:31,556 logger INFO: Current triplet loss type is full
2019-12-31 10:46:31,858 logger INFO: Current full triplet loss value is 0.18384
2019-12-31 10:46:31,858 logger INFO: Current cross-entropy loss is 1.00781
2019-12-31 10:46:31,870 logger INFO: Estimated time of finish is 2 hours 2 mins 7 secs.
2019-12-31 11:15:09,816 logger INFO: saving weight file of iteration 115000 into /home1/dzc/experiments/gait_recognition/train_256_with_ce_full_10_no_fancy_fc1/checkpoints/SetNet_115000.pt
2019-12-31 11:15:10,154 logger INFO: Iteration 115000
2019-12-31 11:15:10,155 logger INFO: Hard triplet loss value is 0.23422
2019-12-31 11:15:10,156 logger INFO: Full triplet loss value is 0.19670
2019-12-31 11:15:10,157 logger INFO: Number of positive full loss entries is 2859.37061
2019-12-31 11:15:10,157 logger INFO: Mean dist is 4.44378
2019-12-31 11:15:10,158 logger INFO: Current learning rate is 0.00010
2019-12-31 11:15:10,158 logger INFO: Current triplet loss type is full
2019-12-31 11:15:10,158 logger INFO: Current full triplet loss value is 0.18626
2019-12-31 11:15:10,158 logger INFO: Current cross-entropy loss is 0.99907
2019-12-31 11:15:10,171 logger INFO: Estimated time of finish is 1 hours 44 mins 31 secs.
2019-12-31 11:34:06,931 logger INFO: Iteration 117500
2019-12-31 11:34:06,932 logger INFO: Hard triplet loss value is 0.23201
2019-12-31 11:34:06,932 logger INFO: Full triplet loss value is 0.19647
2019-12-31 11:34:06,933 logger INFO: Number of positive full loss entries is 2812.27026
2019-12-31 11:34:06,933 logger INFO: Mean dist is 4.46237
2019-12-31 11:34:06,933 logger INFO: Current learning rate is 0.00010
2019-12-31 11:34:06,933 logger INFO: Current triplet loss type is full
2019-12-31 11:34:07,244 logger INFO: Current full triplet loss value is 0.18648
2019-12-31 11:34:07,244 logger INFO: Current cross-entropy loss is 1.03590
2019-12-31 11:34:07,255 logger INFO: Estimated time of finish is 1 hours 27 mins 39 secs.
2019-12-31 11:52:45,141 logger INFO: saving weight file of iteration 120000 into /home1/dzc/experiments/gait_recognition/train_256_with_ce_full_10_no_fancy_fc1/checkpoints/SetNet_120000.pt
2019-12-31 11:52:45,471 logger INFO: Iteration 120000
2019-12-31 11:52:45,472 logger INFO: Hard triplet loss value is 0.23022
2019-12-31 11:52:45,472 logger INFO: Full triplet loss value is 0.19644
2019-12-31 11:52:45,473 logger INFO: Number of positive full loss entries is 2782.83740
2019-12-31 11:52:45,473 logger INFO: Mean dist is 4.47820
2019-12-31 11:52:45,473 logger INFO: Current learning rate is 0.00010
2019-12-31 11:52:45,473 logger INFO: Current triplet loss type is full
2019-12-31 11:52:45,474 logger INFO: Current full triplet loss value is 0.21412
2019-12-31 11:52:45,474 logger INFO: Current cross-entropy loss is 1.00897
2019-12-31 11:52:45,482 logger INFO: Estimated time of finish is 1 hours 11 mins 34 secs.
2019-12-31 12:11:22,441 logger INFO: Iteration 122500
2019-12-31 12:11:22,443 logger INFO: Hard triplet loss value is 0.22898
2019-12-31 12:11:22,443 logger INFO: Full triplet loss value is 0.19619
2019-12-31 12:11:22,444 logger INFO: Number of positive full loss entries is 2749.34668
2019-12-31 12:11:22,445 logger INFO: Mean dist is 4.49443
2019-12-31 12:11:22,445 logger INFO: Current learning rate is 0.00010
2019-12-31 12:11:22,445 logger INFO: Current triplet loss type is full
2019-12-31 12:11:22,752 logger INFO: Current full triplet loss value is 0.20011
2019-12-31 12:11:22,752 logger INFO: Current cross-entropy loss is 0.99743
2019-12-31 12:11:22,761 logger INFO: Estimated time of finish is 0 hours 57 mins 17 secs.
2019-12-31 12:30:00,243 logger INFO: saving weight file of iteration 125000 into /home1/dzc/experiments/gait_recognition/train_256_with_ce_full_10_no_fancy_fc1/checkpoints/SetNet_125000.pt
2019-12-31 12:30:00,572 logger INFO: Iteration 125000
2019-12-31 12:30:00,573 logger INFO: Hard triplet loss value is 0.22783
2019-12-31 12:30:00,574 logger INFO: Full triplet loss value is 0.19657
2019-12-31 12:30:00,574 logger INFO: Number of positive full loss entries is 2725.09131
2019-12-31 12:30:00,575 logger INFO: Mean dist is 4.50539
2019-12-31 12:30:00,575 logger INFO: Current learning rate is 0.00010
2019-12-31 12:30:00,575 logger INFO: Current triplet loss type is full
2019-12-31 12:30:00,575 logger INFO: Current full triplet loss value is 0.21207
2019-12-31 12:30:00,575 logger INFO: Current cross-entropy loss is 1.00949
2019-12-31 12:30:00,585 logger INFO: Estimated time of finish is 0 hours 36 mins 16 secs.
2019-12-31 12:48:32,730 logger INFO: Iteration 127500
2019-12-31 12:48:32,732 logger INFO: Hard triplet loss value is 0.22614
2019-12-31 12:48:32,733 logger INFO: Full triplet loss value is 0.19585
2019-12-31 12:48:32,734 logger INFO: Number of positive full loss entries is 2693.62891
2019-12-31 12:48:32,735 logger INFO: Mean dist is 4.51696
2019-12-31 12:48:32,735 logger INFO: Current learning rate is 0.00010
2019-12-31 12:48:32,735 logger INFO: Current triplet loss type is full
2019-12-31 12:48:33,039 logger INFO: Current full triplet loss value is 0.20246
2019-12-31 12:48:33,039 logger INFO: Current cross-entropy loss is 0.99424
2019-12-31 12:48:33,048 logger INFO: Estimated time of finish is 0 hours 17 mins 59 secs.
2019-12-31 13:06:59,153 logger INFO: saving weight file of iteration 130000 into /home1/dzc/experiments/gait_recognition/train_256_with_ce_full_10_no_fancy_fc1/checkpoints/SetNet_130000.pt
2019-12-31 13:06:59,476 logger INFO: Iteration 130000
2019-12-31 13:06:59,477 logger INFO: Hard triplet loss value is 0.22252
2019-12-31 13:06:59,478 logger INFO: Full triplet loss value is 0.19531
2019-12-31 13:06:59,478 logger INFO: Number of positive full loss entries is 2621.51440
2019-12-31 13:06:59,479 logger INFO: Mean dist is 4.54295
2019-12-31 13:06:59,479 logger INFO: Current learning rate is 0.00010
2019-12-31 13:06:59,479 logger INFO: Current triplet loss type is full
2019-12-31 13:06:59,479 logger INFO: Current full triplet loss value is 0.21179
2019-12-31 13:06:59,479 logger INFO: Current cross-entropy loss is 0.99146
2019-12-31 13:06:59,487 logger INFO: Estimated time of finish is 0 hours 0 mins 0 secs.
2019-12-31 13:06:59,488 logger INFO: Reaching maximum epochs, break training loop now.
