2019-12-30 18:47:56,564 logger INFO: Training logger setup finished
2019-12-30 18:47:56,565 logger INFO: Namespace(config_file='configs/train_256_with_ce_full_triplet_10_no_fancy.yml', opts=[])
2019-12-30 18:47:56,565 logger INFO: Merged settings from file configs/train_256_with_ce_full_triplet_10_no_fancy.yml
2019-12-30 18:47:56,566 logger INFO: 
PATH:
  EXPERIMENT_DIR: train_256_with_ce_full_10_no_fancy_sce_applied
MODEL:
  BNNECK: True
  DEVICE_ID: "'7'"
TRAIN:
  USE_SCHEDULER: False
SOLVER:
  OPTIMIZER_MANNER: whole-model
2019-12-30 18:47:56,566 logger INFO: Running with config:
DATASET:
  BOUNDARY: 73
  DATASET_DIR: /home1/gmf/dzc/GaitDatasetB-silh-processed
  NUM_WORKERS: 8
  RESOLUTION: 64
  SHUFFLE: False
LOGGER:
  FORMAT: %(asctime)s %(name)s %(levelname)s: %(message)s
  LEVEL: DEBUG
  NAME: logger
  WRITE_TO_FILE: True
MODEL:
  ACTIVATION: leaky_relu
  BNNECK: True
  CE_DIVIDED: 10
  DEVICE: cuda
  DEVICE_ID: 7
  NAME: SetNet
  NUM_FEATURES: 256
PATH:
  CHECKPOINT_DIR: checkpoints
  EXPERIMENT_DIR: train_256_with_ce_full_10_no_fancy_sce_applied
  LOG_STORE_DIR: logs
  OUTPUT_DIR: /home1/dzc/experiments/gait_recognition
  SPLIT_RECORD_DIR: partition
SOLVER:
  BASE_LR: 0.0001
  BIAS_LR_FACTOR: 2
  MILESTONES: [40000, 70000, 100000]
  MOMENTUM: 0.9
  OPTIMIZER_MANNER: whole-model
  OPTIMIZER_NAME: Adam
  WARMUP_ITERS: 1000
  WEIGHT_DECAY: 0.0005
  WEIGHT_DECAY_BIAS: 0.0
TEST:
  BATCH_SIZE: 16
  CACHE: False
  NUM_RANKS: 5
  TEST_ITER: 1000
TRAIN:
  BATCH_SIZE: (8, 16)
  CACHE: True
  DISPLAY_INFO_STEP: 2500
  FRAME_NUM: 30
  MAX_ITERS: 130000
  RECORD_STEP: 5000
  RESTORE_FROM_ITER: 0
  USE_SCHEDULER: False
TRIPLET_LOSS:
  MARGIN: 0.2
  TYPE: full
2019-12-30 18:52:38,905 logger INFO: Training starts.
2019-12-30 18:52:41,833 logger INFO: No structure file detected, serialize structure of model and optimizer into /home1/dzc/experiments/gait_recognition/train_256_with_ce_full_10_no_fancy_sce_applied/checkpoints/structure.pt
2019-12-30 18:52:41,860 logger INFO: Entering training loop now.
2019-12-30 19:11:08,202 logger INFO: Iteration 2500
2019-12-30 19:11:08,203 logger INFO: Hard triplet loss value is 0.55568
2019-12-30 19:11:08,207 logger INFO: Full triplet loss value is 0.19566
2019-12-30 19:11:08,207 logger INFO: Number of positive full loss entries is 43484.41406
2019-12-30 19:11:08,208 logger INFO: Mean dist is 1.46342
2019-12-30 19:11:08,208 logger INFO: Current learning rate is 0.00010
2019-12-30 19:11:08,209 logger INFO: Current triplet loss type is full
2019-12-30 19:11:08,520 logger INFO: Current full triplet loss value is 0.19688
2019-12-30 19:11:08,521 logger INFO: Current cross-entropy loss is 1.96625
2019-12-30 19:11:08,532 logger INFO: Estimated time of finish is 14 hours 50 mins 33 secs.
2019-12-30 19:29:33,290 logger INFO: saving weight file of iteration 5000 into /home1/dzc/experiments/gait_recognition/train_256_with_ce_full_10_no_fancy_sce_applied/checkpoints/SetNet_5000.pt
2019-12-30 19:29:33,667 logger INFO: Iteration 5000
2019-12-30 19:29:33,669 logger INFO: Hard triplet loss value is 0.49816
2019-12-30 19:29:33,670 logger INFO: Full triplet loss value is 0.19571
2019-12-30 19:29:33,670 logger INFO: Number of positive full loss entries is 19076.73633
2019-12-30 19:29:33,671 logger INFO: Mean dist is 2.02722
2019-12-30 19:29:33,671 logger INFO: Current learning rate is 0.00010
2019-12-30 19:29:33,671 logger INFO: Current triplet loss type is full
2019-12-30 19:29:33,671 logger INFO: Current full triplet loss value is 0.19551
2019-12-30 19:29:33,671 logger INFO: Current cross-entropy loss is 1.46604
2019-12-30 19:29:33,683 logger INFO: Estimated time of finish is 15 hours 2 mins 35 secs.
2019-12-30 19:48:22,650 logger INFO: Iteration 7500
2019-12-30 19:48:22,652 logger INFO: Hard triplet loss value is 0.44992
2019-12-30 19:48:22,653 logger INFO: Full triplet loss value is 0.19645
2019-12-30 19:48:22,653 logger INFO: Number of positive full loss entries is 13125.44824
2019-12-30 19:48:22,654 logger INFO: Mean dist is 2.36613
2019-12-30 19:48:22,654 logger INFO: Current learning rate is 0.00010
2019-12-30 19:48:22,655 logger INFO: Current triplet loss type is full
2019-12-30 19:48:22,966 logger INFO: Current full triplet loss value is 0.18286
2019-12-30 19:48:22,967 logger INFO: Current cross-entropy loss is 1.38634
2019-12-30 19:48:22,984 logger INFO: Estimated time of finish is 14 hours 37 mins 34 secs.
2019-12-30 20:07:16,873 logger INFO: saving weight file of iteration 10000 into /home1/dzc/experiments/gait_recognition/train_256_with_ce_full_10_no_fancy_sce_applied/checkpoints/SetNet_10000.pt
2019-12-30 20:07:17,251 logger INFO: Iteration 10000
2019-12-30 20:07:17,253 logger INFO: Hard triplet loss value is 0.41168
2019-12-30 20:07:17,254 logger INFO: Full triplet loss value is 0.19703
2019-12-30 20:07:17,255 logger INFO: Number of positive full loss entries is 10146.46387
2019-12-30 20:07:17,256 logger INFO: Mean dist is 2.62012
2019-12-30 20:07:17,256 logger INFO: Current learning rate is 0.00010
2019-12-30 20:07:17,256 logger INFO: Current triplet loss type is full
2019-12-30 20:07:17,256 logger INFO: Current full triplet loss value is 0.20507
2019-12-30 20:07:17,257 logger INFO: Current cross-entropy loss is 1.37496
2019-12-30 20:07:17,272 logger INFO: Estimated time of finish is 14 hours 7 mins 25 secs.
2019-12-30 20:26:03,652 logger INFO: Iteration 12500
2019-12-30 20:26:03,654 logger INFO: Hard triplet loss value is 0.38165
2019-12-30 20:26:03,655 logger INFO: Full triplet loss value is 0.19788
2019-12-30 20:26:03,656 logger INFO: Number of positive full loss entries is 8297.27148
2019-12-30 20:26:03,656 logger INFO: Mean dist is 2.83054
2019-12-30 20:26:03,656 logger INFO: Current learning rate is 0.00010
2019-12-30 20:26:03,657 logger INFO: Current triplet loss type is full
2019-12-30 20:26:03,974 logger INFO: Current full triplet loss value is 0.20278
2019-12-30 20:26:03,975 logger INFO: Current cross-entropy loss is 1.25875
2019-12-30 20:26:03,989 logger INFO: Estimated time of finish is 14 hours 10 mins 11 secs.
2019-12-30 20:44:48,865 logger INFO: saving weight file of iteration 15000 into /home1/dzc/experiments/gait_recognition/train_256_with_ce_full_10_no_fancy_sce_applied/checkpoints/SetNet_15000.pt
2019-12-30 20:44:49,234 logger INFO: Iteration 15000
2019-12-30 20:44:49,236 logger INFO: Hard triplet loss value is 0.35878
2019-12-30 20:44:49,237 logger INFO: Full triplet loss value is 0.19880
2019-12-30 20:44:49,238 logger INFO: Number of positive full loss entries is 7137.79980
2019-12-30 20:44:49,239 logger INFO: Mean dist is 3.00289
2019-12-30 20:44:49,239 logger INFO: Current learning rate is 0.00010
2019-12-30 20:44:49,239 logger INFO: Current triplet loss type is full
2019-12-30 20:44:49,239 logger INFO: Current full triplet loss value is 0.19826
2019-12-30 20:44:49,239 logger INFO: Current cross-entropy loss is 1.21607
2019-12-30 20:44:49,255 logger INFO: Estimated time of finish is 15 hours 12 mins 2 secs.
2019-12-30 21:03:33,692 logger INFO: Iteration 17500
2019-12-30 21:03:33,694 logger INFO: Hard triplet loss value is 0.34140
2019-12-30 21:03:33,695 logger INFO: Full triplet loss value is 0.19958
2019-12-30 21:03:33,696 logger INFO: Number of positive full loss entries is 6347.22461
2019-12-30 21:03:33,696 logger INFO: Mean dist is 3.15143
2019-12-30 21:03:33,697 logger INFO: Current learning rate is 0.00010
2019-12-30 21:03:33,697 logger INFO: Current triplet loss type is full
2019-12-30 21:03:34,010 logger INFO: Current full triplet loss value is 0.18887
2019-12-30 21:03:34,010 logger INFO: Current cross-entropy loss is 1.12366
2019-12-30 21:03:34,021 logger INFO: Estimated time of finish is 13 hours 51 mins 31 secs.
2019-12-30 21:22:18,945 logger INFO: saving weight file of iteration 20000 into /home1/dzc/experiments/gait_recognition/train_256_with_ce_full_10_no_fancy_sce_applied/checkpoints/SetNet_20000.pt
2019-12-30 21:22:19,308 logger INFO: Iteration 20000
2019-12-30 21:22:19,310 logger INFO: Hard triplet loss value is 0.32344
2019-12-30 21:22:19,311 logger INFO: Full triplet loss value is 0.19982
2019-12-30 21:22:19,312 logger INFO: Number of positive full loss entries is 5611.10156
2019-12-30 21:22:19,312 logger INFO: Mean dist is 3.29200
2019-12-30 21:22:19,312 logger INFO: Current learning rate is 0.00010
2019-12-30 21:22:19,312 logger INFO: Current triplet loss type is full
2019-12-30 21:22:19,313 logger INFO: Current full triplet loss value is 0.18929
2019-12-30 21:22:19,313 logger INFO: Current cross-entropy loss is 1.12320
2019-12-30 21:22:19,325 logger INFO: Estimated time of finish is 13 hours 19 mins 37 secs.
2019-12-30 21:41:06,387 logger INFO: Iteration 22500
2019-12-30 21:41:06,389 logger INFO: Hard triplet loss value is 0.30956
2019-12-30 21:41:06,390 logger INFO: Full triplet loss value is 0.19997
2019-12-30 21:41:06,391 logger INFO: Number of positive full loss entries is 5119.82861
2019-12-30 21:41:06,391 logger INFO: Mean dist is 3.40811
2019-12-30 21:41:06,392 logger INFO: Current learning rate is 0.00010
2019-12-30 21:41:06,392 logger INFO: Current triplet loss type is full
2019-12-30 21:41:06,703 logger INFO: Current full triplet loss value is 0.20845
2019-12-30 21:41:06,704 logger INFO: Current cross-entropy loss is 1.08976
2019-12-30 21:41:06,719 logger INFO: Estimated time of finish is 13 hours 32 mins 18 secs.
2019-12-30 21:59:55,894 logger INFO: saving weight file of iteration 25000 into /home1/dzc/experiments/gait_recognition/train_256_with_ce_full_10_no_fancy_sce_applied/checkpoints/SetNet_25000.pt
2019-12-30 21:59:56,257 logger INFO: Iteration 25000
2019-12-30 21:59:56,258 logger INFO: Hard triplet loss value is 0.29685
2019-12-30 21:59:56,259 logger INFO: Full triplet loss value is 0.20064
2019-12-30 21:59:56,260 logger INFO: Number of positive full loss entries is 4680.67139
2019-12-30 21:59:56,260 logger INFO: Mean dist is 3.53294
2019-12-30 21:59:56,260 logger INFO: Current learning rate is 0.00010
2019-12-30 21:59:56,260 logger INFO: Current triplet loss type is full
2019-12-30 21:59:56,261 logger INFO: Current full triplet loss value is 0.19502
2019-12-30 21:59:56,261 logger INFO: Current cross-entropy loss is 1.10420
2019-12-30 21:59:56,276 logger INFO: Estimated time of finish is 12 hours 57 mins 48 secs.
2019-12-30 22:18:46,608 logger INFO: Iteration 27500
2019-12-30 22:18:46,610 logger INFO: Hard triplet loss value is 0.28703
2019-12-30 22:18:46,611 logger INFO: Full triplet loss value is 0.20092
2019-12-30 22:18:46,612 logger INFO: Number of positive full loss entries is 4405.19922
2019-12-30 22:18:46,613 logger INFO: Mean dist is 3.61928
2019-12-30 22:18:46,613 logger INFO: Current learning rate is 0.00010
2019-12-30 22:18:46,613 logger INFO: Current triplet loss type is full
2019-12-30 22:18:46,925 logger INFO: Current full triplet loss value is 0.20354
2019-12-30 22:18:46,925 logger INFO: Current cross-entropy loss is 1.12336
2019-12-30 22:18:46,944 logger INFO: Estimated time of finish is 12 hours 19 mins 36 secs.
2019-12-30 22:37:40,859 logger INFO: saving weight file of iteration 30000 into /home1/dzc/experiments/gait_recognition/train_256_with_ce_full_10_no_fancy_sce_applied/checkpoints/SetNet_30000.pt
2019-12-30 22:37:41,219 logger INFO: Iteration 30000
2019-12-30 22:37:41,220 logger INFO: Hard triplet loss value is 0.27947
2019-12-30 22:37:41,221 logger INFO: Full triplet loss value is 0.20120
2019-12-30 22:37:41,222 logger INFO: Number of positive full loss entries is 4149.99902
2019-12-30 22:37:41,222 logger INFO: Mean dist is 3.70965
2019-12-30 22:37:41,222 logger INFO: Current learning rate is 0.00010
2019-12-30 22:37:41,222 logger INFO: Current triplet loss type is full
2019-12-30 22:37:41,223 logger INFO: Current full triplet loss value is 0.19918
2019-12-30 22:37:41,223 logger INFO: Current cross-entropy loss is 1.10509
2019-12-30 22:37:41,236 logger INFO: Estimated time of finish is 12 hours 15 mins 7 secs.
2019-12-30 22:56:48,770 logger INFO: Iteration 32500
2019-12-30 22:56:48,772 logger INFO: Hard triplet loss value is 0.27171
2019-12-30 22:56:48,772 logger INFO: Full triplet loss value is 0.20125
2019-12-30 22:56:48,773 logger INFO: Number of positive full loss entries is 3946.48828
2019-12-30 22:56:48,774 logger INFO: Mean dist is 3.79567
2019-12-30 22:56:48,774 logger INFO: Current learning rate is 0.00010
2019-12-30 22:56:48,774 logger INFO: Current triplet loss type is full
2019-12-30 22:56:49,087 logger INFO: Current full triplet loss value is 0.23929
2019-12-30 22:56:49,088 logger INFO: Current cross-entropy loss is 1.07980
2019-12-30 22:56:49,102 logger INFO: Estimated time of finish is 11 hours 39 mins 40 secs.
2019-12-30 23:15:57,774 logger INFO: saving weight file of iteration 35000 into /home1/dzc/experiments/gait_recognition/train_256_with_ce_full_10_no_fancy_sce_applied/checkpoints/SetNet_35000.pt
2019-12-30 23:15:58,133 logger INFO: Iteration 35000
2019-12-30 23:15:58,134 logger INFO: Hard triplet loss value is 0.26192
2019-12-30 23:15:58,135 logger INFO: Full triplet loss value is 0.20114
2019-12-30 23:15:58,135 logger INFO: Number of positive full loss entries is 3670.78442
2019-12-30 23:15:58,136 logger INFO: Mean dist is 3.89217
2019-12-30 23:15:58,136 logger INFO: Current learning rate is 0.00010
2019-12-30 23:15:58,136 logger INFO: Current triplet loss type is full
2019-12-30 23:15:58,136 logger INFO: Current full triplet loss value is 0.19882
2019-12-30 23:15:58,136 logger INFO: Current cross-entropy loss is 1.05685
2019-12-30 23:15:58,149 logger INFO: Estimated time of finish is 10 hours 53 mins 39 secs.
2019-12-30 23:35:15,394 logger INFO: Iteration 37500
2019-12-30 23:35:15,402 logger INFO: Hard triplet loss value is 0.25656
2019-12-30 23:35:15,406 logger INFO: Full triplet loss value is 0.20131
2019-12-30 23:35:15,406 logger INFO: Number of positive full loss entries is 3538.14209
2019-12-30 23:35:15,410 logger INFO: Mean dist is 3.96109
2019-12-30 23:35:15,410 logger INFO: Current learning rate is 0.00010
2019-12-30 23:35:15,410 logger INFO: Current triplet loss type is full
2019-12-30 23:35:15,703 logger INFO: Current full triplet loss value is 0.22415
2019-12-30 23:35:15,704 logger INFO: Current cross-entropy loss is 1.08939
2019-12-30 23:35:15,721 logger INFO: Estimated time of finish is 11 hours 7 mins 59 secs.
2019-12-30 23:54:29,465 logger INFO: saving weight file of iteration 40000 into /home1/dzc/experiments/gait_recognition/train_256_with_ce_full_10_no_fancy_sce_applied/checkpoints/SetNet_40000.pt
2019-12-30 23:54:29,827 logger INFO: Iteration 40000
2019-12-30 23:54:29,828 logger INFO: Hard triplet loss value is 0.25001
2019-12-30 23:54:29,828 logger INFO: Full triplet loss value is 0.20119
2019-12-30 23:54:29,829 logger INFO: Number of positive full loss entries is 3370.01367
2019-12-30 23:54:29,830 logger INFO: Mean dist is 4.03486
2019-12-30 23:54:29,830 logger INFO: Current learning rate is 0.00010
2019-12-30 23:54:29,830 logger INFO: Current triplet loss type is full
2019-12-30 23:54:29,830 logger INFO: Current full triplet loss value is 0.18069
2019-12-30 23:54:29,830 logger INFO: Current cross-entropy loss is 1.04903
2019-12-30 23:54:29,843 logger INFO: Estimated time of finish is 11 hours 10 mins 7 secs.
2019-12-31 00:13:44,363 logger INFO: Iteration 42500
2019-12-31 00:13:44,373 logger INFO: Hard triplet loss value is 0.24559
2019-12-31 00:13:44,373 logger INFO: Full triplet loss value is 0.20117
2019-12-31 00:13:44,374 logger INFO: Number of positive full loss entries is 3275.31445
2019-12-31 00:13:44,375 logger INFO: Mean dist is 4.09330
2019-12-31 00:13:44,375 logger INFO: Current learning rate is 0.00010
2019-12-31 00:13:44,375 logger INFO: Current triplet loss type is full
2019-12-31 00:13:44,678 logger INFO: Current full triplet loss value is 0.21886
2019-12-31 00:13:44,678 logger INFO: Current cross-entropy loss is 1.11115
2019-12-31 00:13:44,691 logger INFO: Estimated time of finish is 10 hours 53 mins 33 secs.
2019-12-31 00:33:00,764 logger INFO: saving weight file of iteration 45000 into /home1/dzc/experiments/gait_recognition/train_256_with_ce_full_10_no_fancy_sce_applied/checkpoints/SetNet_45000.pt
2019-12-31 00:33:01,125 logger INFO: Iteration 45000
2019-12-31 00:33:01,127 logger INFO: Hard triplet loss value is 0.24028
2019-12-31 00:33:01,128 logger INFO: Full triplet loss value is 0.20110
2019-12-31 00:33:01,129 logger INFO: Number of positive full loss entries is 3160.96558
2019-12-31 00:33:01,130 logger INFO: Mean dist is 4.16004
2019-12-31 00:33:01,130 logger INFO: Current learning rate is 0.00010
2019-12-31 00:33:01,130 logger INFO: Current triplet loss type is full
2019-12-31 00:33:01,130 logger INFO: Current full triplet loss value is 0.22115
2019-12-31 00:33:01,130 logger INFO: Current cross-entropy loss is 1.03939
2019-12-31 00:33:01,144 logger INFO: Estimated time of finish is 10 hours 22 mins 10 secs.
2019-12-31 00:52:17,971 logger INFO: Iteration 47500
2019-12-31 00:52:18,000 logger INFO: Hard triplet loss value is 0.23312
2019-12-31 00:52:18,001 logger INFO: Full triplet loss value is 0.20120
2019-12-31 00:52:18,002 logger INFO: Number of positive full loss entries is 2981.16357
2019-12-31 00:52:18,003 logger INFO: Mean dist is 4.24744
2019-12-31 00:52:18,003 logger INFO: Current learning rate is 0.00010
2019-12-31 00:52:18,003 logger INFO: Current triplet loss type is full
2019-12-31 00:52:18,284 logger INFO: Current full triplet loss value is 0.18436
2019-12-31 00:52:18,285 logger INFO: Current cross-entropy loss is 1.07023
2019-12-31 00:52:18,299 logger INFO: Estimated time of finish is 10 hours 14 mins 29 secs.
2019-12-31 01:11:33,534 logger INFO: saving weight file of iteration 50000 into /home1/dzc/experiments/gait_recognition/train_256_with_ce_full_10_no_fancy_sce_applied/checkpoints/SetNet_50000.pt
2019-12-31 01:11:51,962 logger INFO: Iteration 50000
2019-12-31 01:11:51,965 logger INFO: Hard triplet loss value is 0.23013
2019-12-31 01:11:51,967 logger INFO: Full triplet loss value is 0.20143
2019-12-31 01:11:51,968 logger INFO: Number of positive full loss entries is 2935.14990
2019-12-31 01:11:51,970 logger INFO: Mean dist is 4.30208
2019-12-31 01:11:51,970 logger INFO: Current learning rate is 0.00010
2019-12-31 01:11:51,970 logger INFO: Current triplet loss type is full
2019-12-31 01:11:51,970 logger INFO: Current full triplet loss value is 0.18603
2019-12-31 01:11:51,971 logger INFO: Current cross-entropy loss is 1.04743
2019-12-31 01:11:51,985 logger INFO: Estimated time of finish is 9 hours 26 mins 29 secs.
2019-12-31 01:31:04,769 logger INFO: Iteration 52500
2019-12-31 01:31:04,771 logger INFO: Hard triplet loss value is 0.22540
2019-12-31 01:31:04,772 logger INFO: Full triplet loss value is 0.20105
2019-12-31 01:31:04,773 logger INFO: Number of positive full loss entries is 2809.23315
2019-12-31 01:31:04,774 logger INFO: Mean dist is 4.36093
2019-12-31 01:31:04,774 logger INFO: Current learning rate is 0.00010
2019-12-31 01:31:04,774 logger INFO: Current triplet loss type is full
2019-12-31 01:31:05,087 logger INFO: Current full triplet loss value is 0.21770
2019-12-31 01:31:05,087 logger INFO: Current cross-entropy loss is 1.02800
2019-12-31 01:31:05,099 logger INFO: Estimated time of finish is 8 hours 56 mins 23 secs.
2019-12-31 01:50:18,487 logger INFO: saving weight file of iteration 55000 into /home1/dzc/experiments/gait_recognition/train_256_with_ce_full_10_no_fancy_sce_applied/checkpoints/SetNet_55000.pt
2019-12-31 01:50:18,860 logger INFO: Iteration 55000
2019-12-31 01:50:18,862 logger INFO: Hard triplet loss value is 0.22197
2019-12-31 01:50:18,863 logger INFO: Full triplet loss value is 0.20133
2019-12-31 01:50:18,864 logger INFO: Number of positive full loss entries is 2738.43164
2019-12-31 01:50:18,865 logger INFO: Mean dist is 4.43468
2019-12-31 01:50:18,865 logger INFO: Current learning rate is 0.00010
2019-12-31 01:50:18,865 logger INFO: Current triplet loss type is full
2019-12-31 01:50:18,865 logger INFO: Current full triplet loss value is 0.19126
2019-12-31 01:50:18,866 logger INFO: Current cross-entropy loss is 1.01517
2019-12-31 01:50:18,888 logger INFO: Estimated time of finish is 9 hours 21 mins 32 secs.
2019-12-31 02:09:32,296 logger INFO: Iteration 57500
2019-12-31 02:09:32,298 logger INFO: Hard triplet loss value is 0.21973
2019-12-31 02:09:32,299 logger INFO: Full triplet loss value is 0.20079
2019-12-31 02:09:32,300 logger INFO: Number of positive full loss entries is 2703.34229
2019-12-31 02:09:32,300 logger INFO: Mean dist is 4.46007
2019-12-31 02:09:32,300 logger INFO: Current learning rate is 0.00010
2019-12-31 02:09:32,301 logger INFO: Current triplet loss type is full
2019-12-31 02:09:32,611 logger INFO: Current full triplet loss value is 0.19651
2019-12-31 02:09:32,611 logger INFO: Current cross-entropy loss is 1.03720
2019-12-31 02:09:32,627 logger INFO: Estimated time of finish is 8 hours 55 mins 59 secs.
2019-12-31 02:28:47,870 logger INFO: saving weight file of iteration 60000 into /home1/dzc/experiments/gait_recognition/train_256_with_ce_full_10_no_fancy_sce_applied/checkpoints/SetNet_60000.pt
2019-12-31 02:28:48,223 logger INFO: Iteration 60000
2019-12-31 02:28:48,224 logger INFO: Hard triplet loss value is 0.21546
2019-12-31 02:28:48,225 logger INFO: Full triplet loss value is 0.20126
2019-12-31 02:28:48,226 logger INFO: Number of positive full loss entries is 2608.76733
2019-12-31 02:28:48,227 logger INFO: Mean dist is 4.52191
2019-12-31 02:28:48,227 logger INFO: Current learning rate is 0.00010
2019-12-31 02:28:48,227 logger INFO: Current triplet loss type is full
2019-12-31 02:28:48,227 logger INFO: Current full triplet loss value is 0.18250
2019-12-31 02:28:48,227 logger INFO: Current cross-entropy loss is 1.05869
2019-12-31 02:28:48,248 logger INFO: Estimated time of finish is 8 hours 4 mins 52 secs.
2019-12-31 02:48:03,009 logger INFO: Iteration 62500
2019-12-31 02:48:03,011 logger INFO: Hard triplet loss value is 0.21182
2019-12-31 02:48:03,012 logger INFO: Full triplet loss value is 0.20110
2019-12-31 02:48:03,013 logger INFO: Number of positive full loss entries is 2537.14404
2019-12-31 02:48:03,014 logger INFO: Mean dist is 4.57426
2019-12-31 02:48:03,014 logger INFO: Current learning rate is 0.00010
2019-12-31 02:48:03,014 logger INFO: Current triplet loss type is full
2019-12-31 02:48:03,329 logger INFO: Current full triplet loss value is 0.18953
2019-12-31 02:48:03,329 logger INFO: Current cross-entropy loss is 1.02761
2019-12-31 02:48:03,352 logger INFO: Estimated time of finish is 7 hours 33 mins 26 secs.
2019-12-31 03:07:18,201 logger INFO: saving weight file of iteration 65000 into /home1/dzc/experiments/gait_recognition/train_256_with_ce_full_10_no_fancy_sce_applied/checkpoints/SetNet_65000.pt
2019-12-31 03:07:18,563 logger INFO: Iteration 65000
2019-12-31 03:07:18,564 logger INFO: Hard triplet loss value is 0.20726
2019-12-31 03:07:18,565 logger INFO: Full triplet loss value is 0.20022
2019-12-31 03:07:18,565 logger INFO: Number of positive full loss entries is 2463.65137
2019-12-31 03:07:18,566 logger INFO: Mean dist is 4.62212
2019-12-31 03:07:18,566 logger INFO: Current learning rate is 0.00010
2019-12-31 03:07:18,566 logger INFO: Current triplet loss type is full
2019-12-31 03:07:18,566 logger INFO: Current full triplet loss value is 0.21340
2019-12-31 03:07:18,566 logger INFO: Current cross-entropy loss is 1.04428
2019-12-31 03:07:18,582 logger INFO: Estimated time of finish is 7 hours 59 mins 23 secs.
2019-12-31 03:26:30,973 logger INFO: Iteration 67500
2019-12-31 03:26:30,975 logger INFO: Hard triplet loss value is 0.20547
2019-12-31 03:26:30,976 logger INFO: Full triplet loss value is 0.20044
2019-12-31 03:26:30,977 logger INFO: Number of positive full loss entries is 2433.41919
2019-12-31 03:26:30,978 logger INFO: Mean dist is 4.66960
2019-12-31 03:26:30,978 logger INFO: Current learning rate is 0.00010
2019-12-31 03:26:30,978 logger INFO: Current triplet loss type is full
2019-12-31 03:26:31,290 logger INFO: Current full triplet loss value is 0.22062
2019-12-31 03:26:31,290 logger INFO: Current cross-entropy loss is 1.02561
2019-12-31 03:26:31,302 logger INFO: Estimated time of finish is 7 hours 22 mins 46 secs.
2019-12-31 03:45:44,401 logger INFO: saving weight file of iteration 70000 into /home1/dzc/experiments/gait_recognition/train_256_with_ce_full_10_no_fancy_sce_applied/checkpoints/SetNet_70000.pt
2019-12-31 03:45:44,760 logger INFO: Iteration 70000
2019-12-31 03:45:44,762 logger INFO: Hard triplet loss value is 0.20356
2019-12-31 03:45:44,763 logger INFO: Full triplet loss value is 0.20056
2019-12-31 03:45:44,764 logger INFO: Number of positive full loss entries is 2387.34009
2019-12-31 03:45:44,765 logger INFO: Mean dist is 4.73032
2019-12-31 03:45:44,765 logger INFO: Current learning rate is 0.00010
2019-12-31 03:45:44,765 logger INFO: Current triplet loss type is full
2019-12-31 03:45:44,766 logger INFO: Current full triplet loss value is 0.19316
2019-12-31 03:45:44,766 logger INFO: Current cross-entropy loss is 1.00556
2019-12-31 03:45:44,779 logger INFO: Estimated time of finish is 7 hours 44 mins 35 secs.
2019-12-31 04:04:54,987 logger INFO: Iteration 72500
2019-12-31 04:04:54,989 logger INFO: Hard triplet loss value is 0.19941
2019-12-31 04:04:54,991 logger INFO: Full triplet loss value is 0.20001
2019-12-31 04:04:54,992 logger INFO: Number of positive full loss entries is 2310.13672
2019-12-31 04:04:54,993 logger INFO: Mean dist is 4.76909
2019-12-31 04:04:54,993 logger INFO: Current learning rate is 0.00010
2019-12-31 04:04:54,993 logger INFO: Current triplet loss type is full
2019-12-31 04:04:55,302 logger INFO: Current full triplet loss value is 0.20595
2019-12-31 04:04:55,303 logger INFO: Current cross-entropy loss is 1.01909
2019-12-31 04:04:55,315 logger INFO: Estimated time of finish is 7 hours 8 mins 25 secs.
2019-12-31 04:24:00,125 logger INFO: saving weight file of iteration 75000 into /home1/dzc/experiments/gait_recognition/train_256_with_ce_full_10_no_fancy_sce_applied/checkpoints/SetNet_75000.pt
2019-12-31 04:24:00,485 logger INFO: Iteration 75000
2019-12-31 04:24:00,487 logger INFO: Hard triplet loss value is 0.19893
2019-12-31 04:24:00,488 logger INFO: Full triplet loss value is 0.20004
2019-12-31 04:24:00,489 logger INFO: Number of positive full loss entries is 2307.53516
2019-12-31 04:24:00,491 logger INFO: Mean dist is 4.81603
2019-12-31 04:24:00,491 logger INFO: Current learning rate is 0.00010
2019-12-31 04:24:00,491 logger INFO: Current triplet loss type is full
2019-12-31 04:24:00,491 logger INFO: Current full triplet loss value is 0.23058
2019-12-31 04:24:00,491 logger INFO: Current cross-entropy loss is 1.02478
2019-12-31 04:24:00,504 logger INFO: Estimated time of finish is 6 hours 31 mins 58 secs.
2019-12-31 04:43:05,931 logger INFO: Iteration 77500
2019-12-31 04:43:05,933 logger INFO: Hard triplet loss value is 0.19513
2019-12-31 04:43:05,934 logger INFO: Full triplet loss value is 0.19988
2019-12-31 04:43:05,935 logger INFO: Number of positive full loss entries is 2229.91602
2019-12-31 04:43:05,935 logger INFO: Mean dist is 4.86907
2019-12-31 04:43:05,936 logger INFO: Current learning rate is 0.00010
2019-12-31 04:43:05,936 logger INFO: Current triplet loss type is full
2019-12-31 04:43:06,248 logger INFO: Current full triplet loss value is 0.20113
2019-12-31 04:43:06,248 logger INFO: Current cross-entropy loss is 1.02731
2019-12-31 04:43:06,263 logger INFO: Estimated time of finish is 6 hours 19 mins 36 secs.
2019-12-31 05:02:10,932 logger INFO: saving weight file of iteration 80000 into /home1/dzc/experiments/gait_recognition/train_256_with_ce_full_10_no_fancy_sce_applied/checkpoints/SetNet_80000.pt
2019-12-31 05:02:11,297 logger INFO: Iteration 80000
2019-12-31 05:02:11,299 logger INFO: Hard triplet loss value is 0.19329
2019-12-31 05:02:11,300 logger INFO: Full triplet loss value is 0.20000
2019-12-31 05:02:11,302 logger INFO: Number of positive full loss entries is 2202.51270
2019-12-31 05:02:11,302 logger INFO: Mean dist is 4.91307
2019-12-31 05:02:11,302 logger INFO: Current learning rate is 0.00010
2019-12-31 05:02:11,303 logger INFO: Current triplet loss type is full
2019-12-31 05:02:11,303 logger INFO: Current full triplet loss value is 0.18904
2019-12-31 05:02:11,303 logger INFO: Current cross-entropy loss is 0.99894
2019-12-31 05:02:11,315 logger INFO: Estimated time of finish is 6 hours 3 mins 0 secs.
2019-12-31 05:21:16,485 logger INFO: Iteration 82500
2019-12-31 05:21:16,490 logger INFO: Hard triplet loss value is 0.19150
2019-12-31 05:21:16,491 logger INFO: Full triplet loss value is 0.19951
2019-12-31 05:21:16,493 logger INFO: Number of positive full loss entries is 2173.53687
2019-12-31 05:21:16,496 logger INFO: Mean dist is 4.94997
2019-12-31 05:21:16,496 logger INFO: Current learning rate is 0.00010
2019-12-31 05:21:16,496 logger INFO: Current triplet loss type is full
2019-12-31 05:21:16,800 logger INFO: Current full triplet loss value is 0.21071
2019-12-31 05:21:16,801 logger INFO: Current cross-entropy loss is 1.03560
2019-12-31 05:21:16,819 logger INFO: Estimated time of finish is 5 hours 53 mins 51 secs.
2019-12-31 05:40:21,304 logger INFO: saving weight file of iteration 85000 into /home1/dzc/experiments/gait_recognition/train_256_with_ce_full_10_no_fancy_sce_applied/checkpoints/SetNet_85000.pt
2019-12-31 05:40:21,702 logger INFO: Iteration 85000
2019-12-31 05:40:21,703 logger INFO: Hard triplet loss value is 0.18907
2019-12-31 05:40:21,704 logger INFO: Full triplet loss value is 0.19953
2019-12-31 05:40:21,705 logger INFO: Number of positive full loss entries is 2137.37573
2019-12-31 05:40:21,706 logger INFO: Mean dist is 4.98555
2019-12-31 05:40:21,706 logger INFO: Current learning rate is 0.00010
2019-12-31 05:40:21,706 logger INFO: Current triplet loss type is full
2019-12-31 05:40:21,706 logger INFO: Current full triplet loss value is 0.18042
2019-12-31 05:40:21,706 logger INFO: Current cross-entropy loss is 1.01025
2019-12-31 05:40:21,717 logger INFO: Estimated time of finish is 5 hours 20 mins 31 secs.
2019-12-31 05:59:27,051 logger INFO: Iteration 87500
2019-12-31 05:59:27,056 logger INFO: Hard triplet loss value is 0.18646
2019-12-31 05:59:27,058 logger INFO: Full triplet loss value is 0.19951
2019-12-31 05:59:27,059 logger INFO: Number of positive full loss entries is 2081.38086
2019-12-31 05:59:27,061 logger INFO: Mean dist is 5.04142
2019-12-31 05:59:27,061 logger INFO: Current learning rate is 0.00010
2019-12-31 05:59:27,061 logger INFO: Current triplet loss type is full
2019-12-31 05:59:27,366 logger INFO: Current full triplet loss value is 0.20501
2019-12-31 05:59:27,366 logger INFO: Current cross-entropy loss is 1.02690
2019-12-31 05:59:27,381 logger INFO: Estimated time of finish is 5 hours 16 mins 59 secs.
2019-12-31 06:18:32,028 logger INFO: saving weight file of iteration 90000 into /home1/dzc/experiments/gait_recognition/train_256_with_ce_full_10_no_fancy_sce_applied/checkpoints/SetNet_90000.pt
2019-12-31 06:18:32,388 logger INFO: Iteration 90000
2019-12-31 06:18:32,389 logger INFO: Hard triplet loss value is 0.18408
2019-12-31 06:18:32,390 logger INFO: Full triplet loss value is 0.19923
2019-12-31 06:18:32,390 logger INFO: Number of positive full loss entries is 2052.67847
2019-12-31 06:18:32,391 logger INFO: Mean dist is 5.06972
2019-12-31 06:18:32,391 logger INFO: Current learning rate is 0.00010
2019-12-31 06:18:32,391 logger INFO: Current triplet loss type is full
2019-12-31 06:18:32,391 logger INFO: Current full triplet loss value is 0.21579
2019-12-31 06:18:32,391 logger INFO: Current cross-entropy loss is 0.98949
2019-12-31 06:18:32,412 logger INFO: Estimated time of finish is 4 hours 53 mins 15 secs.
2019-12-31 06:37:37,154 logger INFO: Iteration 92500
2019-12-31 06:37:37,160 logger INFO: Hard triplet loss value is 0.18404
2019-12-31 06:37:37,162 logger INFO: Full triplet loss value is 0.19918
2019-12-31 06:37:37,163 logger INFO: Number of positive full loss entries is 2051.92847
2019-12-31 06:37:37,164 logger INFO: Mean dist is 5.09609
2019-12-31 06:37:37,164 logger INFO: Current learning rate is 0.00010
2019-12-31 06:37:37,164 logger INFO: Current triplet loss type is full
2019-12-31 06:37:37,461 logger INFO: Current full triplet loss value is 0.19135
2019-12-31 06:37:37,462 logger INFO: Current cross-entropy loss is 1.01276
2019-12-31 06:37:37,484 logger INFO: Estimated time of finish is 4 hours 23 mins 5 secs.
2019-12-31 06:56:42,684 logger INFO: saving weight file of iteration 95000 into /home1/dzc/experiments/gait_recognition/train_256_with_ce_full_10_no_fancy_sce_applied/checkpoints/SetNet_95000.pt
2019-12-31 06:56:43,029 logger INFO: Iteration 95000
2019-12-31 06:56:43,031 logger INFO: Hard triplet loss value is 0.18065
2019-12-31 06:56:43,032 logger INFO: Full triplet loss value is 0.19888
2019-12-31 06:56:43,032 logger INFO: Number of positive full loss entries is 1989.45703
2019-12-31 06:56:43,033 logger INFO: Mean dist is 5.15785
2019-12-31 06:56:43,033 logger INFO: Current learning rate is 0.00010
2019-12-31 06:56:43,033 logger INFO: Current triplet loss type is full
2019-12-31 06:56:43,033 logger INFO: Current full triplet loss value is 0.18359
2019-12-31 06:56:43,033 logger INFO: Current cross-entropy loss is 1.00151
2019-12-31 06:56:43,049 logger INFO: Estimated time of finish is 4 hours 21 mins 3 secs.
2019-12-31 07:15:45,849 logger INFO: Iteration 97500
2019-12-31 07:15:45,851 logger INFO: Hard triplet loss value is 0.17892
2019-12-31 07:15:45,852 logger INFO: Full triplet loss value is 0.19875
2019-12-31 07:15:45,853 logger INFO: Number of positive full loss entries is 1959.60498
2019-12-31 07:15:45,854 logger INFO: Mean dist is 5.20057
2019-12-31 07:15:45,854 logger INFO: Current learning rate is 0.00010
2019-12-31 07:15:45,854 logger INFO: Current triplet loss type is full
2019-12-31 07:15:46,162 logger INFO: Current full triplet loss value is 0.21777
2019-12-31 07:15:46,163 logger INFO: Current cross-entropy loss is 0.99935
2019-12-31 07:15:46,181 logger INFO: Estimated time of finish is 3 hours 58 mins 39 secs.
2019-12-31 07:34:36,415 logger INFO: saving weight file of iteration 100000 into /home1/dzc/experiments/gait_recognition/train_256_with_ce_full_10_no_fancy_sce_applied/checkpoints/SetNet_100000.pt
2019-12-31 07:34:36,791 logger INFO: Iteration 100000
2019-12-31 07:34:36,792 logger INFO: Hard triplet loss value is 0.17834
2019-12-31 07:34:36,793 logger INFO: Full triplet loss value is 0.19853
2019-12-31 07:34:36,793 logger INFO: Number of positive full loss entries is 1953.84802
2019-12-31 07:34:36,794 logger INFO: Mean dist is 5.22491
2019-12-31 07:34:36,794 logger INFO: Current learning rate is 0.00010
2019-12-31 07:34:36,794 logger INFO: Current triplet loss type is full
2019-12-31 07:34:36,795 logger INFO: Current full triplet loss value is 0.21973
2019-12-31 07:34:36,795 logger INFO: Current cross-entropy loss is 0.99944
2019-12-31 07:34:36,806 logger INFO: Estimated time of finish is 3 hours 39 mins 38 secs.
2019-12-31 07:53:24,984 logger INFO: Iteration 102500
2019-12-31 07:53:24,985 logger INFO: Hard triplet loss value is 0.17471
2019-12-31 07:53:24,986 logger INFO: Full triplet loss value is 0.19799
2019-12-31 07:53:24,987 logger INFO: Number of positive full loss entries is 1894.98596
2019-12-31 07:53:24,988 logger INFO: Mean dist is 5.27640
2019-12-31 07:53:24,988 logger INFO: Current learning rate is 0.00010
2019-12-31 07:53:24,988 logger INFO: Current triplet loss type is full
2019-12-31 07:53:25,300 logger INFO: Current full triplet loss value is 0.18815
2019-12-31 07:53:25,300 logger INFO: Current cross-entropy loss is 1.00925
2019-12-31 07:53:25,320 logger INFO: Estimated time of finish is 3 hours 13 mins 29 secs.
2019-12-31 08:12:09,782 logger INFO: saving weight file of iteration 105000 into /home1/dzc/experiments/gait_recognition/train_256_with_ce_full_10_no_fancy_sce_applied/checkpoints/SetNet_105000.pt
2019-12-31 08:12:10,148 logger INFO: Iteration 105000
2019-12-31 08:12:10,150 logger INFO: Hard triplet loss value is 0.17493
2019-12-31 08:12:10,150 logger INFO: Full triplet loss value is 0.19819
2019-12-31 08:12:10,151 logger INFO: Number of positive full loss entries is 1896.91284
2019-12-31 08:12:10,151 logger INFO: Mean dist is 5.30870
2019-12-31 08:12:10,151 logger INFO: Current learning rate is 0.00010
2019-12-31 08:12:10,151 logger INFO: Current triplet loss type is full
2019-12-31 08:12:10,151 logger INFO: Current full triplet loss value is 0.19826
2019-12-31 08:12:10,152 logger INFO: Current cross-entropy loss is 0.98559
2019-12-31 08:12:10,164 logger INFO: Estimated time of finish is 3 hours 1 mins 8 secs.
2019-12-31 08:30:54,313 logger INFO: Iteration 107500
2019-12-31 08:30:54,315 logger INFO: Hard triplet loss value is 0.17311
2019-12-31 08:30:54,316 logger INFO: Full triplet loss value is 0.19800
2019-12-31 08:30:54,317 logger INFO: Number of positive full loss entries is 1868.82666
2019-12-31 08:30:54,318 logger INFO: Mean dist is 5.35292
2019-12-31 08:30:54,318 logger INFO: Current learning rate is 0.00010
2019-12-31 08:30:54,319 logger INFO: Current triplet loss type is full
2019-12-31 08:30:54,630 logger INFO: Current full triplet loss value is 0.20533
2019-12-31 08:30:54,631 logger INFO: Current cross-entropy loss is 0.98804
2019-12-31 08:30:54,642 logger INFO: Estimated time of finish is 2 hours 40 mins 32 secs.
2019-12-31 08:49:40,473 logger INFO: saving weight file of iteration 110000 into /home1/dzc/experiments/gait_recognition/train_256_with_ce_full_10_no_fancy_sce_applied/checkpoints/SetNet_110000.pt
2019-12-31 08:49:40,844 logger INFO: Iteration 110000
2019-12-31 08:49:40,846 logger INFO: Hard triplet loss value is 0.17165
2019-12-31 08:49:40,847 logger INFO: Full triplet loss value is 0.19804
2019-12-31 08:49:40,848 logger INFO: Number of positive full loss entries is 1848.02136
2019-12-31 08:49:40,849 logger INFO: Mean dist is 5.38232
2019-12-31 08:49:40,849 logger INFO: Current learning rate is 0.00010
2019-12-31 08:49:40,849 logger INFO: Current triplet loss type is full
2019-12-31 08:49:40,849 logger INFO: Current full triplet loss value is 0.17686
2019-12-31 08:49:40,850 logger INFO: Current cross-entropy loss is 0.97811
2019-12-31 08:49:40,863 logger INFO: Estimated time of finish is 2 hours 22 mins 21 secs.
2019-12-31 09:08:36,996 logger INFO: Iteration 112500
2019-12-31 09:08:36,997 logger INFO: Hard triplet loss value is 0.16945
2019-12-31 09:08:36,998 logger INFO: Full triplet loss value is 0.19762
2019-12-31 09:08:36,999 logger INFO: Number of positive full loss entries is 1816.77722
2019-12-31 09:08:37,000 logger INFO: Mean dist is 5.41349
2019-12-31 09:08:37,000 logger INFO: Current learning rate is 0.00010
2019-12-31 09:08:37,000 logger INFO: Current triplet loss type is full
2019-12-31 09:08:37,312 logger INFO: Current full triplet loss value is 0.17143
2019-12-31 09:08:37,312 logger INFO: Current cross-entropy loss is 0.99084
2019-12-31 09:08:37,325 logger INFO: Estimated time of finish is 2 hours 11 mins 3 secs.
2019-12-31 09:27:22,928 logger INFO: saving weight file of iteration 115000 into /home1/dzc/experiments/gait_recognition/train_256_with_ce_full_10_no_fancy_sce_applied/checkpoints/SetNet_115000.pt
2019-12-31 09:27:23,294 logger INFO: Iteration 115000
2019-12-31 09:27:23,295 logger INFO: Hard triplet loss value is 0.16872
2019-12-31 09:27:23,296 logger INFO: Full triplet loss value is 0.19693
2019-12-31 09:27:23,298 logger INFO: Number of positive full loss entries is 1809.20203
2019-12-31 09:27:23,299 logger INFO: Mean dist is 5.44544
2019-12-31 09:27:23,299 logger INFO: Current learning rate is 0.00010
2019-12-31 09:27:23,299 logger INFO: Current triplet loss type is full
2019-12-31 09:27:23,299 logger INFO: Current full triplet loss value is 0.19186
2019-12-31 09:27:23,299 logger INFO: Current cross-entropy loss is 0.98444
2019-12-31 09:27:23,315 logger INFO: Estimated time of finish is 1 hours 48 mins 1 secs.
2019-12-31 09:46:09,070 logger INFO: Iteration 117500
2019-12-31 09:46:09,072 logger INFO: Hard triplet loss value is 0.16730
2019-12-31 09:46:09,073 logger INFO: Full triplet loss value is 0.19702
2019-12-31 09:46:09,074 logger INFO: Number of positive full loss entries is 1791.65442
2019-12-31 09:46:09,075 logger INFO: Mean dist is 5.48100
2019-12-31 09:46:09,075 logger INFO: Current learning rate is 0.00010
2019-12-31 09:46:09,075 logger INFO: Current triplet loss type is full
2019-12-31 09:46:09,386 logger INFO: Current full triplet loss value is 0.17696
2019-12-31 09:46:09,387 logger INFO: Current cross-entropy loss is 0.97644
2019-12-31 09:46:09,399 logger INFO: Estimated time of finish is 1 hours 30 mins 14 secs.
2019-12-31 10:04:55,664 logger INFO: saving weight file of iteration 120000 into /home1/dzc/experiments/gait_recognition/train_256_with_ce_full_10_no_fancy_sce_applied/checkpoints/SetNet_120000.pt
2019-12-31 10:04:56,029 logger INFO: Iteration 120000
2019-12-31 10:04:56,031 logger INFO: Hard triplet loss value is 0.16728
2019-12-31 10:04:56,032 logger INFO: Full triplet loss value is 0.19784
2019-12-31 10:04:56,033 logger INFO: Number of positive full loss entries is 1785.07397
2019-12-31 10:04:56,033 logger INFO: Mean dist is 5.50209
2019-12-31 10:04:56,033 logger INFO: Current learning rate is 0.00010
2019-12-31 10:04:56,033 logger INFO: Current triplet loss type is full
2019-12-31 10:04:56,034 logger INFO: Current full triplet loss value is 0.20717
2019-12-31 10:04:56,034 logger INFO: Current cross-entropy loss is 0.98224
2019-12-31 10:04:56,050 logger INFO: Estimated time of finish is 1 hours 13 mins 21 secs.
2019-12-31 10:23:37,639 logger INFO: Iteration 122500
2019-12-31 10:23:37,641 logger INFO: Hard triplet loss value is 0.16502
2019-12-31 10:23:37,642 logger INFO: Full triplet loss value is 0.19669
2019-12-31 10:23:37,643 logger INFO: Number of positive full loss entries is 1756.56018
2019-12-31 10:23:37,644 logger INFO: Mean dist is 5.54078
2019-12-31 10:23:37,644 logger INFO: Current learning rate is 0.00010
2019-12-31 10:23:37,644 logger INFO: Current triplet loss type is full
2019-12-31 10:23:37,967 logger INFO: Current full triplet loss value is 0.20275
2019-12-31 10:23:37,967 logger INFO: Current cross-entropy loss is 0.98482
2019-12-31 10:23:38,013 logger INFO: Estimated time of finish is 0 hours 53 mins 49 secs.
2019-12-31 10:42:29,248 logger INFO: saving weight file of iteration 125000 into /home1/dzc/experiments/gait_recognition/train_256_with_ce_full_10_no_fancy_sce_applied/checkpoints/SetNet_125000.pt
2019-12-31 10:42:29,628 logger INFO: Iteration 125000
2019-12-31 10:42:29,638 logger INFO: Hard triplet loss value is 0.16410
2019-12-31 10:42:29,639 logger INFO: Full triplet loss value is 0.19642
2019-12-31 10:42:29,640 logger INFO: Number of positive full loss entries is 1732.33923
2019-12-31 10:42:29,641 logger INFO: Mean dist is 5.58341
2019-12-31 10:42:29,641 logger INFO: Current learning rate is 0.00010
2019-12-31 10:42:29,641 logger INFO: Current triplet loss type is full
2019-12-31 10:42:29,642 logger INFO: Current full triplet loss value is 0.19054
2019-12-31 10:42:29,642 logger INFO: Current cross-entropy loss is 0.98857
2019-12-31 10:42:29,723 logger INFO: Estimated time of finish is 0 hours 35 mins 0 secs.
2019-12-31 11:01:24,410 logger INFO: Iteration 127500
2019-12-31 11:01:24,552 logger INFO: Hard triplet loss value is 0.16279
2019-12-31 11:01:24,553 logger INFO: Full triplet loss value is 0.19637
2019-12-31 11:01:24,555 logger INFO: Number of positive full loss entries is 1715.64246
2019-12-31 11:01:24,556 logger INFO: Mean dist is 5.62259
2019-12-31 11:01:24,557 logger INFO: Current learning rate is 0.00010
2019-12-31 11:01:24,557 logger INFO: Current triplet loss type is full
2019-12-31 11:01:24,726 logger INFO: Current full triplet loss value is 0.17912
2019-12-31 11:01:24,726 logger INFO: Current cross-entropy loss is 0.99045
2019-12-31 11:01:24,741 logger INFO: Estimated time of finish is 0 hours 17 mins 38 secs.
2019-12-31 11:20:18,378 logger INFO: saving weight file of iteration 130000 into /home1/dzc/experiments/gait_recognition/train_256_with_ce_full_10_no_fancy_sce_applied/checkpoints/SetNet_130000.pt
2019-12-31 11:20:18,754 logger INFO: Iteration 130000
2019-12-31 11:20:18,756 logger INFO: Hard triplet loss value is 0.16041
2019-12-31 11:20:18,757 logger INFO: Full triplet loss value is 0.19667
2019-12-31 11:20:18,757 logger INFO: Number of positive full loss entries is 1666.98755
2019-12-31 11:20:18,758 logger INFO: Mean dist is 5.66869
2019-12-31 11:20:18,758 logger INFO: Current learning rate is 0.00010
2019-12-31 11:20:18,758 logger INFO: Current triplet loss type is full
2019-12-31 11:20:18,758 logger INFO: Current full triplet loss value is 0.19103
2019-12-31 11:20:18,759 logger INFO: Current cross-entropy loss is 0.96859
2019-12-31 11:20:18,774 logger INFO: Estimated time of finish is 0 hours 0 mins 0 secs.
2019-12-31 11:20:18,779 logger INFO: Reaching maximum epochs, break training loop now.
