2019-12-28 23:44:02,267 logger INFO: Training logger setup finished
2019-12-28 23:44:02,267 logger INFO: Namespace(config_file='configs/train_256_with_ce_full_triplet_10_no_fancy.yml', opts=[])
2019-12-28 23:44:02,267 logger INFO: Merged settings from file configs/train_256_with_ce_full_triplet_10_no_fancy.yml
2019-12-28 23:44:02,268 logger INFO: 
PATH:
  EXPERIMENT_DIR: train_256_with_ce_full_10_no_fancy
MODEL:
  BNNECK: True
  DEVICE_ID: "'6,7'"
TRAIN:
  USE_SCHEDULER: False
SOLVER:
  OPTIMIZER_MANNER: whole-model
2019-12-28 23:44:02,268 logger INFO: Running with config:
DATASET:
  BOUNDARY: 73
  DATASET_DIR: /home1/gmf/dzc/GaitDatasetB-silh-processed
  NUM_WORKERS: 8
  RESOLUTION: 64
  SHUFFLE: False
LOGGER:
  FORMAT: %(asctime)s %(name)s %(levelname)s: %(message)s
  LEVEL: DEBUG
  NAME: logger
  WRITE_TO_FILE: True
MODEL:
  ACTIVATION: leaky_relu
  BNNECK: True
  CE_DIVIDED: 10
  DEVICE: cuda
  DEVICE_ID: 6,7
  NAME: SetNet
  NUM_FEATURES: 256
PATH:
  CHECKPOINT_DIR: checkpoints
  EXPERIMENT_DIR: train_256_with_ce_full_10_no_fancy
  LOG_STORE_DIR: logs
  OUTPUT_DIR: /home1/dzc/experiments/gait_recognition
  SPLIT_RECORD_DIR: partition
SOLVER:
  BASE_LR: 0.0001
  BIAS_LR_FACTOR: 2
  MILESTONES: [40000, 70000, 100000]
  MOMENTUM: 0.9
  OPTIMIZER_MANNER: whole-model
  OPTIMIZER_NAME: Adam
  WARMUP_ITERS: 1000
  WEIGHT_DECAY: 0.0005
  WEIGHT_DECAY_BIAS: 0.0
TEST:
  BATCH_SIZE: 16
  CACHE: False
  NUM_RANKS: 5
  TEST_ITER: 1000
TRAIN:
  BATCH_SIZE: (8, 16)
  CACHE: True
  DISPLAY_INFO_STEP: 2500
  FRAME_NUM: 30
  MAX_ITERS: 130000
  RECORD_STEP: 5000
  RESTORE_FROM_ITER: 0
  USE_SCHEDULER: False
TRIPLET_LOSS:
  MARGIN: 0.2
  TYPE: full
2019-12-28 23:46:58,556 logger INFO: Training starts.
2019-12-28 23:47:01,507 logger INFO: No structure file detected, serialize structure of model and optimizer into /home1/dzc/experiments/gait_recognition/train_256_with_ce_full_10_no_fancy/checkpoints/structure.pt
2019-12-28 23:47:01,542 logger INFO: Entering training loop now.
2019-12-29 00:01:28,359 logger INFO: Iteration 2500
2019-12-29 00:01:28,361 logger INFO: Hard triplet loss value is 0.56046
2019-12-29 00:01:28,363 logger INFO: Full triplet loss value is 0.19594
2019-12-29 00:01:28,364 logger INFO: Number of positive full loss entries is 45014.16016
2019-12-29 00:01:28,364 logger INFO: Mean dist is 1.41740
2019-12-29 00:01:28,365 logger INFO: Current learning rate is 0.00010
2019-12-29 00:01:28,365 logger INFO: Current triplet loss type is full
2019-12-29 00:01:28,608 logger INFO: Current full triplet loss value is 0.19925
2019-12-29 00:01:28,608 logger INFO: Current cross-entropy loss is 1.53614
2019-12-29 00:01:28,621 logger INFO: Estimated time of finish is 11 hours 21 mins 21 secs.
2019-12-29 00:15:47,915 logger INFO: saving weight file of iteration 5000 into /home1/dzc/experiments/gait_recognition/train_256_with_ce_full_10_no_fancy/checkpoints/SetNet_5000.pt
2019-12-29 00:15:48,198 logger INFO: Iteration 5000
2019-12-29 00:15:48,199 logger INFO: Hard triplet loss value is 0.50933
2019-12-29 00:15:48,199 logger INFO: Full triplet loss value is 0.19611
2019-12-29 00:15:48,200 logger INFO: Number of positive full loss entries is 20783.35156
2019-12-29 00:15:48,201 logger INFO: Mean dist is 1.93759
2019-12-29 00:15:48,201 logger INFO: Current learning rate is 0.00010
2019-12-29 00:15:48,201 logger INFO: Current triplet loss type is full
2019-12-29 00:15:48,201 logger INFO: Current full triplet loss value is 0.19728
2019-12-29 00:15:48,201 logger INFO: Current cross-entropy loss is 0.66179
2019-12-29 00:15:48,216 logger INFO: Estimated time of finish is 11 hours 29 mins 38 secs.
2019-12-29 00:30:07,425 logger INFO: Iteration 7500
2019-12-29 00:30:07,426 logger INFO: Hard triplet loss value is 0.46236
2019-12-29 00:30:07,427 logger INFO: Full triplet loss value is 0.19616
2019-12-29 00:30:07,427 logger INFO: Number of positive full loss entries is 14387.97754
2019-12-29 00:30:07,428 logger INFO: Mean dist is 2.24946
2019-12-29 00:30:07,428 logger INFO: Current learning rate is 0.00010
2019-12-29 00:30:07,428 logger INFO: Current triplet loss type is full
2019-12-29 00:30:07,668 logger INFO: Current full triplet loss value is 0.20837
2019-12-29 00:30:07,668 logger INFO: Current cross-entropy loss is 0.37004
2019-12-29 00:30:07,681 logger INFO: Estimated time of finish is 11 hours 19 mins 53 secs.
2019-12-29 00:44:30,742 logger INFO: saving weight file of iteration 10000 into /home1/dzc/experiments/gait_recognition/train_256_with_ce_full_10_no_fancy/checkpoints/SetNet_10000.pt
2019-12-29 00:44:31,020 logger INFO: Iteration 10000
2019-12-29 00:44:31,021 logger INFO: Hard triplet loss value is 0.42556
2019-12-29 00:44:31,022 logger INFO: Full triplet loss value is 0.19704
2019-12-29 00:44:31,023 logger INFO: Number of positive full loss entries is 11056.43457
2019-12-29 00:44:31,023 logger INFO: Mean dist is 2.49815
2019-12-29 00:44:31,023 logger INFO: Current learning rate is 0.00010
2019-12-29 00:44:31,023 logger INFO: Current triplet loss type is full
2019-12-29 00:44:31,023 logger INFO: Current full triplet loss value is 0.19016
2019-12-29 00:44:31,024 logger INFO: Current cross-entropy loss is 0.25873
2019-12-29 00:44:31,038 logger INFO: Estimated time of finish is 11 hours 17 mins 12 secs.
2019-12-29 00:58:53,787 logger INFO: Iteration 12500
2019-12-29 00:58:53,789 logger INFO: Hard triplet loss value is 0.39695
2019-12-29 00:58:53,790 logger INFO: Full triplet loss value is 0.19769
2019-12-29 00:58:53,791 logger INFO: Number of positive full loss entries is 9130.46191
2019-12-29 00:58:53,792 logger INFO: Mean dist is 2.69503
2019-12-29 00:58:53,792 logger INFO: Current learning rate is 0.00010
2019-12-29 00:58:53,792 logger INFO: Current triplet loss type is full
2019-12-29 00:58:54,026 logger INFO: Current full triplet loss value is 0.18313
2019-12-29 00:58:54,027 logger INFO: Current cross-entropy loss is 0.15942
2019-12-29 00:58:54,048 logger INFO: Estimated time of finish is 10 hours 39 mins 55 secs.
2019-12-29 01:13:17,049 logger INFO: saving weight file of iteration 15000 into /home1/dzc/experiments/gait_recognition/train_256_with_ce_full_10_no_fancy/checkpoints/SetNet_15000.pt
2019-12-29 01:13:17,340 logger INFO: Iteration 15000
2019-12-29 01:13:17,341 logger INFO: Hard triplet loss value is 0.37092
2019-12-29 01:13:17,342 logger INFO: Full triplet loss value is 0.19857
2019-12-29 01:13:17,343 logger INFO: Number of positive full loss entries is 7662.78223
2019-12-29 01:13:17,344 logger INFO: Mean dist is 2.87623
2019-12-29 01:13:17,344 logger INFO: Current learning rate is 0.00010
2019-12-29 01:13:17,344 logger INFO: Current triplet loss type is full
2019-12-29 01:13:17,344 logger INFO: Current full triplet loss value is 0.18984
2019-12-29 01:13:17,345 logger INFO: Current cross-entropy loss is 0.12926
2019-12-29 01:13:17,368 logger INFO: Estimated time of finish is 10 hours 16 mins 42 secs.
2019-12-29 01:27:40,488 logger INFO: Iteration 17500
2019-12-29 01:27:40,490 logger INFO: Hard triplet loss value is 0.35325
2019-12-29 01:27:40,491 logger INFO: Full triplet loss value is 0.19925
2019-12-29 01:27:40,491 logger INFO: Number of positive full loss entries is 6836.66895
2019-12-29 01:27:40,492 logger INFO: Mean dist is 3.01462
2019-12-29 01:27:40,492 logger INFO: Current learning rate is 0.00010
2019-12-29 01:27:40,492 logger INFO: Current triplet loss type is full
2019-12-29 01:27:40,730 logger INFO: Current full triplet loss value is 0.19010
2019-12-29 01:27:40,730 logger INFO: Current cross-entropy loss is 0.10803
2019-12-29 01:27:40,745 logger INFO: Estimated time of finish is 10 hours 22 mins 0 secs.
2019-12-29 01:42:09,067 logger INFO: saving weight file of iteration 20000 into /home1/dzc/experiments/gait_recognition/train_256_with_ce_full_10_no_fancy/checkpoints/SetNet_20000.pt
2019-12-29 01:42:09,349 logger INFO: Iteration 20000
2019-12-29 01:42:09,350 logger INFO: Hard triplet loss value is 0.33608
2019-12-29 01:42:09,351 logger INFO: Full triplet loss value is 0.19983
2019-12-29 01:42:09,351 logger INFO: Number of positive full loss entries is 6076.88232
2019-12-29 01:42:09,352 logger INFO: Mean dist is 3.15640
2019-12-29 01:42:09,352 logger INFO: Current learning rate is 0.00010
2019-12-29 01:42:09,352 logger INFO: Current triplet loss type is full
2019-12-29 01:42:09,352 logger INFO: Current full triplet loss value is 0.19424
2019-12-29 01:42:09,353 logger INFO: Current cross-entropy loss is 0.15218
2019-12-29 01:42:09,371 logger INFO: Estimated time of finish is 10 hours 14 mins 38 secs.
2019-12-29 01:56:38,441 logger INFO: Iteration 22500
2019-12-29 01:56:38,443 logger INFO: Hard triplet loss value is 0.32046
2019-12-29 01:56:38,443 logger INFO: Full triplet loss value is 0.20034
2019-12-29 01:56:38,444 logger INFO: Number of positive full loss entries is 5488.70459
2019-12-29 01:56:38,444 logger INFO: Mean dist is 3.27432
2019-12-29 01:56:38,444 logger INFO: Current learning rate is 0.00010
2019-12-29 01:56:38,445 logger INFO: Current triplet loss type is full
2019-12-29 01:56:38,684 logger INFO: Current full triplet loss value is 0.20815
2019-12-29 01:56:38,684 logger INFO: Current cross-entropy loss is 0.08128
2019-12-29 01:56:38,709 logger INFO: Estimated time of finish is 9 hours 57 mins 22 secs.
2019-12-29 02:11:06,639 logger INFO: saving weight file of iteration 25000 into /home1/dzc/experiments/gait_recognition/train_256_with_ce_full_10_no_fancy/checkpoints/SetNet_25000.pt
2019-12-29 02:11:06,924 logger INFO: Iteration 25000
2019-12-29 02:11:06,928 logger INFO: Hard triplet loss value is 0.30919
2019-12-29 02:11:06,929 logger INFO: Full triplet loss value is 0.20059
2019-12-29 02:11:06,929 logger INFO: Number of positive full loss entries is 5106.55371
2019-12-29 02:11:06,930 logger INFO: Mean dist is 3.37671
2019-12-29 02:11:06,930 logger INFO: Current learning rate is 0.00010
2019-12-29 02:11:06,930 logger INFO: Current triplet loss type is full
2019-12-29 02:11:06,930 logger INFO: Current full triplet loss value is 0.19133
2019-12-29 02:11:06,931 logger INFO: Current cross-entropy loss is 0.09820
2019-12-29 02:11:06,958 logger INFO: Estimated time of finish is 9 hours 42 mins 37 secs.
2019-12-29 02:25:34,512 logger INFO: Iteration 27500
2019-12-29 02:25:34,514 logger INFO: Hard triplet loss value is 0.29532
2019-12-29 02:25:34,515 logger INFO: Full triplet loss value is 0.20058
2019-12-29 02:25:34,516 logger INFO: Number of positive full loss entries is 4631.39502
2019-12-29 02:25:34,517 logger INFO: Mean dist is 3.48194
2019-12-29 02:25:34,517 logger INFO: Current learning rate is 0.00010
2019-12-29 02:25:34,517 logger INFO: Current triplet loss type is full
2019-12-29 02:25:34,754 logger INFO: Current full triplet loss value is 0.18850
2019-12-29 02:25:34,755 logger INFO: Current cross-entropy loss is 0.05425
2019-12-29 02:25:34,772 logger INFO: Estimated time of finish is 9 hours 34 mins 5 secs.
2019-12-29 02:40:02,705 logger INFO: saving weight file of iteration 30000 into /home1/dzc/experiments/gait_recognition/train_256_with_ce_full_10_no_fancy/checkpoints/SetNet_30000.pt
2019-12-29 02:40:02,980 logger INFO: Iteration 30000
2019-12-29 02:40:02,982 logger INFO: Hard triplet loss value is 0.28777
2019-12-29 02:40:02,982 logger INFO: Full triplet loss value is 0.20112
2019-12-29 02:40:02,983 logger INFO: Number of positive full loss entries is 4412.91943
2019-12-29 02:40:02,984 logger INFO: Mean dist is 3.56780
2019-12-29 02:40:02,984 logger INFO: Current learning rate is 0.00010
2019-12-29 02:40:02,984 logger INFO: Current triplet loss type is full
2019-12-29 02:40:02,984 logger INFO: Current full triplet loss value is 0.20894
2019-12-29 02:40:02,984 logger INFO: Current cross-entropy loss is 0.04317
2019-12-29 02:40:03,015 logger INFO: Estimated time of finish is 9 hours 29 mins 41 secs.
2019-12-29 02:54:30,876 logger INFO: Iteration 32500
2019-12-29 02:54:30,878 logger INFO: Hard triplet loss value is 0.27800
2019-12-29 02:54:30,879 logger INFO: Full triplet loss value is 0.20117
2019-12-29 02:54:30,880 logger INFO: Number of positive full loss entries is 4122.79883
2019-12-29 02:54:30,881 logger INFO: Mean dist is 3.65611
2019-12-29 02:54:30,882 logger INFO: Current learning rate is 0.00010
2019-12-29 02:54:30,882 logger INFO: Current triplet loss type is full
2019-12-29 02:54:31,118 logger INFO: Current full triplet loss value is 0.20280
2019-12-29 02:54:31,118 logger INFO: Current cross-entropy loss is 0.02533
2019-12-29 02:54:31,137 logger INFO: Estimated time of finish is 8 hours 43 mins 51 secs.
2019-12-29 03:08:59,013 logger INFO: saving weight file of iteration 35000 into /home1/dzc/experiments/gait_recognition/train_256_with_ce_full_10_no_fancy/checkpoints/SetNet_35000.pt
2019-12-29 03:08:59,298 logger INFO: Iteration 35000
2019-12-29 03:08:59,300 logger INFO: Hard triplet loss value is 0.27190
2019-12-29 03:08:59,300 logger INFO: Full triplet loss value is 0.20129
2019-12-29 03:08:59,301 logger INFO: Number of positive full loss entries is 3941.61670
2019-12-29 03:08:59,302 logger INFO: Mean dist is 3.72928
2019-12-29 03:08:59,302 logger INFO: Current learning rate is 0.00010
2019-12-29 03:08:59,302 logger INFO: Current triplet loss type is full
2019-12-29 03:08:59,302 logger INFO: Current full triplet loss value is 0.19593
2019-12-29 03:08:59,302 logger INFO: Current cross-entropy loss is 0.04740
2019-12-29 03:08:59,319 logger INFO: Estimated time of finish is 8 hours 44 mins 46 secs.
2019-12-29 03:23:26,547 logger INFO: Iteration 37500
2019-12-29 03:23:26,550 logger INFO: Hard triplet loss value is 0.26360
2019-12-29 03:23:26,551 logger INFO: Full triplet loss value is 0.20153
2019-12-29 03:23:26,552 logger INFO: Number of positive full loss entries is 3740.66406
2019-12-29 03:23:26,553 logger INFO: Mean dist is 3.80958
2019-12-29 03:23:26,553 logger INFO: Current learning rate is 0.00010
2019-12-29 03:23:26,553 logger INFO: Current triplet loss type is full
2019-12-29 03:23:26,778 logger INFO: Current full triplet loss value is 0.18993
2019-12-29 03:23:26,779 logger INFO: Current cross-entropy loss is 0.02389
2019-12-29 03:23:26,798 logger INFO: Estimated time of finish is 8 hours 47 mins 26 secs.
2019-12-29 03:37:54,907 logger INFO: saving weight file of iteration 40000 into /home1/dzc/experiments/gait_recognition/train_256_with_ce_full_10_no_fancy/checkpoints/SetNet_40000.pt
2019-12-29 03:37:55,197 logger INFO: Iteration 40000
2019-12-29 03:37:55,198 logger INFO: Hard triplet loss value is 0.25634
2019-12-29 03:37:55,199 logger INFO: Full triplet loss value is 0.20149
2019-12-29 03:37:55,200 logger INFO: Number of positive full loss entries is 3538.31689
2019-12-29 03:37:55,200 logger INFO: Mean dist is 3.89235
2019-12-29 03:37:55,200 logger INFO: Current learning rate is 0.00010
2019-12-29 03:37:55,201 logger INFO: Current triplet loss type is full
2019-12-29 03:37:55,201 logger INFO: Current full triplet loss value is 0.23139
2019-12-29 03:37:55,201 logger INFO: Current cross-entropy loss is 0.04985
2019-12-29 03:37:55,218 logger INFO: Estimated time of finish is 8 hours 13 mins 9 secs.
2019-12-29 03:52:23,699 logger INFO: Iteration 42500
2019-12-29 03:52:23,701 logger INFO: Hard triplet loss value is 0.25146
2019-12-29 03:52:23,702 logger INFO: Full triplet loss value is 0.20173
2019-12-29 03:52:23,703 logger INFO: Number of positive full loss entries is 3417.72241
2019-12-29 03:52:23,704 logger INFO: Mean dist is 3.95709
2019-12-29 03:52:23,704 logger INFO: Current learning rate is 0.00010
2019-12-29 03:52:23,704 logger INFO: Current triplet loss type is full
2019-12-29 03:52:23,939 logger INFO: Current full triplet loss value is 0.21141
2019-12-29 03:52:23,939 logger INFO: Current cross-entropy loss is 0.04205
2019-12-29 03:52:23,956 logger INFO: Estimated time of finish is 7 hours 53 mins 30 secs.
2019-12-29 04:06:51,398 logger INFO: saving weight file of iteration 45000 into /home1/dzc/experiments/gait_recognition/train_256_with_ce_full_10_no_fancy/checkpoints/SetNet_45000.pt
2019-12-29 04:06:51,692 logger INFO: Iteration 45000
2019-12-29 04:06:51,693 logger INFO: Hard triplet loss value is 0.24460
2019-12-29 04:06:51,694 logger INFO: Full triplet loss value is 0.20130
2019-12-29 04:06:51,695 logger INFO: Number of positive full loss entries is 3272.74634
2019-12-29 04:06:51,696 logger INFO: Mean dist is 4.02259
2019-12-29 04:06:51,696 logger INFO: Current learning rate is 0.00010
2019-12-29 04:06:51,696 logger INFO: Current triplet loss type is full
2019-12-29 04:06:51,696 logger INFO: Current full triplet loss value is 0.16952
2019-12-29 04:06:51,696 logger INFO: Current cross-entropy loss is 0.02393
2019-12-29 04:06:51,716 logger INFO: Estimated time of finish is 7 hours 50 mins 22 secs.
2019-12-29 04:21:19,556 logger INFO: Iteration 47500
2019-12-29 04:21:19,558 logger INFO: Hard triplet loss value is 0.24051
2019-12-29 04:21:19,558 logger INFO: Full triplet loss value is 0.20153
2019-12-29 04:21:19,559 logger INFO: Number of positive full loss entries is 3173.05615
2019-12-29 04:21:19,560 logger INFO: Mean dist is 4.07629
2019-12-29 04:21:19,560 logger INFO: Current learning rate is 0.00010
2019-12-29 04:21:19,560 logger INFO: Current triplet loss type is full
2019-12-29 04:21:19,795 logger INFO: Current full triplet loss value is 0.19308
2019-12-29 04:21:19,796 logger INFO: Current cross-entropy loss is 0.02814
2019-12-29 04:21:19,818 logger INFO: Estimated time of finish is 7 hours 56 mins 37 secs.
2019-12-29 04:35:47,740 logger INFO: saving weight file of iteration 50000 into /home1/dzc/experiments/gait_recognition/train_256_with_ce_full_10_no_fancy/checkpoints/SetNet_50000.pt
2019-12-29 04:35:48,032 logger INFO: Iteration 50000
2019-12-29 04:35:48,033 logger INFO: Hard triplet loss value is 0.23617
2019-12-29 04:35:48,034 logger INFO: Full triplet loss value is 0.20163
2019-12-29 04:35:48,035 logger INFO: Number of positive full loss entries is 3070.28979
2019-12-29 04:35:48,036 logger INFO: Mean dist is 4.13225
2019-12-29 04:35:48,036 logger INFO: Current learning rate is 0.00010
2019-12-29 04:35:48,036 logger INFO: Current triplet loss type is full
2019-12-29 04:35:48,036 logger INFO: Current full triplet loss value is 0.21747
2019-12-29 04:35:48,036 logger INFO: Current cross-entropy loss is 0.02482
2019-12-29 04:35:48,053 logger INFO: Estimated time of finish is 7 hours 37 mins 48 secs.
2019-12-29 04:50:16,468 logger INFO: Iteration 52500
2019-12-29 04:50:16,470 logger INFO: Hard triplet loss value is 0.23032
2019-12-29 04:50:16,470 logger INFO: Full triplet loss value is 0.20124
2019-12-29 04:50:16,471 logger INFO: Number of positive full loss entries is 2950.16797
2019-12-29 04:50:16,472 logger INFO: Mean dist is 4.20262
2019-12-29 04:50:16,472 logger INFO: Current learning rate is 0.00010
2019-12-29 04:50:16,472 logger INFO: Current triplet loss type is full
2019-12-29 04:50:16,709 logger INFO: Current full triplet loss value is 0.20834
2019-12-29 04:50:16,709 logger INFO: Current cross-entropy loss is 0.02139
2019-12-29 04:50:16,733 logger INFO: Estimated time of finish is 7 hours 13 mins 45 secs.
2019-12-29 05:04:45,752 logger INFO: saving weight file of iteration 55000 into /home1/dzc/experiments/gait_recognition/train_256_with_ce_full_10_no_fancy/checkpoints/SetNet_55000.pt
2019-12-29 05:04:46,046 logger INFO: Iteration 55000
2019-12-29 05:04:46,047 logger INFO: Hard triplet loss value is 0.22841
2019-12-29 05:04:46,048 logger INFO: Full triplet loss value is 0.20150
2019-12-29 05:04:46,049 logger INFO: Number of positive full loss entries is 2905.15796
2019-12-29 05:04:46,050 logger INFO: Mean dist is 4.25003
2019-12-29 05:04:46,050 logger INFO: Current learning rate is 0.00010
2019-12-29 05:04:46,050 logger INFO: Current triplet loss type is full
2019-12-29 05:04:46,051 logger INFO: Current full triplet loss value is 0.19014
2019-12-29 05:04:46,051 logger INFO: Current cross-entropy loss is 0.01996
2019-12-29 05:04:46,075 logger INFO: Estimated time of finish is 6 hours 48 mins 48 secs.
2019-12-29 05:19:15,155 logger INFO: Iteration 57500
2019-12-29 05:19:15,157 logger INFO: Hard triplet loss value is 0.22376
2019-12-29 05:19:15,158 logger INFO: Full triplet loss value is 0.20142
2019-12-29 05:19:15,159 logger INFO: Number of positive full loss entries is 2807.20557
2019-12-29 05:19:15,159 logger INFO: Mean dist is 4.30473
2019-12-29 05:19:15,159 logger INFO: Current learning rate is 0.00010
2019-12-29 05:19:15,160 logger INFO: Current triplet loss type is full
2019-12-29 05:19:15,397 logger INFO: Current full triplet loss value is 0.22197
2019-12-29 05:19:15,398 logger INFO: Current cross-entropy loss is 0.02853
2019-12-29 05:19:15,420 logger INFO: Estimated time of finish is 6 hours 50 mins 48 secs.
2019-12-29 05:33:44,442 logger INFO: saving weight file of iteration 60000 into /home1/dzc/experiments/gait_recognition/train_256_with_ce_full_10_no_fancy/checkpoints/SetNet_60000.pt
2019-12-29 05:33:44,737 logger INFO: Iteration 60000
2019-12-29 05:33:44,739 logger INFO: Hard triplet loss value is 0.22103
2019-12-29 05:33:44,740 logger INFO: Full triplet loss value is 0.20184
2019-12-29 05:33:44,741 logger INFO: Number of positive full loss entries is 2752.57300
2019-12-29 05:33:44,742 logger INFO: Mean dist is 4.36508
2019-12-29 05:33:44,742 logger INFO: Current learning rate is 0.00010
2019-12-29 05:33:44,742 logger INFO: Current triplet loss type is full
2019-12-29 05:33:44,742 logger INFO: Current full triplet loss value is 0.19804
2019-12-29 05:33:44,742 logger INFO: Current cross-entropy loss is 0.02110
2019-12-29 05:33:44,762 logger INFO: Estimated time of finish is 6 hours 17 mins 49 secs.
2019-12-29 05:48:14,220 logger INFO: Iteration 62500
2019-12-29 05:48:14,221 logger INFO: Hard triplet loss value is 0.21766
2019-12-29 05:48:14,222 logger INFO: Full triplet loss value is 0.20153
2019-12-29 05:48:14,222 logger INFO: Number of positive full loss entries is 2682.28271
2019-12-29 05:48:14,223 logger INFO: Mean dist is 4.41230
2019-12-29 05:48:14,223 logger INFO: Current learning rate is 0.00010
2019-12-29 05:48:14,223 logger INFO: Current triplet loss type is full
2019-12-29 05:48:14,460 logger INFO: Current full triplet loss value is 0.22512
2019-12-29 05:48:14,461 logger INFO: Current cross-entropy loss is 0.01546
2019-12-29 05:48:14,482 logger INFO: Estimated time of finish is 6 hours 13 mins 14 secs.
2019-12-29 06:02:43,591 logger INFO: saving weight file of iteration 65000 into /home1/dzc/experiments/gait_recognition/train_256_with_ce_full_10_no_fancy/checkpoints/SetNet_65000.pt
2019-12-29 06:02:43,881 logger INFO: Iteration 65000
2019-12-29 06:02:43,883 logger INFO: Hard triplet loss value is 0.21368
2019-12-29 06:02:43,884 logger INFO: Full triplet loss value is 0.20105
2019-12-29 06:02:43,885 logger INFO: Number of positive full loss entries is 2611.94531
2019-12-29 06:02:43,885 logger INFO: Mean dist is 4.46088
2019-12-29 06:02:43,886 logger INFO: Current learning rate is 0.00010
2019-12-29 06:02:43,886 logger INFO: Current triplet loss type is full
2019-12-29 06:02:43,886 logger INFO: Current full triplet loss value is 0.20111
2019-12-29 06:02:43,886 logger INFO: Current cross-entropy loss is 0.02856
2019-12-29 06:02:43,907 logger INFO: Estimated time of finish is 6 hours 7 mins 41 secs.
2019-12-29 06:17:12,842 logger INFO: Iteration 67500
2019-12-29 06:17:12,844 logger INFO: Hard triplet loss value is 0.21167
2019-12-29 06:17:12,845 logger INFO: Full triplet loss value is 0.20143
2019-12-29 06:17:12,848 logger INFO: Number of positive full loss entries is 2564.47949
2019-12-29 06:17:12,848 logger INFO: Mean dist is 4.50771
2019-12-29 06:17:12,848 logger INFO: Current learning rate is 0.00010
2019-12-29 06:17:12,849 logger INFO: Current triplet loss type is full
2019-12-29 06:17:13,086 logger INFO: Current full triplet loss value is 0.21338
2019-12-29 06:17:13,086 logger INFO: Current cross-entropy loss is 0.02536
2019-12-29 06:17:13,106 logger INFO: Estimated time of finish is 5 hours 49 mins 54 secs.
2019-12-29 06:31:42,393 logger INFO: saving weight file of iteration 70000 into /home1/dzc/experiments/gait_recognition/train_256_with_ce_full_10_no_fancy/checkpoints/SetNet_70000.pt
2019-12-29 06:31:42,689 logger INFO: Iteration 70000
2019-12-29 06:31:42,690 logger INFO: Hard triplet loss value is 0.20830
2019-12-29 06:31:42,691 logger INFO: Full triplet loss value is 0.20117
2019-12-29 06:31:42,692 logger INFO: Number of positive full loss entries is 2504.87964
2019-12-29 06:31:42,693 logger INFO: Mean dist is 4.56108
2019-12-29 06:31:42,693 logger INFO: Current learning rate is 0.00010
2019-12-29 06:31:42,693 logger INFO: Current triplet loss type is full
2019-12-29 06:31:42,694 logger INFO: Current full triplet loss value is 0.18224
2019-12-29 06:31:42,694 logger INFO: Current cross-entropy loss is 0.01264
2019-12-29 06:31:42,712 logger INFO: Estimated time of finish is 5 hours 27 mins 52 secs.
2019-12-29 06:46:12,031 logger INFO: Iteration 72500
2019-12-29 06:46:12,033 logger INFO: Hard triplet loss value is 0.20624
2019-12-29 06:46:12,034 logger INFO: Full triplet loss value is 0.20104
2019-12-29 06:46:12,035 logger INFO: Number of positive full loss entries is 2470.68433
2019-12-29 06:46:12,036 logger INFO: Mean dist is 4.58889
2019-12-29 06:46:12,037 logger INFO: Current learning rate is 0.00010
2019-12-29 06:46:12,037 logger INFO: Current triplet loss type is full
2019-12-29 06:46:12,272 logger INFO: Current full triplet loss value is 0.19989
2019-12-29 06:46:12,273 logger INFO: Current cross-entropy loss is 0.01416
2019-12-29 06:46:12,291 logger INFO: Estimated time of finish is 5 hours 12 mins 15 secs.
2019-12-29 07:00:41,303 logger INFO: saving weight file of iteration 75000 into /home1/dzc/experiments/gait_recognition/train_256_with_ce_full_10_no_fancy/checkpoints/SetNet_75000.pt
2019-12-29 07:00:41,586 logger INFO: Iteration 75000
2019-12-29 07:00:41,587 logger INFO: Hard triplet loss value is 0.20252
2019-12-29 07:00:41,588 logger INFO: Full triplet loss value is 0.20061
2019-12-29 07:00:41,588 logger INFO: Number of positive full loss entries is 2392.84277
2019-12-29 07:00:41,589 logger INFO: Mean dist is 4.64687
2019-12-29 07:00:41,589 logger INFO: Current learning rate is 0.00010
2019-12-29 07:00:41,589 logger INFO: Current triplet loss type is full
2019-12-29 07:00:41,589 logger INFO: Current full triplet loss value is 0.20407
2019-12-29 07:00:41,590 logger INFO: Current cross-entropy loss is 0.02609
2019-12-29 07:00:41,609 logger INFO: Estimated time of finish is 5 hours 2 mins 18 secs.
2019-12-29 07:15:10,761 logger INFO: Iteration 77500
2019-12-29 07:15:10,763 logger INFO: Hard triplet loss value is 0.20119
2019-12-29 07:15:10,764 logger INFO: Full triplet loss value is 0.20088
2019-12-29 07:15:10,765 logger INFO: Number of positive full loss entries is 2374.45044
2019-12-29 07:15:10,766 logger INFO: Mean dist is 4.68429
2019-12-29 07:15:10,766 logger INFO: Current learning rate is 0.00010
2019-12-29 07:15:10,766 logger INFO: Current triplet loss type is full
2019-12-29 07:15:11,002 logger INFO: Current full triplet loss value is 0.21498
2019-12-29 07:15:11,002 logger INFO: Current cross-entropy loss is 0.01529
2019-12-29 07:15:11,023 logger INFO: Estimated time of finish is 4 hours 52 mins 31 secs.
2019-12-29 07:29:40,391 logger INFO: saving weight file of iteration 80000 into /home1/dzc/experiments/gait_recognition/train_256_with_ce_full_10_no_fancy/checkpoints/SetNet_80000.pt
2019-12-29 07:29:40,683 logger INFO: Iteration 80000
2019-12-29 07:29:40,685 logger INFO: Hard triplet loss value is 0.19765
2019-12-29 07:29:40,686 logger INFO: Full triplet loss value is 0.20078
2019-12-29 07:29:40,687 logger INFO: Number of positive full loss entries is 2307.87793
2019-12-29 07:29:40,688 logger INFO: Mean dist is 4.73553
2019-12-29 07:29:40,688 logger INFO: Current learning rate is 0.00010
2019-12-29 07:29:40,688 logger INFO: Current triplet loss type is full
2019-12-29 07:29:40,688 logger INFO: Current full triplet loss value is 0.21510
2019-12-29 07:29:40,688 logger INFO: Current cross-entropy loss is 0.02158
2019-12-29 07:29:40,706 logger INFO: Estimated time of finish is 4 hours 56 mins 23 secs.
2019-12-29 07:44:10,560 logger INFO: Iteration 82500
2019-12-29 07:44:10,562 logger INFO: Hard triplet loss value is 0.19649
2019-12-29 07:44:10,563 logger INFO: Full triplet loss value is 0.20036
2019-12-29 07:44:10,564 logger INFO: Number of positive full loss entries is 2288.25317
2019-12-29 07:44:10,566 logger INFO: Mean dist is 4.77284
2019-12-29 07:44:10,566 logger INFO: Current learning rate is 0.00010
2019-12-29 07:44:10,566 logger INFO: Current triplet loss type is full
2019-12-29 07:44:10,803 logger INFO: Current full triplet loss value is 0.21156
2019-12-29 07:44:10,803 logger INFO: Current cross-entropy loss is 0.01135
2019-12-29 07:44:10,820 logger INFO: Estimated time of finish is 4 hours 24 mins 42 secs.
2019-12-29 07:58:41,986 logger INFO: saving weight file of iteration 85000 into /home1/dzc/experiments/gait_recognition/train_256_with_ce_full_10_no_fancy/checkpoints/SetNet_85000.pt
2019-12-29 07:58:42,279 logger INFO: Iteration 85000
2019-12-29 07:58:42,281 logger INFO: Hard triplet loss value is 0.19292
2019-12-29 07:58:42,282 logger INFO: Full triplet loss value is 0.20051
2019-12-29 07:58:42,282 logger INFO: Number of positive full loss entries is 2212.42676
2019-12-29 07:58:42,283 logger INFO: Mean dist is 4.82629
2019-12-29 07:58:42,283 logger INFO: Current learning rate is 0.00010
2019-12-29 07:58:42,283 logger INFO: Current triplet loss type is full
2019-12-29 07:58:42,283 logger INFO: Current full triplet loss value is 0.19693
2019-12-29 07:58:42,284 logger INFO: Current cross-entropy loss is 0.01137
2019-12-29 07:58:42,301 logger INFO: Estimated time of finish is 4 hours 7 mins 10 secs.
2019-12-29 08:13:12,611 logger INFO: Iteration 87500
2019-12-29 08:13:12,613 logger INFO: Hard triplet loss value is 0.19255
2019-12-29 08:13:12,613 logger INFO: Full triplet loss value is 0.20034
2019-12-29 08:13:12,614 logger INFO: Number of positive full loss entries is 2218.53076
2019-12-29 08:13:12,614 logger INFO: Mean dist is 4.84469
2019-12-29 08:13:12,615 logger INFO: Current learning rate is 0.00010
2019-12-29 08:13:12,615 logger INFO: Current triplet loss type is full
2019-12-29 08:13:12,854 logger INFO: Current full triplet loss value is 0.21414
2019-12-29 08:13:12,855 logger INFO: Current cross-entropy loss is 0.01452
2019-12-29 08:13:12,876 logger INFO: Estimated time of finish is 3 hours 54 mins 6 secs.
2019-12-29 08:27:43,493 logger INFO: saving weight file of iteration 90000 into /home1/dzc/experiments/gait_recognition/train_256_with_ce_full_10_no_fancy/checkpoints/SetNet_90000.pt
2019-12-29 08:27:43,778 logger INFO: Iteration 90000
2019-12-29 08:27:43,780 logger INFO: Hard triplet loss value is 0.18993
2019-12-29 08:27:43,780 logger INFO: Full triplet loss value is 0.20014
2019-12-29 08:27:43,781 logger INFO: Number of positive full loss entries is 2182.75317
2019-12-29 08:27:43,781 logger INFO: Mean dist is 4.88844
2019-12-29 08:27:43,782 logger INFO: Current learning rate is 0.00010
2019-12-29 08:27:43,782 logger INFO: Current triplet loss type is full
2019-12-29 08:27:43,782 logger INFO: Current full triplet loss value is 0.22090
2019-12-29 08:27:43,782 logger INFO: Current cross-entropy loss is 0.01462
2019-12-29 08:27:43,805 logger INFO: Estimated time of finish is 3 hours 41 mins 53 secs.
2019-12-29 08:42:14,252 logger INFO: Iteration 92500
2019-12-29 08:42:14,254 logger INFO: Hard triplet loss value is 0.18760
2019-12-29 08:42:14,255 logger INFO: Full triplet loss value is 0.19954
2019-12-29 08:42:14,255 logger INFO: Number of positive full loss entries is 2146.31323
2019-12-29 08:42:14,256 logger INFO: Mean dist is 4.92638
2019-12-29 08:42:14,256 logger INFO: Current learning rate is 0.00010
2019-12-29 08:42:14,256 logger INFO: Current triplet loss type is full
2019-12-29 08:42:14,490 logger INFO: Current full triplet loss value is 0.16709
2019-12-29 08:42:14,490 logger INFO: Current cross-entropy loss is 0.01364
2019-12-29 08:42:14,508 logger INFO: Estimated time of finish is 3 hours 32 mins 11 secs.
2019-12-29 08:56:44,766 logger INFO: saving weight file of iteration 95000 into /home1/dzc/experiments/gait_recognition/train_256_with_ce_full_10_no_fancy/checkpoints/SetNet_95000.pt
2019-12-29 08:56:45,050 logger INFO: Iteration 95000
2019-12-29 08:56:45,051 logger INFO: Hard triplet loss value is 0.18549
2019-12-29 08:56:45,052 logger INFO: Full triplet loss value is 0.20021
2019-12-29 08:56:45,053 logger INFO: Number of positive full loss entries is 2091.32935
2019-12-29 08:56:45,054 logger INFO: Mean dist is 4.97527
2019-12-29 08:56:45,054 logger INFO: Current learning rate is 0.00010
2019-12-29 08:56:45,054 logger INFO: Current triplet loss type is full
2019-12-29 08:56:45,054 logger INFO: Current full triplet loss value is 0.20360
2019-12-29 08:56:45,054 logger INFO: Current cross-entropy loss is 0.01034
2019-12-29 08:56:45,074 logger INFO: Estimated time of finish is 3 hours 12 mins 8 secs.
2019-12-29 09:11:15,135 logger INFO: Iteration 97500
2019-12-29 09:11:15,137 logger INFO: Hard triplet loss value is 0.18511
2019-12-29 09:11:15,137 logger INFO: Full triplet loss value is 0.19989
2019-12-29 09:11:15,138 logger INFO: Number of positive full loss entries is 2091.91162
2019-12-29 09:11:15,138 logger INFO: Mean dist is 5.01740
2019-12-29 09:11:15,139 logger INFO: Current learning rate is 0.00010
2019-12-29 09:11:15,139 logger INFO: Current triplet loss type is full
2019-12-29 09:11:15,375 logger INFO: Current full triplet loss value is 0.18896
2019-12-29 09:11:15,375 logger INFO: Current cross-entropy loss is 0.02912
2019-12-29 09:11:15,395 logger INFO: Estimated time of finish is 2 hours 58 mins 23 secs.
2019-12-29 09:25:45,834 logger INFO: saving weight file of iteration 100000 into /home1/dzc/experiments/gait_recognition/train_256_with_ce_full_10_no_fancy/checkpoints/SetNet_100000.pt
2019-12-29 09:25:46,128 logger INFO: Iteration 100000
2019-12-29 09:25:46,129 logger INFO: Hard triplet loss value is 0.18358
2019-12-29 09:25:46,130 logger INFO: Full triplet loss value is 0.19961
2019-12-29 09:25:46,131 logger INFO: Number of positive full loss entries is 2075.18091
2019-12-29 09:25:46,132 logger INFO: Mean dist is 5.03985
2019-12-29 09:25:46,132 logger INFO: Current learning rate is 0.00010
2019-12-29 09:25:46,132 logger INFO: Current triplet loss type is full
2019-12-29 09:25:46,132 logger INFO: Current full triplet loss value is 0.19223
2019-12-29 09:25:46,132 logger INFO: Current cross-entropy loss is 0.00733
2019-12-29 09:25:46,153 logger INFO: Estimated time of finish is 2 hours 46 mins 7 secs.
2019-12-29 09:40:16,706 logger INFO: Iteration 102500
2019-12-29 09:40:16,708 logger INFO: Hard triplet loss value is 0.18123
2019-12-29 09:40:16,709 logger INFO: Full triplet loss value is 0.19947
2019-12-29 09:40:16,710 logger INFO: Number of positive full loss entries is 2033.91516
2019-12-29 09:40:16,711 logger INFO: Mean dist is 5.08274
2019-12-29 09:40:16,711 logger INFO: Current learning rate is 0.00010
2019-12-29 09:40:16,712 logger INFO: Current triplet loss type is full
2019-12-29 09:40:16,943 logger INFO: Current full triplet loss value is 0.19781
2019-12-29 09:40:16,943 logger INFO: Current cross-entropy loss is 0.01912
2019-12-29 09:40:16,968 logger INFO: Estimated time of finish is 2 hours 33 mins 32 secs.
2019-12-29 09:54:47,464 logger INFO: saving weight file of iteration 105000 into /home1/dzc/experiments/gait_recognition/train_256_with_ce_full_10_no_fancy/checkpoints/SetNet_105000.pt
2019-12-29 09:54:47,748 logger INFO: Iteration 105000
2019-12-29 09:54:47,749 logger INFO: Hard triplet loss value is 0.17902
2019-12-29 09:54:47,750 logger INFO: Full triplet loss value is 0.19961
2019-12-29 09:54:47,750 logger INFO: Number of positive full loss entries is 1991.63037
2019-12-29 09:54:47,751 logger INFO: Mean dist is 5.13250
2019-12-29 09:54:47,751 logger INFO: Current learning rate is 0.00010
2019-12-29 09:54:47,751 logger INFO: Current triplet loss type is full
2019-12-29 09:54:47,751 logger INFO: Current full triplet loss value is 0.21624
2019-12-29 09:54:47,751 logger INFO: Current cross-entropy loss is 0.02171
2019-12-29 09:54:47,769 logger INFO: Estimated time of finish is 2 hours 18 mins 20 secs.
2019-12-29 10:09:18,337 logger INFO: Iteration 107500
2019-12-29 10:09:18,339 logger INFO: Hard triplet loss value is 0.17767
2019-12-29 10:09:18,340 logger INFO: Full triplet loss value is 0.19889
2019-12-29 10:09:18,341 logger INFO: Number of positive full loss entries is 1975.70435
2019-12-29 10:09:18,342 logger INFO: Mean dist is 5.15308
2019-12-29 10:09:18,342 logger INFO: Current learning rate is 0.00010
2019-12-29 10:09:18,342 logger INFO: Current triplet loss type is full
2019-12-29 10:09:18,578 logger INFO: Current full triplet loss value is 0.21639
2019-12-29 10:09:18,578 logger INFO: Current cross-entropy loss is 0.01087
2019-12-29 10:09:18,599 logger INFO: Estimated time of finish is 2 hours 3 mins 44 secs.
2019-12-29 10:23:49,447 logger INFO: saving weight file of iteration 110000 into /home1/dzc/experiments/gait_recognition/train_256_with_ce_full_10_no_fancy/checkpoints/SetNet_110000.pt
2019-12-29 10:23:49,747 logger INFO: Iteration 110000
2019-12-29 10:23:49,748 logger INFO: Hard triplet loss value is 0.17599
2019-12-29 10:23:49,749 logger INFO: Full triplet loss value is 0.19879
2019-12-29 10:23:49,750 logger INFO: Number of positive full loss entries is 1945.99805
2019-12-29 10:23:49,750 logger INFO: Mean dist is 5.19151
2019-12-29 10:23:49,750 logger INFO: Current learning rate is 0.00010
2019-12-29 10:23:49,751 logger INFO: Current triplet loss type is full
2019-12-29 10:23:49,751 logger INFO: Current full triplet loss value is 0.21543
2019-12-29 10:23:49,751 logger INFO: Current cross-entropy loss is 0.00894
2019-12-29 10:23:49,771 logger INFO: Estimated time of finish is 1 hours 50 mins 25 secs.
2019-12-29 10:38:20,578 logger INFO: Iteration 112500
2019-12-29 10:38:20,580 logger INFO: Hard triplet loss value is 0.17490
2019-12-29 10:38:20,581 logger INFO: Full triplet loss value is 0.19887
2019-12-29 10:38:20,582 logger INFO: Number of positive full loss entries is 1935.43445
2019-12-29 10:38:20,583 logger INFO: Mean dist is 5.22003
2019-12-29 10:38:20,583 logger INFO: Current learning rate is 0.00010
2019-12-29 10:38:20,583 logger INFO: Current triplet loss type is full
2019-12-29 10:38:20,817 logger INFO: Current full triplet loss value is 0.23524
2019-12-29 10:38:20,818 logger INFO: Current cross-entropy loss is 0.00672
2019-12-29 10:38:20,836 logger INFO: Estimated time of finish is 1 hours 36 mins 50 secs.
2019-12-29 10:52:52,342 logger INFO: saving weight file of iteration 115000 into /home1/dzc/experiments/gait_recognition/train_256_with_ce_full_10_no_fancy/checkpoints/SetNet_115000.pt
2019-12-29 10:52:52,635 logger INFO: Iteration 115000
2019-12-29 10:52:52,637 logger INFO: Hard triplet loss value is 0.17276
2019-12-29 10:52:52,637 logger INFO: Full triplet loss value is 0.19871
2019-12-29 10:52:52,638 logger INFO: Number of positive full loss entries is 1894.95837
2019-12-29 10:52:52,639 logger INFO: Mean dist is 5.25548
2019-12-29 10:52:52,639 logger INFO: Current learning rate is 0.00010
2019-12-29 10:52:52,639 logger INFO: Current triplet loss type is full
2019-12-29 10:52:52,639 logger INFO: Current full triplet loss value is 0.16259
2019-12-29 10:52:52,640 logger INFO: Current cross-entropy loss is 0.00784
2019-12-29 10:52:52,668 logger INFO: Estimated time of finish is 1 hours 24 mins 8 secs.
2019-12-29 11:07:23,171 logger INFO: Iteration 117500
2019-12-29 11:07:23,173 logger INFO: Hard triplet loss value is 0.17086
2019-12-29 11:07:23,173 logger INFO: Full triplet loss value is 0.19861
2019-12-29 11:07:23,174 logger INFO: Number of positive full loss entries is 1866.18359
2019-12-29 11:07:23,175 logger INFO: Mean dist is 5.30981
2019-12-29 11:07:23,175 logger INFO: Current learning rate is 0.00010
2019-12-29 11:07:23,175 logger INFO: Current triplet loss type is full
2019-12-29 11:07:23,411 logger INFO: Current full triplet loss value is 0.23158
2019-12-29 11:07:23,411 logger INFO: Current cross-entropy loss is 0.01225
2019-12-29 11:07:23,429 logger INFO: Estimated time of finish is 1 hours 9 mins 27 secs.
2019-12-29 11:21:54,966 logger INFO: saving weight file of iteration 120000 into /home1/dzc/experiments/gait_recognition/train_256_with_ce_full_10_no_fancy/checkpoints/SetNet_120000.pt
2019-12-29 11:21:55,256 logger INFO: Iteration 120000
2019-12-29 11:21:55,257 logger INFO: Hard triplet loss value is 0.17117
2019-12-29 11:21:55,258 logger INFO: Full triplet loss value is 0.19879
2019-12-29 11:21:55,259 logger INFO: Number of positive full loss entries is 1864.67761
2019-12-29 11:21:55,259 logger INFO: Mean dist is 5.33475
2019-12-29 11:21:55,259 logger INFO: Current learning rate is 0.00010
2019-12-29 11:21:55,259 logger INFO: Current triplet loss type is full
2019-12-29 11:21:55,260 logger INFO: Current full triplet loss value is 0.17981
2019-12-29 11:21:55,260 logger INFO: Current cross-entropy loss is 0.00744
2019-12-29 11:21:55,277 logger INFO: Estimated time of finish is 0 hours 54 mins 46 secs.
2019-12-29 11:36:25,855 logger INFO: Iteration 122500
2019-12-29 11:36:25,856 logger INFO: Hard triplet loss value is 0.16940
2019-12-29 11:36:25,857 logger INFO: Full triplet loss value is 0.19787
2019-12-29 11:36:25,857 logger INFO: Number of positive full loss entries is 1852.43799
2019-12-29 11:36:25,858 logger INFO: Mean dist is 5.36000
2019-12-29 11:36:25,858 logger INFO: Current learning rate is 0.00010
2019-12-29 11:36:25,858 logger INFO: Current triplet loss type is full
2019-12-29 11:36:26,097 logger INFO: Current full triplet loss value is 0.19245
2019-12-29 11:36:26,098 logger INFO: Current cross-entropy loss is 0.00705
2019-12-29 11:36:26,115 logger INFO: Estimated time of finish is 0 hours 40 mins 18 secs.
2019-12-29 11:50:57,142 logger INFO: saving weight file of iteration 125000 into /home1/dzc/experiments/gait_recognition/train_256_with_ce_full_10_no_fancy/checkpoints/SetNet_125000.pt
2019-12-29 11:50:57,425 logger INFO: Iteration 125000
2019-12-29 11:50:57,426 logger INFO: Hard triplet loss value is 0.16977
2019-12-29 11:50:57,427 logger INFO: Full triplet loss value is 0.19847
2019-12-29 11:50:57,428 logger INFO: Number of positive full loss entries is 1858.05042
2019-12-29 11:50:57,428 logger INFO: Mean dist is 5.37407
2019-12-29 11:50:57,428 logger INFO: Current learning rate is 0.00010
2019-12-29 11:50:57,428 logger INFO: Current triplet loss type is full
2019-12-29 11:50:57,429 logger INFO: Current full triplet loss value is 0.20837
2019-12-29 11:50:57,429 logger INFO: Current cross-entropy loss is 0.00879
2019-12-29 11:50:57,446 logger INFO: Estimated time of finish is 0 hours 27 mins 0 secs.
2019-12-29 12:05:26,731 logger INFO: Iteration 127500
2019-12-29 12:05:26,732 logger INFO: Hard triplet loss value is 0.16682
2019-12-29 12:05:26,733 logger INFO: Full triplet loss value is 0.19828
2019-12-29 12:05:26,734 logger INFO: Number of positive full loss entries is 1812.85315
2019-12-29 12:05:26,735 logger INFO: Mean dist is 5.42990
2019-12-29 12:05:26,735 logger INFO: Current learning rate is 0.00010
2019-12-29 12:05:26,735 logger INFO: Current triplet loss type is full
2019-12-29 12:05:26,971 logger INFO: Current full triplet loss value is 0.18962
2019-12-29 12:05:26,972 logger INFO: Current cross-entropy loss is 0.00765
2019-12-29 12:05:26,990 logger INFO: Estimated time of finish is 0 hours 13 mins 58 secs.
2019-12-29 12:19:58,540 logger INFO: saving weight file of iteration 130000 into /home1/dzc/experiments/gait_recognition/train_256_with_ce_full_10_no_fancy/checkpoints/SetNet_130000.pt
2019-12-29 12:19:58,835 logger INFO: Iteration 130000
2019-12-29 12:19:58,837 logger INFO: Hard triplet loss value is 0.16547
2019-12-29 12:19:58,838 logger INFO: Full triplet loss value is 0.19835
2019-12-29 12:19:58,838 logger INFO: Number of positive full loss entries is 1784.54517
2019-12-29 12:19:58,839 logger INFO: Mean dist is 5.46582
2019-12-29 12:19:58,839 logger INFO: Current learning rate is 0.00010
2019-12-29 12:19:58,839 logger INFO: Current triplet loss type is full
2019-12-29 12:19:58,839 logger INFO: Current full triplet loss value is 0.19248
2019-12-29 12:19:58,840 logger INFO: Current cross-entropy loss is 0.00984
2019-12-29 12:19:58,857 logger INFO: Estimated time of finish is 0 hours 0 mins 0 secs.
2019-12-29 12:19:58,861 logger INFO: Reaching maximum epochs, break training loop now.
