2019-12-31 17:52:53,582 logger INFO: Training logger setup finished
2019-12-31 17:52:53,582 logger INFO: Namespace(config_file='configs/train_256_with_ce_full_triplet_10_no_fancy.yml', opts=[])
2019-12-31 17:52:53,582 logger INFO: Merged settings from file configs/train_256_with_ce_full_triplet_10_no_fancy.yml
2019-12-31 17:52:53,583 logger INFO: 
PATH:
  EXPERIMENT_DIR: train_256_with_ce_full_10_no_fancy_sce_lrs_added_no_warmup
MODEL:
  BNNECK: True
  DEVICE_ID: "'7'"
TRAIN:
  USE_SCHEDULER: True
  CACHE: False
SOLVER:
  OPTIMIZER_MANNER: whole-model
  MILESTONES:
    - 30000
    - 80000
DATASET:
  NUM_WORKERS: 2
2019-12-31 17:52:53,584 logger INFO: Running with config:
DATASET:
  BOUNDARY: 73
  DATASET_DIR: /home1/gmf/dzc/GaitDatasetB-silh-processed
  NUM_WORKERS: 2
  RESOLUTION: 64
  SHUFFLE: False
LOGGER:
  FORMAT: %(asctime)s %(name)s %(levelname)s: %(message)s
  LEVEL: DEBUG
  NAME: logger
  WRITE_TO_FILE: True
MODEL:
  ACTIVATION: leaky_relu
  BNNECK: True
  CE_DIVIDED: 10
  DEVICE: cuda
  DEVICE_ID: 7
  NAME: SetNet
  NUM_FEATURES: 256
PATH:
  CHECKPOINT_DIR: checkpoints
  EXPERIMENT_DIR: train_256_with_ce_full_10_no_fancy_sce_lrs_added_no_warmup
  LOG_STORE_DIR: logs
  OUTPUT_DIR: /home1/gmf/dzc/experiments/gait_recognition
  SPLIT_RECORD_DIR: partition
SOLVER:
  BASE_LR: 0.0001
  BIAS_LR_FACTOR: 2
  MILESTONES: [30000, 80000]
  MOMENTUM: 0.9
  OPTIMIZER_MANNER: whole-model
  OPTIMIZER_NAME: Adam
  WARMUP_ITERS: 1000
  WEIGHT_DECAY: 0.0005
  WEIGHT_DECAY_BIAS: 0.0
TEST:
  BATCH_SIZE: 16
  CACHE: False
  NUM_RANKS: 5
  TEST_ITER: 1000
TRAIN:
  BATCH_SIZE: (8, 16)
  CACHE: False
  DISPLAY_INFO_STEP: 2500
  FRAME_NUM: 30
  MAX_ITERS: 130000
  RECORD_STEP: 5000
  RESTORE_FROM_ITER: 0
  USE_SCHEDULER: True
TRIPLET_LOSS:
  MARGIN: 0.2
  TYPE: full
2019-12-31 17:53:00,038 logger INFO: Training starts.
2019-12-31 17:53:13,702 logger INFO: No structure file detected, serialize structure of model and optimizer into /home1/gmf/dzc/experiments/gait_recognition/train_256_with_ce_full_10_no_fancy_sce_lrs_added_no_warmup/checkpoints/structure.pt
2019-12-31 17:53:13,751 logger INFO: Entering training loop now.
2019-12-31 18:52:46,390 logger INFO: Iteration 2500
2019-12-31 18:52:46,392 logger INFO: Hard triplet loss value is 0.56045
2019-12-31 18:52:46,394 logger INFO: Full triplet loss value is 0.19474
2019-12-31 18:52:46,395 logger INFO: Number of positive full loss entries is 47652.38672
2019-12-31 18:52:46,395 logger INFO: Mean dist is 1.18667
2019-12-31 18:52:46,395 logger INFO: Current learning rate is 0.00010
2019-12-31 18:52:46,396 logger INFO: Current triplet loss type is full
2019-12-31 18:52:46,703 logger INFO: Current full triplet loss value is 0.19678
2019-12-31 18:52:46,704 logger INFO: Current cross-entropy loss is 2.17136
2019-12-31 18:52:46,717 logger INFO: Estimated time of finish is 16 hours 4 mins 46 secs.
2019-12-31 19:51:34,913 logger INFO: saving weight file of iteration 5000 into /home1/gmf/dzc/experiments/gait_recognition/train_256_with_ce_full_10_no_fancy_sce_lrs_added_no_warmup/checkpoints/SetNet_5000.pt
2019-12-31 19:51:35,266 logger INFO: Iteration 5000
2019-12-31 19:51:35,267 logger INFO: Hard triplet loss value is 0.50710
2019-12-31 19:51:35,268 logger INFO: Full triplet loss value is 0.19568
2019-12-31 19:51:35,268 logger INFO: Number of positive full loss entries is 21287.94336
2019-12-31 19:51:35,269 logger INFO: Mean dist is 1.79006
2019-12-31 19:51:35,269 logger INFO: Current learning rate is 0.00010
2019-12-31 19:51:35,269 logger INFO: Current triplet loss type is full
2019-12-31 19:51:35,269 logger INFO: Current full triplet loss value is 0.20260
2019-12-31 19:51:35,269 logger INFO: Current cross-entropy loss is 1.61434
2019-12-31 19:51:35,277 logger INFO: Estimated time of finish is 15 hours 19 mins 45 secs.
2019-12-31 20:51:36,820 logger INFO: Iteration 7500
2019-12-31 20:51:36,822 logger INFO: Hard triplet loss value is 0.46014
2019-12-31 20:51:36,822 logger INFO: Full triplet loss value is 0.19611
2019-12-31 20:51:36,823 logger INFO: Number of positive full loss entries is 14558.16016
2019-12-31 20:51:36,824 logger INFO: Mean dist is 2.15040
2019-12-31 20:51:36,824 logger INFO: Current learning rate is 0.00010
2019-12-31 20:51:36,824 logger INFO: Current triplet loss type is full
2019-12-31 20:51:37,129 logger INFO: Current full triplet loss value is 0.19808
2019-12-31 20:51:37,129 logger INFO: Current cross-entropy loss is 1.45768
2019-12-31 20:51:37,139 logger INFO: Estimated time of finish is 5 hours 26 mins 45 secs.
2019-12-31 21:55:06,267 logger INFO: saving weight file of iteration 10000 into /home1/gmf/dzc/experiments/gait_recognition/train_256_with_ce_full_10_no_fancy_sce_lrs_added_no_warmup/checkpoints/SetNet_10000.pt
2019-12-31 21:55:06,629 logger INFO: Iteration 10000
2019-12-31 21:55:06,630 logger INFO: Hard triplet loss value is 0.42509
2019-12-31 21:55:06,631 logger INFO: Full triplet loss value is 0.19700
2019-12-31 21:55:06,632 logger INFO: Number of positive full loss entries is 11274.50586
2019-12-31 21:55:06,633 logger INFO: Mean dist is 2.42398
2019-12-31 21:55:06,633 logger INFO: Current learning rate is 0.00010
2019-12-31 21:55:06,633 logger INFO: Current triplet loss type is full
2019-12-31 21:55:06,633 logger INFO: Current full triplet loss value is 0.20711
2019-12-31 21:55:06,633 logger INFO: Current cross-entropy loss is 1.45087
2019-12-31 21:55:06,645 logger INFO: Estimated time of finish is 7 hours 51 mins 17 secs.
2019-12-31 22:57:08,634 logger INFO: Iteration 12500
2019-12-31 22:57:08,635 logger INFO: Hard triplet loss value is 0.39574
2019-12-31 22:57:08,636 logger INFO: Full triplet loss value is 0.19792
2019-12-31 22:57:08,637 logger INFO: Number of positive full loss entries is 9199.97754
2019-12-31 22:57:08,638 logger INFO: Mean dist is 2.65198
2019-12-31 22:57:08,638 logger INFO: Current learning rate is 0.00010
2019-12-31 22:57:08,638 logger INFO: Current triplet loss type is full
2019-12-31 22:57:08,941 logger INFO: Current full triplet loss value is 0.19516
2019-12-31 22:57:08,941 logger INFO: Current cross-entropy loss is 1.26315
2019-12-31 22:57:08,951 logger INFO: Estimated time of finish is 6 hours 45 mins 5 secs.
2019-12-31 23:58:18,306 logger INFO: saving weight file of iteration 15000 into /home1/gmf/dzc/experiments/gait_recognition/train_256_with_ce_full_10_no_fancy_sce_lrs_added_no_warmup/checkpoints/SetNet_15000.pt
2019-12-31 23:58:18,667 logger INFO: Iteration 15000
2019-12-31 23:58:18,669 logger INFO: Hard triplet loss value is 0.36969
2019-12-31 23:58:18,669 logger INFO: Full triplet loss value is 0.19887
2019-12-31 23:58:18,670 logger INFO: Number of positive full loss entries is 7691.54102
2019-12-31 23:58:18,670 logger INFO: Mean dist is 2.85102
2019-12-31 23:58:18,670 logger INFO: Current learning rate is 0.00010
2019-12-31 23:58:18,670 logger INFO: Current triplet loss type is full
2019-12-31 23:58:18,671 logger INFO: Current full triplet loss value is 0.19359
2019-12-31 23:58:18,671 logger INFO: Current cross-entropy loss is 1.21185
2019-12-31 23:58:18,681 logger INFO: Estimated time of finish is 10 hours 33 mins 24 secs.
2020-01-01 00:58:50,114 logger INFO: Iteration 17500
2020-01-01 00:58:50,115 logger INFO: Hard triplet loss value is 0.34956
2020-01-01 00:58:50,116 logger INFO: Full triplet loss value is 0.19956
2020-01-01 00:58:50,116 logger INFO: Number of positive full loss entries is 6719.99023
2020-01-01 00:58:50,117 logger INFO: Mean dist is 3.01792
2020-01-01 00:58:50,117 logger INFO: Current learning rate is 0.00010
2020-01-01 00:58:50,117 logger INFO: Current triplet loss type is full
2020-01-01 00:58:50,442 logger INFO: Current full triplet loss value is 0.20180
2020-01-01 00:58:50,442 logger INFO: Current cross-entropy loss is 1.22431
2020-01-01 00:58:50,451 logger INFO: Estimated time of finish is 4 hours 35 mins 27 secs.
2020-01-01 01:58:56,849 logger INFO: saving weight file of iteration 20000 into /home1/gmf/dzc/experiments/gait_recognition/train_256_with_ce_full_10_no_fancy_sce_lrs_added_no_warmup/checkpoints/SetNet_20000.pt
2020-01-01 01:58:57,212 logger INFO: Iteration 20000
2020-01-01 01:58:57,214 logger INFO: Hard triplet loss value is 0.33122
2020-01-01 01:58:57,214 logger INFO: Full triplet loss value is 0.19988
2020-01-01 01:58:57,215 logger INFO: Number of positive full loss entries is 5981.69775
2020-01-01 01:58:57,216 logger INFO: Mean dist is 3.16294
2020-01-01 01:58:57,216 logger INFO: Current learning rate is 0.00010
2020-01-01 01:58:57,216 logger INFO: Current triplet loss type is full
2020-01-01 01:58:57,216 logger INFO: Current full triplet loss value is 0.20870
2020-01-01 01:58:57,217 logger INFO: Current cross-entropy loss is 1.19325
2020-01-01 01:58:57,225 logger INFO: Estimated time of finish is 5 hours 35 mins 0 secs.
2020-01-01 02:57:47,329 logger INFO: Iteration 22500
2020-01-01 02:57:47,331 logger INFO: Hard triplet loss value is 0.31789
2020-01-01 02:57:47,332 logger INFO: Full triplet loss value is 0.20058
2020-01-01 02:57:47,333 logger INFO: Number of positive full loss entries is 5407.13184
2020-01-01 02:57:47,333 logger INFO: Mean dist is 3.28959
2020-01-01 02:57:47,334 logger INFO: Current learning rate is 0.00010
2020-01-01 02:57:47,334 logger INFO: Current triplet loss type is full
2020-01-01 02:57:47,641 logger INFO: Current full triplet loss value is 0.19184
2020-01-01 02:57:47,641 logger INFO: Current cross-entropy loss is 1.17967
2020-01-01 02:57:47,651 logger INFO: Estimated time of finish is 4 hours 24 mins 9 secs.
2020-01-01 03:56:36,351 logger INFO: saving weight file of iteration 25000 into /home1/gmf/dzc/experiments/gait_recognition/train_256_with_ce_full_10_no_fancy_sce_lrs_added_no_warmup/checkpoints/SetNet_25000.pt
2020-01-01 03:56:36,728 logger INFO: Iteration 25000
2020-01-01 03:56:36,729 logger INFO: Hard triplet loss value is 0.30487
2020-01-01 03:56:36,729 logger INFO: Full triplet loss value is 0.20093
2020-01-01 03:56:36,730 logger INFO: Number of positive full loss entries is 4958.64062
2020-01-01 03:56:36,730 logger INFO: Mean dist is 3.41067
2020-01-01 03:56:36,731 logger INFO: Current learning rate is 0.00010
2020-01-01 03:56:36,731 logger INFO: Current triplet loss type is full
2020-01-01 03:56:36,731 logger INFO: Current full triplet loss value is 0.19271
2020-01-01 03:56:36,731 logger INFO: Current cross-entropy loss is 1.15032
2020-01-01 03:56:36,742 logger INFO: Estimated time of finish is 3 hours 50 mins 3 secs.
2020-01-01 04:55:14,133 logger INFO: Iteration 27500
2020-01-01 04:55:14,134 logger INFO: Hard triplet loss value is 0.29317
2020-01-01 04:55:14,135 logger INFO: Full triplet loss value is 0.20118
2020-01-01 04:55:14,135 logger INFO: Number of positive full loss entries is 4576.59668
2020-01-01 04:55:14,136 logger INFO: Mean dist is 3.52220
2020-01-01 04:55:14,136 logger INFO: Current learning rate is 0.00010
2020-01-01 04:55:14,136 logger INFO: Current triplet loss type is full
2020-01-01 04:55:14,465 logger INFO: Current full triplet loss value is 0.18139
2020-01-01 04:55:14,466 logger INFO: Current cross-entropy loss is 1.10539
2020-01-01 04:55:14,476 logger INFO: Estimated time of finish is 3 hours 49 mins 59 secs.
2020-01-01 05:54:18,151 logger INFO: saving weight file of iteration 30000 into /home1/gmf/dzc/experiments/gait_recognition/train_256_with_ce_full_10_no_fancy_sce_lrs_added_no_warmup/checkpoints/SetNet_30000.pt
2020-01-01 05:54:18,526 logger INFO: Iteration 30000
2020-01-01 05:54:18,527 logger INFO: Hard triplet loss value is 0.28625
2020-01-01 05:54:18,527 logger INFO: Full triplet loss value is 0.20161
2020-01-01 05:54:18,528 logger INFO: Number of positive full loss entries is 4344.04297
2020-01-01 05:54:18,528 logger INFO: Mean dist is 3.60631
2020-01-01 05:54:18,528 logger INFO: Current learning rate is 0.00001
2020-01-01 05:54:18,528 logger INFO: Current triplet loss type is full
2020-01-01 05:54:18,528 logger INFO: Current full triplet loss value is 0.22126
2020-01-01 05:54:18,529 logger INFO: Current cross-entropy loss is 1.11668
2020-01-01 05:54:18,537 logger INFO: Estimated time of finish is 3 hours 48 mins 54 secs.
2020-01-01 06:54:07,049 logger INFO: Iteration 32500
2020-01-01 06:54:07,051 logger INFO: Hard triplet loss value is 0.25818
2020-01-01 06:54:07,052 logger INFO: Full triplet loss value is 0.19401
2020-01-01 06:54:07,052 logger INFO: Number of positive full loss entries is 3788.35010
2020-01-01 06:54:07,053 logger INFO: Mean dist is 3.67804
2020-01-01 06:54:07,053 logger INFO: Current learning rate is 0.00001
2020-01-01 06:54:07,053 logger INFO: Current triplet loss type is full
2020-01-01 06:54:07,356 logger INFO: Current full triplet loss value is 0.21018
2020-01-01 06:54:07,357 logger INFO: Current cross-entropy loss is 1.05809
2020-01-01 06:54:07,366 logger INFO: Estimated time of finish is 3 hours 53 mins 9 secs.
2020-01-01 07:53:17,080 logger INFO: saving weight file of iteration 35000 into /home1/gmf/dzc/experiments/gait_recognition/train_256_with_ce_full_10_no_fancy_sce_lrs_added_no_warmup/checkpoints/SetNet_35000.pt
2020-01-01 07:53:17,439 logger INFO: Iteration 35000
2020-01-01 07:53:17,440 logger INFO: Hard triplet loss value is 0.25267
2020-01-01 07:53:17,440 logger INFO: Full triplet loss value is 0.19177
2020-01-01 07:53:17,441 logger INFO: Number of positive full loss entries is 3703.99194
2020-01-01 07:53:17,441 logger INFO: Mean dist is 3.68642
2020-01-01 07:53:17,441 logger INFO: Current learning rate is 0.00001
2020-01-01 07:53:17,442 logger INFO: Current triplet loss type is full
2020-01-01 07:53:17,442 logger INFO: Current full triplet loss value is 0.19397
2020-01-01 07:53:17,442 logger INFO: Current cross-entropy loss is 1.04156
2020-01-01 07:53:17,450 logger INFO: Estimated time of finish is 3 hours 50 mins 0 secs.
2020-01-01 08:51:49,651 logger INFO: Iteration 37500
2020-01-01 08:51:49,652 logger INFO: Hard triplet loss value is 0.25049
2020-01-01 08:51:49,653 logger INFO: Full triplet loss value is 0.19117
2020-01-01 08:51:49,654 logger INFO: Number of positive full loss entries is 3648.74561
2020-01-01 08:51:49,654 logger INFO: Mean dist is 3.69634
2020-01-01 08:51:49,655 logger INFO: Current learning rate is 0.00001
2020-01-01 08:51:49,655 logger INFO: Current triplet loss type is full
2020-01-01 08:51:49,967 logger INFO: Current full triplet loss value is 0.20223
2020-01-01 08:51:49,967 logger INFO: Current cross-entropy loss is 1.03882
2020-01-01 08:51:49,978 logger INFO: Estimated time of finish is 3 hours 35 mins 16 secs.
2020-01-01 09:50:43,391 logger INFO: saving weight file of iteration 40000 into /home1/gmf/dzc/experiments/gait_recognition/train_256_with_ce_full_10_no_fancy_sce_lrs_added_no_warmup/checkpoints/SetNet_40000.pt
2020-01-01 09:50:43,743 logger INFO: Iteration 40000
2020-01-01 09:50:43,750 logger INFO: Hard triplet loss value is 0.25051
2020-01-01 09:50:43,751 logger INFO: Full triplet loss value is 0.19086
2020-01-01 09:50:43,752 logger INFO: Number of positive full loss entries is 3665.36450
2020-01-01 09:50:43,753 logger INFO: Mean dist is 3.69978
2020-01-01 09:50:43,753 logger INFO: Current learning rate is 0.00001
2020-01-01 09:50:43,754 logger INFO: Current triplet loss type is full
2020-01-01 09:50:43,754 logger INFO: Current full triplet loss value is 0.19940
2020-01-01 09:50:43,754 logger INFO: Current cross-entropy loss is 1.05382
2020-01-01 09:50:43,775 logger INFO: Estimated time of finish is 3 hours 17 mins 35 secs.
2020-01-01 10:49:22,393 logger INFO: Iteration 42500
2020-01-01 10:49:22,394 logger INFO: Hard triplet loss value is 0.24650
2020-01-01 10:49:22,395 logger INFO: Full triplet loss value is 0.19013
2020-01-01 10:49:22,396 logger INFO: Number of positive full loss entries is 3588.74683
2020-01-01 10:49:22,397 logger INFO: Mean dist is 3.71366
2020-01-01 10:49:22,397 logger INFO: Current learning rate is 0.00001
2020-01-01 10:49:22,397 logger INFO: Current triplet loss type is full
2020-01-01 10:49:22,701 logger INFO: Current full triplet loss value is 0.20060
2020-01-01 10:49:22,701 logger INFO: Current cross-entropy loss is 1.04351
2020-01-01 10:49:22,712 logger INFO: Estimated time of finish is 6 hours 12 mins 10 secs.
2020-01-01 11:48:17,053 logger INFO: saving weight file of iteration 45000 into /home1/gmf/dzc/experiments/gait_recognition/train_256_with_ce_full_10_no_fancy_sce_lrs_added_no_warmup/checkpoints/SetNet_45000.pt
2020-01-01 11:48:17,395 logger INFO: Iteration 45000
2020-01-01 11:48:17,397 logger INFO: Hard triplet loss value is 0.24698
2020-01-01 11:48:17,397 logger INFO: Full triplet loss value is 0.18985
2020-01-01 11:48:17,398 logger INFO: Number of positive full loss entries is 3606.62280
2020-01-01 11:48:17,398 logger INFO: Mean dist is 3.70375
2020-01-01 11:48:17,398 logger INFO: Current learning rate is 0.00001
2020-01-01 11:48:17,398 logger INFO: Current triplet loss type is full
2020-01-01 11:48:17,398 logger INFO: Current full triplet loss value is 0.19863
2020-01-01 11:48:17,399 logger INFO: Current cross-entropy loss is 1.06146
2020-01-01 11:48:17,407 logger INFO: Estimated time of finish is 3 hours 30 mins 41 secs.
2020-01-01 12:47:20,166 logger INFO: Iteration 47500
2020-01-01 12:47:20,168 logger INFO: Hard triplet loss value is 0.24432
2020-01-01 12:47:20,168 logger INFO: Full triplet loss value is 0.18961
2020-01-01 12:47:20,169 logger INFO: Number of positive full loss entries is 3543.15845
2020-01-01 12:47:20,170 logger INFO: Mean dist is 3.71865
2020-01-01 12:47:20,170 logger INFO: Current learning rate is 0.00001
2020-01-01 12:47:20,170 logger INFO: Current triplet loss type is full
2020-01-01 12:47:20,476 logger INFO: Current full triplet loss value is 0.19130
2020-01-01 12:47:20,476 logger INFO: Current cross-entropy loss is 1.04143
2020-01-01 12:47:20,489 logger INFO: Estimated time of finish is 3 hours 7 mins 40 secs.
2020-01-01 13:46:18,797 logger INFO: saving weight file of iteration 50000 into /home1/gmf/dzc/experiments/gait_recognition/train_256_with_ce_full_10_no_fancy_sce_lrs_added_no_warmup/checkpoints/SetNet_50000.pt
2020-01-01 13:46:19,171 logger INFO: Iteration 50000
2020-01-01 13:46:19,172 logger INFO: Hard triplet loss value is 0.24392
2020-01-01 13:46:19,173 logger INFO: Full triplet loss value is 0.18921
2020-01-01 13:46:19,173 logger INFO: Number of positive full loss entries is 3563.18237
2020-01-01 13:46:19,174 logger INFO: Mean dist is 3.72202
2020-01-01 13:46:19,174 logger INFO: Current learning rate is 0.00001
2020-01-01 13:46:19,174 logger INFO: Current triplet loss type is full
2020-01-01 13:46:19,174 logger INFO: Current full triplet loss value is 0.20439
2020-01-01 13:46:19,175 logger INFO: Current cross-entropy loss is 1.04678
2020-01-01 13:46:19,187 logger INFO: Estimated time of finish is 3 hours 4 mins 1 secs.
2020-01-01 14:44:48,781 logger INFO: Iteration 52500
2020-01-01 14:44:48,784 logger INFO: Hard triplet loss value is 0.24281
2020-01-01 14:44:48,785 logger INFO: Full triplet loss value is 0.18905
2020-01-01 14:44:48,786 logger INFO: Number of positive full loss entries is 3525.13354
2020-01-01 14:44:48,787 logger INFO: Mean dist is 3.72572
2020-01-01 14:44:48,787 logger INFO: Current learning rate is 0.00001
2020-01-01 14:44:48,788 logger INFO: Current triplet loss type is full
2020-01-01 14:44:49,089 logger INFO: Current full triplet loss value is 0.20406
2020-01-01 14:44:49,090 logger INFO: Current cross-entropy loss is 1.07357
2020-01-01 14:44:49,101 logger INFO: Estimated time of finish is 3 hours 9 mins 4 secs.
2020-01-01 15:43:38,393 logger INFO: saving weight file of iteration 55000 into /home1/gmf/dzc/experiments/gait_recognition/train_256_with_ce_full_10_no_fancy_sce_lrs_added_no_warmup/checkpoints/SetNet_55000.pt
2020-01-01 15:43:38,748 logger INFO: Iteration 55000
2020-01-01 15:43:38,749 logger INFO: Hard triplet loss value is 0.24237
2020-01-01 15:43:38,750 logger INFO: Full triplet loss value is 0.18903
2020-01-01 15:43:38,750 logger INFO: Number of positive full loss entries is 3521.68872
2020-01-01 15:43:38,750 logger INFO: Mean dist is 3.73082
2020-01-01 15:43:38,751 logger INFO: Current learning rate is 0.00001
2020-01-01 15:43:38,751 logger INFO: Current triplet loss type is full
2020-01-01 15:43:38,751 logger INFO: Current full triplet loss value is 0.17360
2020-01-01 15:43:38,751 logger INFO: Current cross-entropy loss is 1.03397
2020-01-01 15:43:38,760 logger INFO: Estimated time of finish is 2 hours 50 mins 9 secs.
2020-01-01 16:42:36,938 logger INFO: Iteration 57500
2020-01-01 16:42:36,939 logger INFO: Hard triplet loss value is 0.24037
2020-01-01 16:42:36,939 logger INFO: Full triplet loss value is 0.18867
2020-01-01 16:42:36,940 logger INFO: Number of positive full loss entries is 3481.50391
2020-01-01 16:42:36,941 logger INFO: Mean dist is 3.74225
2020-01-01 16:42:36,941 logger INFO: Current learning rate is 0.00001
2020-01-01 16:42:36,941 logger INFO: Current triplet loss type is full
2020-01-01 16:42:37,254 logger INFO: Current full triplet loss value is 0.22301
2020-01-01 16:42:37,254 logger INFO: Current cross-entropy loss is 1.04526
2020-01-01 16:42:37,264 logger INFO: Estimated time of finish is 2 hours 52 mins 39 secs.
2020-01-01 17:41:15,003 logger INFO: saving weight file of iteration 60000 into /home1/gmf/dzc/experiments/gait_recognition/train_256_with_ce_full_10_no_fancy_sce_lrs_added_no_warmup/checkpoints/SetNet_60000.pt
2020-01-01 17:41:15,377 logger INFO: Iteration 60000
2020-01-01 17:41:15,378 logger INFO: Hard triplet loss value is 0.23958
2020-01-01 17:41:15,379 logger INFO: Full triplet loss value is 0.18855
2020-01-01 17:41:15,379 logger INFO: Number of positive full loss entries is 3455.37109
2020-01-01 17:41:15,380 logger INFO: Mean dist is 3.74968
2020-01-01 17:41:15,380 logger INFO: Current learning rate is 0.00001
2020-01-01 17:41:15,380 logger INFO: Current triplet loss type is full
2020-01-01 17:41:15,380 logger INFO: Current full triplet loss value is 0.20340
2020-01-01 17:41:15,381 logger INFO: Current cross-entropy loss is 1.03599
2020-01-01 17:41:15,390 logger INFO: Estimated time of finish is 2 hours 46 mins 18 secs.
2020-01-01 18:54:00,751 logger INFO: Iteration 62500
2020-01-01 18:54:00,773 logger INFO: Hard triplet loss value is 0.23921
2020-01-01 18:54:00,774 logger INFO: Full triplet loss value is 0.18826
2020-01-01 18:54:00,775 logger INFO: Number of positive full loss entries is 3456.77710
2020-01-01 18:54:00,776 logger INFO: Mean dist is 3.74989
2020-01-01 18:54:00,776 logger INFO: Current learning rate is 0.00001
2020-01-01 18:54:00,776 logger INFO: Current triplet loss type is full
2020-01-01 18:54:01,058 logger INFO: Current full triplet loss value is 0.19447
2020-01-01 18:54:01,058 logger INFO: Current cross-entropy loss is 1.03390
2020-01-01 18:54:01,069 logger INFO: Estimated time of finish is 7 hours 52 mins 19 secs.
2020-01-01 19:58:05,110 logger INFO: saving weight file of iteration 65000 into /home1/gmf/dzc/experiments/gait_recognition/train_256_with_ce_full_10_no_fancy_sce_lrs_added_no_warmup/checkpoints/SetNet_65000.pt
2020-01-01 19:58:05,478 logger INFO: Iteration 65000
2020-01-01 19:58:05,480 logger INFO: Hard triplet loss value is 0.23731
2020-01-01 19:58:05,480 logger INFO: Full triplet loss value is 0.18786
2020-01-01 19:58:05,481 logger INFO: Number of positive full loss entries is 3423.60400
2020-01-01 19:58:05,481 logger INFO: Mean dist is 3.75353
2020-01-01 19:58:05,481 logger INFO: Current learning rate is 0.00001
2020-01-01 19:58:05,481 logger INFO: Current triplet loss type is full
2020-01-01 19:58:05,482 logger INFO: Current full triplet loss value is 0.19250
2020-01-01 19:58:05,482 logger INFO: Current cross-entropy loss is 1.03571
2020-01-01 19:58:05,492 logger INFO: Estimated time of finish is 2 hours 29 mins 6 secs.
2020-01-01 21:01:32,034 logger INFO: Iteration 67500
2020-01-01 21:01:32,036 logger INFO: Hard triplet loss value is 0.23399
2020-01-01 21:01:32,036 logger INFO: Full triplet loss value is 0.18754
2020-01-01 21:01:32,037 logger INFO: Number of positive full loss entries is 3324.55200
2020-01-01 21:01:32,038 logger INFO: Mean dist is 3.77304
2020-01-01 21:01:32,038 logger INFO: Current learning rate is 0.00001
2020-01-01 21:01:32,038 logger INFO: Current triplet loss type is full
2020-01-01 21:01:32,345 logger INFO: Current full triplet loss value is 0.17112
2020-01-01 21:01:32,346 logger INFO: Current cross-entropy loss is 1.02362
2020-01-01 21:01:32,359 logger INFO: Estimated time of finish is 6 hours 54 mins 56 secs.
2020-01-01 22:00:04,712 logger INFO: saving weight file of iteration 70000 into /home1/gmf/dzc/experiments/gait_recognition/train_256_with_ce_full_10_no_fancy_sce_lrs_added_no_warmup/checkpoints/SetNet_70000.pt
2020-01-01 22:00:05,067 logger INFO: Iteration 70000
2020-01-01 22:00:05,068 logger INFO: Hard triplet loss value is 0.23305
2020-01-01 22:00:05,069 logger INFO: Full triplet loss value is 0.18758
2020-01-01 22:00:05,069 logger INFO: Number of positive full loss entries is 3317.04053
2020-01-01 22:00:05,070 logger INFO: Mean dist is 3.77919
2020-01-01 22:00:05,070 logger INFO: Current learning rate is 0.00001
2020-01-01 22:00:05,070 logger INFO: Current triplet loss type is full
2020-01-01 22:00:05,070 logger INFO: Current full triplet loss value is 0.17603
2020-01-01 22:00:05,070 logger INFO: Current cross-entropy loss is 1.02660
2020-01-01 22:00:05,079 logger INFO: Estimated time of finish is 7 hours 18 mins 41 secs.
2020-01-01 22:57:36,236 logger INFO: Iteration 72500
2020-01-01 22:57:36,237 logger INFO: Hard triplet loss value is 0.23479
2020-01-01 22:57:36,238 logger INFO: Full triplet loss value is 0.18751
2020-01-01 22:57:36,239 logger INFO: Number of positive full loss entries is 3365.30151
2020-01-01 22:57:36,240 logger INFO: Mean dist is 3.77955
2020-01-01 22:57:36,240 logger INFO: Current learning rate is 0.00001
2020-01-01 22:57:36,240 logger INFO: Current triplet loss type is full
2020-01-01 22:57:36,545 logger INFO: Current full triplet loss value is 0.19392
2020-01-01 22:57:36,546 logger INFO: Current cross-entropy loss is 1.05274
2020-01-01 22:57:36,556 logger INFO: Estimated time of finish is 2 hours 8 mins 59 secs.
2020-01-01 23:55:12,452 logger INFO: saving weight file of iteration 75000 into /home1/gmf/dzc/experiments/gait_recognition/train_256_with_ce_full_10_no_fancy_sce_lrs_added_no_warmup/checkpoints/SetNet_75000.pt
2020-01-01 23:55:12,805 logger INFO: Iteration 75000
2020-01-01 23:55:12,806 logger INFO: Hard triplet loss value is 0.23359
2020-01-01 23:55:12,807 logger INFO: Full triplet loss value is 0.18741
2020-01-01 23:55:12,807 logger INFO: Number of positive full loss entries is 3333.56030
2020-01-01 23:55:12,808 logger INFO: Mean dist is 3.78140
2020-01-01 23:55:12,808 logger INFO: Current learning rate is 0.00001
2020-01-01 23:55:12,808 logger INFO: Current triplet loss type is full
2020-01-01 23:55:12,808 logger INFO: Current full triplet loss value is 0.20121
2020-01-01 23:55:12,808 logger INFO: Current cross-entropy loss is 1.04458
2020-01-01 23:55:12,817 logger INFO: Estimated time of finish is 6 hours 12 mins 46 secs.
2020-01-02 00:52:46,632 logger INFO: Iteration 77500
2020-01-02 00:52:46,633 logger INFO: Hard triplet loss value is 0.23208
2020-01-02 00:52:46,634 logger INFO: Full triplet loss value is 0.18705
2020-01-02 00:52:46,634 logger INFO: Number of positive full loss entries is 3294.98242
2020-01-02 00:52:46,635 logger INFO: Mean dist is 3.78632
2020-01-02 00:52:46,635 logger INFO: Current learning rate is 0.00001
2020-01-02 00:52:46,635 logger INFO: Current triplet loss type is full
2020-01-02 00:52:46,944 logger INFO: Current full triplet loss value is 0.18218
2020-01-02 00:52:46,945 logger INFO: Current cross-entropy loss is 1.02751
2020-01-02 00:52:46,959 logger INFO: Estimated time of finish is 2 hours 0 mins 15 secs.
2020-01-02 01:50:12,897 logger INFO: saving weight file of iteration 80000 into /home1/gmf/dzc/experiments/gait_recognition/train_256_with_ce_full_10_no_fancy_sce_lrs_added_no_warmup/checkpoints/SetNet_80000.pt
2020-01-02 01:50:13,246 logger INFO: Iteration 80000
2020-01-02 01:50:13,247 logger INFO: Hard triplet loss value is 0.23074
2020-01-02 01:50:13,247 logger INFO: Full triplet loss value is 0.18700
2020-01-02 01:50:13,248 logger INFO: Number of positive full loss entries is 3277.82227
2020-01-02 01:50:13,248 logger INFO: Mean dist is 3.80212
2020-01-02 01:50:13,248 logger INFO: Current learning rate is 0.00000
2020-01-02 01:50:13,248 logger INFO: Current triplet loss type is full
2020-01-02 01:50:13,248 logger INFO: Current full triplet loss value is 0.18076
2020-01-02 01:50:13,249 logger INFO: Current cross-entropy loss is 1.00707
2020-01-02 01:50:13,257 logger INFO: Estimated time of finish is 5 hours 54 mins 38 secs.
2020-01-02 02:47:55,565 logger INFO: Iteration 82500
2020-01-02 02:47:55,566 logger INFO: Hard triplet loss value is 0.22852
2020-01-02 02:47:55,567 logger INFO: Full triplet loss value is 0.18616
2020-01-02 02:47:55,568 logger INFO: Number of positive full loss entries is 3259.04248
2020-01-02 02:47:55,568 logger INFO: Mean dist is 3.80554
2020-01-02 02:47:55,568 logger INFO: Current learning rate is 0.00000
2020-01-02 02:47:55,569 logger INFO: Current triplet loss type is full
2020-01-02 02:47:55,873 logger INFO: Current full triplet loss value is 0.20174
2020-01-02 02:47:55,873 logger INFO: Current cross-entropy loss is 1.02885
2020-01-02 02:47:55,882 logger INFO: Estimated time of finish is 5 hours 35 mins 29 secs.
2020-01-02 03:45:30,156 logger INFO: saving weight file of iteration 85000 into /home1/gmf/dzc/experiments/gait_recognition/train_256_with_ce_full_10_no_fancy_sce_lrs_added_no_warmup/checkpoints/SetNet_85000.pt
2020-01-02 03:45:30,515 logger INFO: Iteration 85000
2020-01-02 03:45:30,516 logger INFO: Hard triplet loss value is 0.22849
2020-01-02 03:45:30,517 logger INFO: Full triplet loss value is 0.18634
2020-01-02 03:45:30,518 logger INFO: Number of positive full loss entries is 3234.80884
2020-01-02 03:45:30,518 logger INFO: Mean dist is 3.80335
2020-01-02 03:45:30,518 logger INFO: Current learning rate is 0.00000
2020-01-02 03:45:30,518 logger INFO: Current triplet loss type is full
2020-01-02 03:45:30,519 logger INFO: Current full triplet loss value is 0.17082
2020-01-02 03:45:30,519 logger INFO: Current cross-entropy loss is 1.02647
2020-01-02 03:45:30,529 logger INFO: Estimated time of finish is 5 hours 30 mins 12 secs.
2020-01-02 04:43:08,035 logger INFO: Iteration 87500
2020-01-02 04:43:08,037 logger INFO: Hard triplet loss value is 0.22826
2020-01-02 04:43:08,038 logger INFO: Full triplet loss value is 0.18610
2020-01-02 04:43:08,039 logger INFO: Number of positive full loss entries is 3233.58008
2020-01-02 04:43:08,039 logger INFO: Mean dist is 3.80014
2020-01-02 04:43:08,040 logger INFO: Current learning rate is 0.00000
2020-01-02 04:43:08,040 logger INFO: Current triplet loss type is full
2020-01-02 04:43:08,355 logger INFO: Current full triplet loss value is 0.19780
2020-01-02 04:43:08,355 logger INFO: Current cross-entropy loss is 1.04393
2020-01-02 04:43:08,365 logger INFO: Estimated time of finish is 1 hours 43 mins 57 secs.
2020-01-02 05:40:44,802 logger INFO: saving weight file of iteration 90000 into /home1/gmf/dzc/experiments/gait_recognition/train_256_with_ce_full_10_no_fancy_sce_lrs_added_no_warmup/checkpoints/SetNet_90000.pt
2020-01-02 05:40:45,155 logger INFO: Iteration 90000
2020-01-02 05:40:45,156 logger INFO: Hard triplet loss value is 0.22792
2020-01-02 05:40:45,156 logger INFO: Full triplet loss value is 0.18609
2020-01-02 05:40:45,157 logger INFO: Number of positive full loss entries is 3241.02466
2020-01-02 05:40:45,157 logger INFO: Mean dist is 3.80665
2020-01-02 05:40:45,157 logger INFO: Current learning rate is 0.00000
2020-01-02 05:40:45,158 logger INFO: Current triplet loss type is full
2020-01-02 05:40:45,158 logger INFO: Current full triplet loss value is 0.18115
2020-01-02 05:40:45,158 logger INFO: Current cross-entropy loss is 1.02399
2020-01-02 05:40:45,166 logger INFO: Estimated time of finish is 4 hours 47 mins 42 secs.
2020-01-02 06:38:22,735 logger INFO: Iteration 92500
2020-01-02 06:38:22,736 logger INFO: Hard triplet loss value is 0.22798
2020-01-02 06:38:22,737 logger INFO: Full triplet loss value is 0.18589
2020-01-02 06:38:22,738 logger INFO: Number of positive full loss entries is 3244.10645
2020-01-02 06:38:22,739 logger INFO: Mean dist is 3.80412
2020-01-02 06:38:22,739 logger INFO: Current learning rate is 0.00000
2020-01-02 06:38:22,739 logger INFO: Current triplet loss type is full
2020-01-02 06:38:23,044 logger INFO: Current full triplet loss value is 0.18376
2020-01-02 06:38:23,044 logger INFO: Current cross-entropy loss is 1.03610
2020-01-02 06:38:23,054 logger INFO: Estimated time of finish is 1 hours 31 mins 46 secs.
2020-01-02 07:36:02,917 logger INFO: saving weight file of iteration 95000 into /home1/gmf/dzc/experiments/gait_recognition/train_256_with_ce_full_10_no_fancy_sce_lrs_added_no_warmup/checkpoints/SetNet_95000.pt
2020-01-02 07:36:03,268 logger INFO: Iteration 95000
2020-01-02 07:36:03,269 logger INFO: Hard triplet loss value is 0.22815
2020-01-02 07:36:03,269 logger INFO: Full triplet loss value is 0.18595
2020-01-02 07:36:03,270 logger INFO: Number of positive full loss entries is 3238.84839
2020-01-02 07:36:03,270 logger INFO: Mean dist is 3.80754
2020-01-02 07:36:03,270 logger INFO: Current learning rate is 0.00000
2020-01-02 07:36:03,271 logger INFO: Current triplet loss type is full
2020-01-02 07:36:03,271 logger INFO: Current full triplet loss value is 0.18450
2020-01-02 07:36:03,271 logger INFO: Current cross-entropy loss is 1.01564
2020-01-02 07:36:03,281 logger INFO: Estimated time of finish is 1 hours 22 mins 19 secs.
2020-01-02 08:33:42,572 logger INFO: Iteration 97500
2020-01-02 08:33:42,573 logger INFO: Hard triplet loss value is 0.22859
2020-01-02 08:33:42,574 logger INFO: Full triplet loss value is 0.18586
2020-01-02 08:33:42,575 logger INFO: Number of positive full loss entries is 3252.83032
2020-01-02 08:33:42,576 logger INFO: Mean dist is 3.80149
2020-01-02 08:33:42,576 logger INFO: Current learning rate is 0.00000
2020-01-02 08:33:42,576 logger INFO: Current triplet loss type is full
2020-01-02 08:33:42,879 logger INFO: Current full triplet loss value is 0.18325
2020-01-02 08:33:42,880 logger INFO: Current cross-entropy loss is 1.02143
2020-01-02 08:33:42,891 logger INFO: Estimated time of finish is 3 hours 20 mins 0 secs.
2020-01-02 09:32:01,127 logger INFO: saving weight file of iteration 100000 into /home1/gmf/dzc/experiments/gait_recognition/train_256_with_ce_full_10_no_fancy_sce_lrs_added_no_warmup/checkpoints/SetNet_100000.pt
2020-01-02 09:32:01,498 logger INFO: Iteration 100000
2020-01-02 09:32:01,499 logger INFO: Hard triplet loss value is 0.22914
2020-01-02 09:32:01,499 logger INFO: Full triplet loss value is 0.18622
2020-01-02 09:32:01,500 logger INFO: Number of positive full loss entries is 3253.96411
2020-01-02 09:32:01,500 logger INFO: Mean dist is 3.80468
2020-01-02 09:32:01,501 logger INFO: Current learning rate is 0.00000
2020-01-02 09:32:01,501 logger INFO: Current triplet loss type is full
2020-01-02 09:32:01,501 logger INFO: Current full triplet loss value is 0.20840
2020-01-02 09:32:01,501 logger INFO: Current cross-entropy loss is 1.04228
2020-01-02 09:32:01,511 logger INFO: Estimated time of finish is 1 hours 16 mins 19 secs.
2020-01-02 10:34:33,401 logger INFO: Iteration 102500
2020-01-02 10:34:33,402 logger INFO: Hard triplet loss value is 0.22734
2020-01-02 10:34:33,403 logger INFO: Full triplet loss value is 0.18558
2020-01-02 10:34:33,404 logger INFO: Number of positive full loss entries is 3223.61035
2020-01-02 10:34:33,404 logger INFO: Mean dist is 3.80215
2020-01-02 10:34:33,404 logger INFO: Current learning rate is 0.00000
2020-01-02 10:34:33,405 logger INFO: Current triplet loss type is full
2020-01-02 10:34:33,732 logger INFO: Current full triplet loss value is 0.17153
2020-01-02 10:34:33,732 logger INFO: Current cross-entropy loss is 1.01648
2020-01-02 10:34:33,742 logger INFO: Estimated time of finish is 1 hours 6 mins 27 secs.
2020-01-02 11:35:27,189 logger INFO: saving weight file of iteration 105000 into /home1/gmf/dzc/experiments/gait_recognition/train_256_with_ce_full_10_no_fancy_sce_lrs_added_no_warmup/checkpoints/SetNet_105000.pt
2020-01-02 11:35:27,555 logger INFO: Iteration 105000
2020-01-02 11:35:27,556 logger INFO: Hard triplet loss value is 0.22716
2020-01-02 11:35:27,556 logger INFO: Full triplet loss value is 0.18568
2020-01-02 11:35:27,557 logger INFO: Number of positive full loss entries is 3222.43701
2020-01-02 11:35:27,557 logger INFO: Mean dist is 3.81276
2020-01-02 11:35:27,557 logger INFO: Current learning rate is 0.00000
2020-01-02 11:35:27,557 logger INFO: Current triplet loss type is full
2020-01-02 11:35:27,558 logger INFO: Current full triplet loss value is 0.18807
2020-01-02 11:35:27,558 logger INFO: Current cross-entropy loss is 1.02983
2020-01-02 11:35:27,567 logger INFO: Estimated time of finish is 1 hours 1 mins 11 secs.
2020-01-02 12:37:01,139 logger INFO: Iteration 107500
2020-01-02 12:37:01,140 logger INFO: Hard triplet loss value is 0.22870
2020-01-02 12:37:01,141 logger INFO: Full triplet loss value is 0.18603
2020-01-02 12:37:01,142 logger INFO: Number of positive full loss entries is 3280.13159
2020-01-02 12:37:01,142 logger INFO: Mean dist is 3.80416
2020-01-02 12:37:01,142 logger INFO: Current learning rate is 0.00000
2020-01-02 12:37:01,143 logger INFO: Current triplet loss type is full
2020-01-02 12:37:01,463 logger INFO: Current full triplet loss value is 0.16696
2020-01-02 12:37:01,464 logger INFO: Current cross-entropy loss is 1.00538
2020-01-02 12:37:01,481 logger INFO: Estimated time of finish is 0 hours 56 mins 2 secs.
2020-01-02 13:37:47,992 logger INFO: saving weight file of iteration 110000 into /home1/gmf/dzc/experiments/gait_recognition/train_256_with_ce_full_10_no_fancy_sce_lrs_added_no_warmup/checkpoints/SetNet_110000.pt
2020-01-02 13:37:48,358 logger INFO: Iteration 110000
2020-01-02 13:37:48,359 logger INFO: Hard triplet loss value is 0.22678
2020-01-02 13:37:48,360 logger INFO: Full triplet loss value is 0.18590
2020-01-02 13:37:48,361 logger INFO: Number of positive full loss entries is 3207.55664
2020-01-02 13:37:48,361 logger INFO: Mean dist is 3.81123
2020-01-02 13:37:48,362 logger INFO: Current learning rate is 0.00000
2020-01-02 13:37:48,362 logger INFO: Current triplet loss type is full
2020-01-02 13:37:48,362 logger INFO: Current full triplet loss value is 0.18304
2020-01-02 13:37:48,362 logger INFO: Current cross-entropy loss is 1.03730
2020-01-02 13:37:48,375 logger INFO: Estimated time of finish is 2 hours 24 mins 7 secs.
2020-01-02 14:39:39,409 logger INFO: Iteration 112500
2020-01-02 14:39:39,411 logger INFO: Hard triplet loss value is 0.22829
2020-01-02 14:39:39,411 logger INFO: Full triplet loss value is 0.18603
2020-01-02 14:39:39,412 logger INFO: Number of positive full loss entries is 3234.99243
2020-01-02 14:39:39,413 logger INFO: Mean dist is 3.80808
2020-01-02 14:39:39,413 logger INFO: Current learning rate is 0.00000
2020-01-02 14:39:39,413 logger INFO: Current triplet loss type is full
2020-01-02 14:39:39,720 logger INFO: Current full triplet loss value is 0.17142
2020-01-02 14:39:39,720 logger INFO: Current cross-entropy loss is 1.02249
2020-01-02 14:39:39,732 logger INFO: Estimated time of finish is 0 hours 42 mins 23 secs.
2020-01-02 15:41:56,040 logger INFO: saving weight file of iteration 115000 into /home1/gmf/dzc/experiments/gait_recognition/train_256_with_ce_full_10_no_fancy_sce_lrs_added_no_warmup/checkpoints/SetNet_115000.pt
2020-01-02 15:41:56,392 logger INFO: Iteration 115000
2020-01-02 15:41:56,393 logger INFO: Hard triplet loss value is 0.22825
2020-01-02 15:41:56,394 logger INFO: Full triplet loss value is 0.18614
2020-01-02 15:41:56,394 logger INFO: Number of positive full loss entries is 3242.95508
2020-01-02 15:41:56,395 logger INFO: Mean dist is 3.80879
2020-01-02 15:41:56,395 logger INFO: Current learning rate is 0.00000
2020-01-02 15:41:56,395 logger INFO: Current triplet loss type is full
2020-01-02 15:41:56,395 logger INFO: Current full triplet loss value is 0.17865
2020-01-02 15:41:56,395 logger INFO: Current cross-entropy loss is 1.03391
2020-01-02 15:41:56,404 logger INFO: Estimated time of finish is 1 hours 50 mins 43 secs.
2020-01-02 16:44:48,892 logger INFO: Iteration 117500
2020-01-02 16:44:48,893 logger INFO: Hard triplet loss value is 0.22768
2020-01-02 16:44:48,894 logger INFO: Full triplet loss value is 0.18571
2020-01-02 16:44:48,895 logger INFO: Number of positive full loss entries is 3238.66235
2020-01-02 16:44:48,895 logger INFO: Mean dist is 3.80804
2020-01-02 16:44:48,895 logger INFO: Current learning rate is 0.00000
2020-01-02 16:44:48,895 logger INFO: Current triplet loss type is full
2020-01-02 16:44:49,213 logger INFO: Current full triplet loss value is 0.17454
2020-01-02 16:44:49,214 logger INFO: Current cross-entropy loss is 1.01557
2020-01-02 16:44:49,223 logger INFO: Estimated time of finish is 0 hours 28 mins 52 secs.
2020-01-02 17:48:43,614 logger INFO: saving weight file of iteration 120000 into /home1/gmf/dzc/experiments/gait_recognition/train_256_with_ce_full_10_no_fancy_sce_lrs_added_no_warmup/checkpoints/SetNet_120000.pt
2020-01-02 17:48:43,980 logger INFO: Iteration 120000
2020-01-02 17:48:43,980 logger INFO: Hard triplet loss value is 0.22922
2020-01-02 17:48:43,981 logger INFO: Full triplet loss value is 0.18610
2020-01-02 17:48:43,982 logger INFO: Number of positive full loss entries is 3266.94556
2020-01-02 17:48:43,982 logger INFO: Mean dist is 3.80400
2020-01-02 17:48:43,982 logger INFO: Current learning rate is 0.00000
2020-01-02 17:48:43,982 logger INFO: Current triplet loss type is full
2020-01-02 17:48:43,982 logger INFO: Current full triplet loss value is 0.17433
2020-01-02 17:48:43,983 logger INFO: Current cross-entropy loss is 1.01955
2020-01-02 17:48:43,991 logger INFO: Estimated time of finish is 0 hours 24 mins 24 secs.
2020-01-02 18:47:20,979 logger INFO: Iteration 122500
2020-01-02 18:47:20,980 logger INFO: Hard triplet loss value is 0.22723
2020-01-02 18:47:20,981 logger INFO: Full triplet loss value is 0.18576
2020-01-02 18:47:20,981 logger INFO: Number of positive full loss entries is 3222.81128
2020-01-02 18:47:20,982 logger INFO: Mean dist is 3.80845
2020-01-02 18:47:20,982 logger INFO: Current learning rate is 0.00000
2020-01-02 18:47:20,982 logger INFO: Current triplet loss type is full
2020-01-02 18:47:21,293 logger INFO: Current full triplet loss value is 0.17801
2020-01-02 18:47:21,293 logger INFO: Current cross-entropy loss is 1.00762
2020-01-02 18:47:21,303 logger INFO: Estimated time of finish is 0 hours 49 mins 10 secs.
